 Thermodynamic Data File Name:
 thermo.inp                                                                     
                                          
 Case Input Data File Name:
 example_10.inp                                                                 
                                          
 Transport Data File Name:
 transport.inp                                                                  
                                          
1                                                        **  DATA CARDS  **

                                     1         2         3         4         5         6         7         8
                        CC  12345678901234567890123456789012345678901234567890123456789012345678901234567890


                            NEW                                                                             
                               N       +   O2       =   NO      +   O            6.4E+09  1.        6250.   
                               O       +   N2       =   NO      +   N            1.8E+14   0.        76250. 
                               N       +   O        =   NO      +   M           6.40E+16  -0.5      0.      
                               O       +   O        =   O2      +   M            5.7E+13   0.        -1788. 
                                        2.0N        =   N2      +   M           2.80E+17  -0.75     0.      
                               NO      +   O        =   NO2     +   M           5.62E+15   0.        -1160. 
                               M       +   N2O      =   N2      +   O           1.42E+14   0.        51280. 
                               O       +   N2O      =   N2      +   O2          6.23E+13   0.        24520. 
                               NO+     +   E        =   N       +   O           1.45E+21  -1.5      0.      
                               O+      +   E        =   O       +   M           2.00E+26  -2.5      0.      
                               O2      +   E        =   O2-     +   M           1.52E+21  -1.       1190.   
                               O2      +   O-       =   O2-     +   O           6.00E+12  0.        0.      
                                                            -  BLANK CARD  -
                            END                                                                             
                            DISTANCE  AREA                                                                  
                             &PROB   MF= 21, ITPSZ= 2, CX0= 1000.,  ALLM1 = F,                              
                               PSTAT= T,  DBUGO= T, EMAX= 1.E-3, ATOLSP=1.E-12,                             
                              PRINT = .02, .06, .10, .50, .70,  NPRNTS = 5   &END                           
                               N       +   O        =   NO      +   M       N2O      2.25                   
                               NO      +   O        =   NO2     +   M       N2       1.55                   
                               O+      +   E        =   O       +   M       N        0.03    O2       4.5   
                               SAME                                         NO       50.     O        0.03  
                               O2      +   E        =   O2-     +   M       N2       .00002                 
                                                            -  BLANK CARD  -
                             &START  P=1.6803, V=47002, T=4820.&END                                         
                            N2        .7905                                                                 
                            O2        .2095                                                                 
                            O2-       .000000001                                                            
                            END                                                                             
                            FINIS                                                                           
1



     *** THE FOLLOWING  3 ELEMENTS CONSIDERED FOR THIS PROBLEM ***

          E     N     O   



     *** THE FOLLOWING 12 REACTING SPECIES CONSIDERED FOR THIS PROBLEM ***

          N         O2        NO        O         N2        NO2       N2O       NO+       E         O+        O2-       O-      


     *** NO INERT SPECIES CONSIDERED FOR THIS PROBLEM ***






                    *** THERMODYNAMIC DATA AND MOLECULAR WEIGHT ***



    N                           MWT =      14.00670
   0.24370811E+01   0.13233886E-03  -0.90907754E-07   0.22864054E-10  -0.13762291E-14   0.56128586E+05   0.45211110E+01
   0.25000005E+01  -0.31078153E-08   0.83216099E-11  -0.94278282E-14   0.38108037E-17   0.56106977E+05   0.41806431E+01


    O2                          MWT =      31.99879
   0.36122139E+01   0.74853166E-03  -0.19820646E-06   0.33749007E-10  -0.23907374E-14  -0.11978151E+04   0.36703308E+01
   0.37837136E+01  -0.30233634E-02   0.99492754E-05  -0.98189101E-08   0.33031826E-11  -0.10638107E+04   0.36416345E+01


    NO                          MWT =      30.00610
   0.31486542E+01   0.14151823E-02  -0.57574880E-06   0.10738529E-09  -0.73900203E-14   0.99610625E+04   0.69670935E+01
   0.42484932E+01  -0.48661106E-02   0.11634155E-04  -0.99768496E-08   0.30483949E-11   0.98418047E+04   0.21434822E+01


    O                           MWT =      15.99940
   0.25342960E+01  -0.12478170E-04  -0.12562724E-07   0.69029860E-11  -0.63797098E-15   0.29231107E+05   0.49628592E+01
   0.30309401E+01  -0.22525853E-02   0.39824540E-05  -0.32604921E-08   0.10152035E-11   0.29136525E+05   0.26099341E+01


    N2                          MWT =      28.01340
   0.28532898E+01   0.16022128E-02  -0.62936891E-06   0.11441022E-09  -0.78057466E-14  -0.89008093E+03   0.63964896E+01
   0.37044177E+01  -0.14218753E-02   0.28670393E-05  -0.12028885E-08  -0.13954677E-13  -0.10640795E+04   0.22336285E+01


    NO2                         MWT =      46.00550
   0.45608468E+01   0.28067846E-02  -0.12387496E-05   0.26311570E-09  -0.19824815E-13   0.24359585E+04   0.16466891E+01
   0.35118804E+01   0.16557144E-02   0.82383958E-05  -0.11381848E-07   0.43480302E-11   0.29390818E+04   0.80948820E+01


    N2O                         MWT =      44.01280
   0.45880885E+01   0.31004590E-02  -0.12694424E-05   0.24067096E-09  -0.16925096E-13   0.81565674E+04  -0.93500918E+00
   0.23440037E+01   0.10658156E-01  -0.12001427E-04   0.78850517E-08  -0.22429331E-11   0.87332383E+04   0.10383250E+02


    NO+                         MWT =      30.00560
   0.28885489E+01   0.15217119E-02  -0.57531241E-06   0.10051081E-09  -0.66044294E-14   0.11819245E+06   0.70027199E+01
   0.36685057E+01  -0.11544580E-02   0.21755609E-05  -0.48227472E-09  -0.27847906E-12   0.11803369E+06   0.31779325E+01


    E                           MWT =       0.00055
   0.25000000E+01   0.00000000E+00   0.00000000E+00   0.00000000E+00   0.00000000E+00  -0.74537494E+03  -0.11734026E+02
   0.25000000E+01   0.00000000E+00   0.00000000E+00   0.00000000E+00   0.00000000E+00  -0.74537500E+03  -0.11734026E+02


    O+                          MWT =      15.99890
   0.25016589E+01  -0.59563417E-05   0.71194526E-08  -0.33646595E-11   0.54268099E-15   0.18793969E+06   0.43720398E+01
   0.25000005E+01  -0.31078073E-08   0.83215891E-11  -0.94278062E-14   0.38107959E-17   0.18794002E+06   0.43801150E+01


    O2-                         MWT =      31.99934
   0.38469903E+01   0.80305361E-03  -0.33130135E-06   0.64435304E-10  -0.43920636E-14  -0.71077329E+04   0.28575144E+01
   0.30097203E+01   0.22767824E-02   0.30933958E-06  -0.24110698E-08   0.11940133E-11  -0.68416792E+04   0.73726883E+01


    O-                          MWT =      15.99990
   0.25494971E+01  -0.56262532E-04   0.24902683E-07  -0.48702865E-11   0.35042004E-15   0.11493119E+05   0.44820552E+01
   0.29002545E+01  -0.16354106E-02   0.28202167E-05  -0.22688058E-08   0.69736252E-12   0.11426745E+05   0.28209918E+01
1              DISTANCE-AREA VERSION
+                                                 GENERAL CHEMICAL KINETICS PROGRAM           NASA LEWIS RESEARCH CENTER


                          NEW                                                                             


     REACTION                               REACTION                                          REACTION RATE VARIABLES
      NUMBER                                                                                  A                N         ACTIVATION
                                                                                                                            ENERGY
         1                         1*O2        =    1*NO                                  6.40000E+09         1.0000        6250.00
+                  1*N         +
+                                                               +    1*O       
         2                         1*N2        =    1*NO                                  1.80000E+14         0.0000       76250.00
+                  1*O         +
+                                                               +    1*N       
         3                         1*O         =    1*NO                                  6.40000E+16        -0.5000           0.00
+                  1*N         +
+                                                               +      M       
         4                         2*O         =    1*O2                                  5.70000E+13         0.0000       -1788.00
+                                                               +      M       
         5                         2*N         =    1*N2                                  2.80000E+17        -0.7500           0.00
+                                                               +      M       
         6                         1*O         =    1*NO2                                 5.62000E+15         0.0000       -1160.00
+                  1*NO        +
+                                                               +      M       
         7                         1*N2O       =    1*N2                                  1.42000E+14         0.0000       51280.00
+                    M         +
+                                                               +    1*O       
         8                         1*N2O       =    1*N2                                  6.23000E+13         0.0000       24520.00
+                  1*O         +
+                                                               +    1*O2      
         9                         1*E         =    1*N                                   1.45000E+21        -1.5000           0.00
+                  1*NO+       +
+                                                               +    1*O       
        10                         1*E         =    1*O                                   2.00000E+26        -2.5000           0.00
+                  1*O+        +
+                                                               +      M       
        11                         1*E         =    1*O2-                                 1.52000E+21        -1.0000        1190.00
+                  1*O2        +
+                                                               +      M       
        12                         1*O-        =    1*O2-                                 6.00000E+12         0.0000           0.00
+                  1*O2        +
+                                                               +    1*O       



                                         ALL THIRD BODY RATIOS ARE 1.0 EXCEPT THE FOLLOWING


     M(N2O     ,  3) =  2.25000
+                                    M(N2      ,  6) =  1.55000
+                                                                    M(N       , 10) =  0.03000
+                                                                                                    M(N2      , 11) =  0.00002
     M(O2      , 10) =  4.50000
+                                    M(NO      , 10) = 50.00000
+                                                                    M(O       , 10) =  0.03000



                                                        INTEGRATION CONTROLS

               MAXIMUM RELATIVE ERROR   1.00000E-03                    SPECIES ABSOLUTE ERROR   1.00000E-12
1                                                  ** ASSIGNED VARIABLE PROFILE **


                                        THE AREA IS CALCULATED FROM THE FOLLOWING POLYNOMIAL

                       AREA (CM**2) = ( 0.00000E+00)X**3 + ( 0.00000E+00)X**2 + ( 0.00000E+00)X + ( 1.00000E+03)



                                                  NUMBER OF REACTING SPECIES:   12

                                                     NUMBER OF INERT SPECIES:    0


                                        NUMBER OF SPECIES ODE'S REQUIRED FOR THIS CASE:   12

                                          TOTAL NUMBER OF ODE'S REQUIRED FOR THIS CASE:   15
1                                                    **  INITIAL CONDITIONS  **


                TIME   0.00000E+00  SEC              AREA   1.00000E+03  SQ CM              AXIAL POSITION   0.00000E+00  CM


                    FLOW PROPERTIES                                             INTEGRATION INDICATORS

                      PRESSURE                1.68030                             STEPS FROM LAST PRINT            0
                       (ATM)
                      VELOCITY            47002.00                                AVERAGE STEP SIZE             0.00000E+00
                       (CM/SEC)
                      DENSITY            1.22560E-04                              TOTAL NUMBER OF STEPS                 0
                       (GM/CM**3)
                      TEMPERATURE          4820.00
                       (DEG K)
                      MASS FLOW RATE     5.76058E+03
                       (GM/SEC)
                      ENTROPY                 2.3905                              FUNCT EVALUATIONS                     0
                       CAL/GM/DEG K)
                      MACH NUMBER             0.3535                              JACOBIAN EVALUATIONS                  0

                      GAMMA                   1.2726

                      ENTHALPY           1.35458E+03
                       (CAL/GM)


                                                        CHEMICAL PROPERTIES


 SPECIES    CONCENTRATION   MOLE FRACTION   NET SPECIES PRODUCTION  REACTION   RATE CONST   NET REACTION CONV RATE   NET RATE/POSI-
            (MOLES/CM**3)                    RATE (MOLE/CM**3/SEC)   NUMBER    CGS  UNITS   (MOLE-CM**3/GM**2/SEC)    TIVE DIR RATE
  N          0.00000E+00     0.00000E+00           1.57089E-05          1      1.6063E+13         0.00000E+00               0.00000
  O2         8.90047E-07     2.09500E-01          -2.28579E-02          2      6.2795E+10         0.00000E+00               0.00000
  NO         0.00000E+00     0.00000E+00           0.00000E+00          3      9.2184E+14         0.00000E+00               0.00000
  O          0.00000E+00     0.00000E+00           4.29830E-02          4      6.8698E+13        -1.33977E+06               1.00000
  N2         3.35839E-06     7.90500E-01          -2.74155E-03          5      4.8403E+14        -5.22899E+02               1.00000
  NO2        0.00000E+00     0.00000E+00           0.00000E+00          6      6.3436E+15         0.00000E+00               0.00000
  N2O        0.00000E+00     0.00000E+00           2.73369E-03          7      6.7164E+11         0.00000E+00               0.00000
  NO+        0.00000E+00     0.00000E+00           0.00000E+00          8      4.8161E+12        -1.81991E+05               1.00000
  E          0.00000E+00     0.00000E+00           4.38521E-07          9      4.3331E+15         0.00000E+00               0.00000
  O+         0.00000E+00     0.00000E+00           0.00000E+00         10      1.2400E+17         0.00000E+00               0.00000
  O2-        4.24843E-15     1.00000E-09          -4.38521E-07         11      2.7851E+17        -2.91938E+01               1.00000
  O-         0.00000E+00     0.00000E+00           0.00000E+00         12      6.0000E+12         0.00000E+00               0.00000

    DERIVATIVES (CGS UNITS): T           -0.14307E+04    RHO          0.28565E-04
+                                                                                     V           -0.10955E+05

    MIXTURE MOLECULAR WEIGHT     28.84834     TOTAL ENERGY EXCHANGE RATE    1.74083E+11       MASS FRACTION SUM    1.00000000
                                                 (CAL-CM**3/GM**2/SEC)
1            AA                  BB             D(AREA)/D(IVAR)        D2(AREA)/D(IVAR)2        (1/AREA)*D(AREA)/D(IVAR)-AA
        -0.20394E+00         0.30477E+00          0.00000E+00             0.00000E+00                   0.20394E+00
    N            0.27270E-05    N2O          0.47455E-03
    O2          -0.39680E-02    NO+          0.00000E+00
    NO           0.00000E+00    E            0.76124E-07
    O            0.74616E-02    O+           0.00000E+00
    N2          -0.47592E-03    O2-         -0.76124E-07
    NO2          0.00000E+00    O-           0.00000E+00

                                     OMEGA(I,J)   RATE OF PRODUCTION OF SPECIES I BY REACTION J

 SPECIES                                                       REACTION
                   1              2              3              4              5              6              7              8
                   9             10             11             12

  N           0.00000E+00    0.00000E+00    0.00000E+00    0.00000E+00    0.15709E-04    0.00000E+00    0.00000E+00    0.00000E+00
              0.00000E+00    0.00000E+00    0.00000E+00    0.00000E+00

  O2          0.00000E+00    0.00000E+00    0.00000E+00   -0.20125E-01    0.00000E+00    0.00000E+00    0.00000E+00   -0.27337E-02
              0.00000E+00    0.00000E+00    0.43852E-06    0.00000E+00

  NO          0.00000E+00    0.00000E+00    0.00000E+00    0.00000E+00    0.00000E+00    0.00000E+00    0.00000E+00    0.00000E+00
              0.00000E+00    0.00000E+00    0.00000E+00    0.00000E+00

  O           0.00000E+00    0.00000E+00    0.00000E+00    0.40249E-01    0.00000E+00    0.00000E+00    0.00000E+00    0.27337E-02
              0.00000E+00    0.00000E+00    0.00000E+00    0.00000E+00

  N2          0.00000E+00    0.00000E+00    0.00000E+00    0.00000E+00   -0.78545E-05    0.00000E+00    0.00000E+00   -0.27337E-02
              0.00000E+00    0.00000E+00    0.00000E+00    0.00000E+00

  NO2         0.00000E+00    0.00000E+00    0.00000E+00    0.00000E+00    0.00000E+00    0.00000E+00    0.00000E+00    0.00000E+00
              0.00000E+00    0.00000E+00    0.00000E+00    0.00000E+00

  N2O         0.00000E+00    0.00000E+00    0.00000E+00    0.00000E+00    0.00000E+00    0.00000E+00    0.00000E+00    0.27337E-02
              0.00000E+00    0.00000E+00    0.00000E+00    0.00000E+00

  NO+         0.00000E+00    0.00000E+00    0.00000E+00    0.00000E+00    0.00000E+00    0.00000E+00    0.00000E+00    0.00000E+00
              0.00000E+00    0.00000E+00    0.00000E+00    0.00000E+00

  E           0.00000E+00    0.00000E+00    0.00000E+00    0.00000E+00    0.00000E+00    0.00000E+00    0.00000E+00    0.00000E+00
              0.00000E+00    0.00000E+00    0.43852E-06    0.00000E+00

  O+          0.00000E+00    0.00000E+00    0.00000E+00    0.00000E+00    0.00000E+00    0.00000E+00    0.00000E+00    0.00000E+00
              0.00000E+00    0.00000E+00    0.00000E+00    0.00000E+00

  O2-         0.00000E+00    0.00000E+00    0.00000E+00    0.00000E+00    0.00000E+00    0.00000E+00    0.00000E+00    0.00000E+00
              0.00000E+00    0.00000E+00   -0.43852E-06    0.00000E+00

  O-          0.00000E+00    0.00000E+00    0.00000E+00    0.00000E+00    0.00000E+00    0.00000E+00    0.00000E+00    0.00000E+00
              0.00000E+00    0.00000E+00    0.00000E+00    0.00000E+00



                                   CPU TIME FOR INITIALIZATION OF GCKP86 =     0.000000 S


1
                TIME   4.26520E-07  SEC              AREA   1.00000E+03  SQ CM              AXIAL POSITION   2.00000E-02  CM


                    FLOW PROPERTIES                                             INTEGRATION INDICATORS

                      PRESSURE                1.68156                             STEPS FROM LAST PRINT           29
                       (ATM)
                      VELOCITY            46779.86                                AVERAGE STEP SIZE             0.78562E-03
                       (CM/SEC)
                      DENSITY            1.23142E-04                              TOTAL NUMBER OF STEPS                29
                       (GM/CM**3)
                      TEMPERATURE          4790.96
                       (DEG K)
                      MASS FLOW RATE     5.76058E+03
                       (GM/SEC)
                      ENTROPY                 2.3928                              FUNCT EVALUATIONS                    34
                       CAL/GM/DEG K)
                      MACH NUMBER             0.3524                              JACOBIAN EVALUATIONS                  8

                      GAMMA                   1.2734

                      ENTHALPY           1.35483E+03
                       (CAL/GM)


                                                        CHEMICAL PROPERTIES


 SPECIES    CONCENTRATION   MOLE FRACTION   NET SPECIES PRODUCTION  REACTION   RATE CONST   NET REACTION CONV RATE   NET RATE/POSI-
            (MOLES/CM**3)                    RATE (MOLE/CM**3/SEC)   NUMBER    CGS  UNITS   (MOLE-CM**3/GM**2/SEC)    TIVE DIR RATE
  N          2.17770E-10     5.09119E-05           5.79598E-04          1      1.5904E+13         2.01748E+05               0.99895
  O2         8.84266E-07     2.06730E-01          -2.42994E-02          2      5.9837E+10         2.38847E+05               0.99707
  NO         1.37013E-09     3.20320E-04           6.67800E-03          3      9.2463E+14        -2.09539E+02               0.99514
  O          1.79985E-08     4.20782E-03           4.12304E-02          4      6.8776E+13        -1.23671E+06               0.99999
  N2         3.37290E-06     7.88540E-01          -4.31922E-03          5      4.8623E+14        -4.56669E+02               0.99999
  NO2        1.10601E-15     2.58571E-10           8.04002E-09          6      6.3482E+15         5.30204E-01               0.00837
  N2O        6.45993E-10     1.51025E-04           6.90416E-04          7      6.5020E+11         1.18450E+05               0.99977
  NO+        3.43816E-16     8.03799E-11           2.56676E-09          8      4.7420E+12        -1.63980E+05               0.97831
  E          4.60213E-15     1.07592E-09           2.55659E-09          9      4.3725E+15        -1.69267E-01               1.00000
  O+         2.18567E-20     5.10981E-15           9.57031E-14         10      1.2588E+17        -6.31119E-06               1.00000
  O2-        9.82939E-18     2.29799E-12           9.11847E-12         11      2.7999E+17         6.77310E-04               0.00997
  O-         4.92590E-19     1.15161E-13           1.15227E-12         12      6.0000E+12        -7.59872E-05               0.30599

    DERIVATIVES (CGS UNITS): T           -0.14556E+04    RHO          0.29414E-04
+                                                                                     V           -0.11174E+05

    MIXTURE MOLECULAR WEIGHT     28.78909     TOTAL ENERGY EXCHANGE RATE    1.76737E+11       MASS FRACTION SUM    1.00000000
                                                 (CAL-CM**3/GM**2/SEC)
1            AA                  BB             D(AREA)/D(IVAR)        D2(AREA)/D(IVAR)2        (1/AREA)*D(AREA)/D(IVAR)-AA
        -0.20919E+00         0.31194E+00          0.00000E+00             0.00000E+00                   0.20919E+00
    N            0.10061E-03    N2O          0.11985E-03
    O2          -0.42182E-02    NO+          0.44557E-09
    NO           0.11593E-02    E            0.44381E-09
    O            0.71573E-02    O+           0.16613E-13
    N2          -0.74979E-03    O2-          0.15829E-11
    NO2          0.13957E-08    O-           0.20003E-12

                                     OMEGA(I,J)   RATE OF PRODUCTION OF SPECIES I BY REACTION J

 SPECIES                                                       REACTION
                   1              2              3              4              5              6              7              8
                   9             10             11             12

  N          -0.30593E-02    0.36219E-02    0.31775E-05    0.00000E+00    0.13850E-04    0.00000E+00    0.00000E+00    0.00000E+00
             -0.25668E-08    0.00000E+00    0.00000E+00    0.00000E+00

  O2         -0.30593E-02    0.00000E+00    0.00000E+00   -0.18754E-01    0.00000E+00    0.00000E+00    0.00000E+00   -0.24866E-02
              0.00000E+00    0.00000E+00   -0.10271E-10    0.11523E-11

  NO          0.30593E-02    0.36219E-02   -0.31775E-05    0.00000E+00    0.00000E+00   -0.80400E-08    0.00000E+00    0.00000E+00
              0.00000E+00    0.00000E+00    0.00000E+00    0.00000E+00

  O           0.30593E-02   -0.36219E-02    0.31775E-05    0.37507E-01    0.00000E+00   -0.80400E-08    0.17962E-02    0.24866E-02
             -0.25668E-08   -0.95703E-13    0.00000E+00   -0.11523E-11

  N2          0.00000E+00   -0.36219E-02    0.00000E+00    0.00000E+00   -0.69249E-05    0.00000E+00    0.17962E-02   -0.24866E-02
              0.00000E+00    0.00000E+00    0.00000E+00    0.00000E+00

  NO2         0.00000E+00    0.00000E+00    0.00000E+00    0.00000E+00    0.00000E+00    0.80400E-08    0.00000E+00    0.00000E+00
              0.00000E+00    0.00000E+00    0.00000E+00    0.00000E+00

  N2O         0.00000E+00    0.00000E+00    0.00000E+00    0.00000E+00    0.00000E+00    0.00000E+00   -0.17962E-02    0.24866E-02
              0.00000E+00    0.00000E+00    0.00000E+00    0.00000E+00

  NO+         0.00000E+00    0.00000E+00    0.00000E+00    0.00000E+00    0.00000E+00    0.00000E+00    0.00000E+00    0.00000E+00
              0.25668E-08    0.00000E+00    0.00000E+00    0.00000E+00

  E           0.00000E+00    0.00000E+00    0.00000E+00    0.00000E+00    0.00000E+00    0.00000E+00    0.00000E+00    0.00000E+00
              0.25668E-08    0.95703E-13   -0.10271E-10    0.00000E+00

  O+          0.00000E+00    0.00000E+00    0.00000E+00    0.00000E+00    0.00000E+00    0.00000E+00    0.00000E+00    0.00000E+00
              0.00000E+00    0.95703E-13    0.00000E+00    0.00000E+00

  O2-         0.00000E+00    0.00000E+00    0.00000E+00    0.00000E+00    0.00000E+00    0.00000E+00    0.00000E+00    0.00000E+00
              0.00000E+00    0.00000E+00    0.10271E-10   -0.11523E-11

  O-          0.00000E+00    0.00000E+00    0.00000E+00    0.00000E+00    0.00000E+00    0.00000E+00    0.00000E+00    0.00000E+00
              0.00000E+00    0.00000E+00    0.00000E+00    0.11523E-11




 __________________________________________________________________


     COMPUTER TIME (CPU) REQUIRED: FOR THIS STEP -  0.000000E+00  S     UP TO THIS TIME -  0.000000E+00  S


1
                TIME   1.28571E-06  SEC              AREA   1.00000E+03  SQ CM              AXIAL POSITION   6.00000E-02  CM


                    FLOW PROPERTIES                                             INTEGRATION INDICATORS

                      PRESSURE                1.68411                             STEPS FROM LAST PRINT            7
                       (ATM)
                      VELOCITY            46331.14                                AVERAGE STEP SIZE             0.57699E-02
                       (CM/SEC)
                      DENSITY            1.24335E-04                              TOTAL NUMBER OF STEPS                36
                       (GM/CM**3)
                      TEMPERATURE          4733.70
                       (DEG K)
                      MASS FLOW RATE     5.76058E+03
                       (GM/SEC)
                      ENTROPY                 2.3966                              FUNCT EVALUATIONS                    42
                       CAL/GM/DEG K)
                      MACH NUMBER             0.3503                              JACOBIAN EVALUATIONS                  9

                      GAMMA                   1.2749

                      ENTHALPY           1.35532E+03
                       (CAL/GM)


                                                        CHEMICAL PROPERTIES


 SPECIES    CONCENTRATION   MOLE FRACTION   NET SPECIES PRODUCTION  REACTION   RATE CONST   NET REACTION CONV RATE   NET RATE/POSI-
            (MOLES/CM**3)                    RATE (MOLE/CM**3/SEC)   NUMBER    CGS  UNITS   (MOLE-CM**3/GM**2/SEC)    TIVE DIR RATE
  N          6.57838E-10     1.51726E-04           4.30238E-04          1      1.5589E+13         5.72427E+05               0.99125
  O2         8.70521E-07     2.00780E-01          -2.70811E-02          2      5.4312E+10         5.97993E+05               0.96947
  NO         1.23952E-08     2.85887E-03           1.80694E-02          3      9.3021E+14        -1.57073E+03               0.99439
  O          5.16434E-08     1.19112E-02           3.61709E-02          4      6.8933E+13        -1.04986E+06               0.99995
  N2         3.39970E-06     7.84117E-01          -9.17159E-03          5      4.9063E+14        -3.47472E+02               0.99983
  NO2        3.12570E-14     7.20921E-09           7.25297E-08          6      6.3576E+15         4.69170E+00               0.00287
  N2O        7.88003E-10     1.81747E-04          -7.82606E-05          7      6.0918E+11         1.34554E+05               0.99943
  NO+        9.44038E-15     2.17736E-09           2.04846E-08          8      4.5965E+12        -1.29492E+05               0.91454
  E          1.37165E-14     3.16362E-09           2.04308E-08          9      4.4521E+15        -1.32508E+00               0.99997
  O+         1.55930E-19     3.59642E-14           1.99570E-13         10      1.2973E+17        -1.29095E-05               1.00000
  O2-        2.95437E-17     6.81405E-12           4.36264E-11         11      2.8294E+17         3.49742E-03               0.01710
  O-         4.40762E-18     1.01659E-12           1.04408E-11         12      6.0000E+12        -6.75381E-04               0.31202

    DERIVATIVES (CGS UNITS): T           -0.13985E+04    RHO          0.30086E-04
+                                                                                     V           -0.11211E+05

    MIXTURE MOLECULAR WEIGHT     28.67696     TOTAL ENERGY EXCHANGE RATE    1.67884E+11       MASS FRACTION SUM    1.00000000
                                                 (CAL-CM**3/GM**2/SEC)
1            AA                  BB             D(AREA)/D(IVAR)        D2(AREA)/D(IVAR)2        (1/AREA)*D(AREA)/D(IVAR)-AA
        -0.21229E+00         0.30359E+00          0.00000E+00             0.00000E+00                   0.21229E+00
    N            0.74687E-04    N2O         -0.13586E-04
    O2          -0.47011E-02    NO+          0.35560E-08
    NO           0.31367E-02    E            0.35467E-08
    O            0.62790E-02    O+           0.34644E-13
    N2          -0.15921E-02    O2-          0.75733E-11
    NO2          0.12591E-07    O-           0.18125E-11

                                     OMEGA(I,J)   RATE OF PRODUCTION OF SPECIES I BY REACTION J

 SPECIES                                                       REACTION
                   1              2              3              4              5              6              7              8
                   9             10             11             12

  N          -0.88492E-02    0.92445E-02    0.24282E-04    0.00000E+00    0.10743E-04    0.00000E+00    0.00000E+00    0.00000E+00
             -0.20485E-07    0.00000E+00    0.00000E+00    0.00000E+00

  O2         -0.88492E-02    0.00000E+00    0.00000E+00   -0.16230E-01    0.00000E+00    0.00000E+00    0.00000E+00   -0.20018E-02
              0.00000E+00    0.00000E+00   -0.54067E-10    0.10441E-10

  NO          0.88492E-02    0.92445E-02   -0.24282E-04    0.00000E+00    0.00000E+00   -0.72530E-07    0.00000E+00    0.00000E+00
              0.00000E+00    0.00000E+00    0.00000E+00    0.00000E+00

  O           0.88492E-02   -0.92445E-02    0.24282E-04    0.32460E-01    0.00000E+00   -0.72530E-07    0.20801E-02    0.20018E-02
             -0.20485E-07   -0.19957E-12    0.00000E+00   -0.10441E-10

  N2          0.00000E+00   -0.92445E-02    0.00000E+00    0.00000E+00   -0.53716E-05    0.00000E+00    0.20801E-02   -0.20018E-02
              0.00000E+00    0.00000E+00    0.00000E+00    0.00000E+00

  NO2         0.00000E+00    0.00000E+00    0.00000E+00    0.00000E+00    0.00000E+00    0.72530E-07    0.00000E+00    0.00000E+00
              0.00000E+00    0.00000E+00    0.00000E+00    0.00000E+00

  N2O         0.00000E+00    0.00000E+00    0.00000E+00    0.00000E+00    0.00000E+00    0.00000E+00   -0.20801E-02    0.20018E-02
              0.00000E+00    0.00000E+00    0.00000E+00    0.00000E+00

  NO+         0.00000E+00    0.00000E+00    0.00000E+00    0.00000E+00    0.00000E+00    0.00000E+00    0.00000E+00    0.00000E+00
              0.20485E-07    0.00000E+00    0.00000E+00    0.00000E+00

  E           0.00000E+00    0.00000E+00    0.00000E+00    0.00000E+00    0.00000E+00    0.00000E+00    0.00000E+00    0.00000E+00
              0.20485E-07    0.19957E-12   -0.54067E-10    0.00000E+00

  O+          0.00000E+00    0.00000E+00    0.00000E+00    0.00000E+00    0.00000E+00    0.00000E+00    0.00000E+00    0.00000E+00
              0.00000E+00    0.19957E-12    0.00000E+00    0.00000E+00

  O2-         0.00000E+00    0.00000E+00    0.00000E+00    0.00000E+00    0.00000E+00    0.00000E+00    0.00000E+00    0.00000E+00
              0.00000E+00    0.00000E+00    0.54067E-10   -0.10441E-10

  O-          0.00000E+00    0.00000E+00    0.00000E+00    0.00000E+00    0.00000E+00    0.00000E+00    0.00000E+00    0.00000E+00
              0.00000E+00    0.00000E+00    0.00000E+00    0.10441E-10




 __________________________________________________________________


     COMPUTER TIME (CPU) REQUIRED: FOR THIS STEP -  0.000000E+00  S     UP TO THIS TIME -  0.000000E+00  S


1
                TIME   2.15324E-06  SEC              AREA   1.00000E+03  SQ CM              AXIAL POSITION   1.00000E-01  CM


                    FLOW PROPERTIES                                             INTEGRATION INDICATORS

                      PRESSURE                1.68664                             STEPS FROM LAST PRINT            5
                       (ATM)
                      VELOCITY            45887.30                                AVERAGE STEP SIZE             0.91309E-02
                       (CM/SEC)
                      DENSITY            1.25538E-04                              TOTAL NUMBER OF STEPS                41
                       (GM/CM**3)
                      TEMPERATURE          4679.46
                       (DEG K)
                      MASS FLOW RATE     5.76058E+03
                       (GM/SEC)
                      ENTROPY                 2.3998                              FUNCT EVALUATIONS                    48
                       CAL/GM/DEG K)
                      MACH NUMBER             0.3481                              JACOBIAN EVALUATIONS                 10

                      GAMMA                   1.2763

                      ENTHALPY           1.35581E+03
                       (CAL/GM)


                                                        CHEMICAL PROPERTIES


 SPECIES    CONCENTRATION   MOLE FRACTION   NET SPECIES PRODUCTION  REACTION   RATE CONST   NET REACTION CONV RATE   NET RATE/POSI-
            (MOLES/CM**3)                    RATE (MOLE/CM**3/SEC)   NUMBER    CGS  UNITS   (MOLE-CM**3/GM**2/SEC)    TIVE DIR RATE
  N          9.76111E-10     2.22221E-04           2.90385E-04          1      1.5292E+13         7.90815E+05               0.97680
  O2         8.54753E-07     1.94592E-01          -2.81557E-02          2      4.9441E+10         8.05374E+05               0.92012
  NO         3.16217E-08     7.19898E-03           2.51027E-02          3      9.3558E+14        -3.33706E+03               0.99382
  O          8.15090E-08     1.85563E-02           3.13287E-02          4      6.9085E+13        -8.92170E+05               0.99986
  N2         3.42297E-06     7.79271E-01          -1.25764E-02          5      4.9489E+14        -2.66107E+02               0.99951
  NO2        1.36139E-13     3.09934E-08           1.68432E-07          6      6.3667E+15         1.06875E+01               0.00164
  N2O        6.98478E-10     1.59015E-04          -1.20254E-04          7      5.7188E+11         1.11215E+05               0.99893
  NO+        3.76951E-14     8.58163E-09           4.42785E-08          8      4.4597E+12        -1.03585E+05               0.86540
  E          4.19304E-14     9.54584E-09           4.41417E-08          9      4.5297E+15        -2.80961E+00               0.99984
  O+         3.52622E-19     8.02776E-14           2.41426E-13         10      1.3352E+17        -1.53192E-05               1.00000
  O2-        9.16952E-17     2.08753E-11           9.64290E-11         11      2.8580E+17         8.69473E-03               0.01380
  O-         2.49873E-17     5.68859E-12           4.05971E-11         12      6.0000E+12        -2.57601E-03               0.24058

    DERIVATIVES (CGS UNITS): T           -0.13107E+04    RHO          0.29903E-04
+                                                                                     V           -0.10931E+05

    MIXTURE MOLECULAR WEIGHT     28.57977     TOTAL ENERGY EXCHANGE RATE    1.55065E+11       MASS FRACTION SUM    1.00000000
                                                 (CAL-CM**3/GM**2/SEC)
1            AA                  BB             D(AREA)/D(IVAR)        D2(AREA)/D(IVAR)2        (1/AREA)*D(AREA)/D(IVAR)-AA
        -0.20934E+00         0.28807E+00          0.00000E+00             0.00000E+00                   0.20934E+00
    N            0.50409E-04    N2O         -0.20875E-04
    O2          -0.48877E-02    NO+          0.76865E-08
    NO           0.43577E-02    E            0.76627E-08
    O            0.54385E-02    O+           0.41910E-13
    N2          -0.21832E-02    O2-          0.16739E-10
    NO2          0.29239E-07    O-           0.70474E-11

                                     OMEGA(I,J)   RATE OF PRODUCTION OF SPECIES I BY REACTION J

 SPECIES                                                       REACTION
                   1              2              3              4              5              6              7              8
                   9             10             11             12

  N          -0.12463E-01    0.12692E-01    0.52591E-04    0.00000E+00    0.83875E-05    0.00000E+00    0.00000E+00    0.00000E+00
             -0.44278E-07    0.00000E+00    0.00000E+00    0.00000E+00

  O2         -0.12463E-01    0.00000E+00    0.00000E+00   -0.14060E-01    0.00000E+00    0.00000E+00    0.00000E+00   -0.16325E-02
              0.00000E+00    0.00000E+00   -0.13703E-09    0.40597E-10

  NO          0.12463E-01    0.12692E-01   -0.52591E-04    0.00000E+00    0.00000E+00   -0.16843E-06    0.00000E+00    0.00000E+00
              0.00000E+00    0.00000E+00    0.00000E+00    0.00000E+00

  O           0.12463E-01   -0.12692E-01    0.52591E-04    0.28121E-01    0.00000E+00   -0.16843E-06    0.17527E-02    0.16325E-02
             -0.44278E-07   -0.24143E-12    0.00000E+00   -0.40597E-10

  N2          0.00000E+00   -0.12692E-01    0.00000E+00    0.00000E+00   -0.41938E-05    0.00000E+00    0.17527E-02   -0.16325E-02
              0.00000E+00    0.00000E+00    0.00000E+00    0.00000E+00

  NO2         0.00000E+00    0.00000E+00    0.00000E+00    0.00000E+00    0.00000E+00    0.16843E-06    0.00000E+00    0.00000E+00
              0.00000E+00    0.00000E+00    0.00000E+00    0.00000E+00

  N2O         0.00000E+00    0.00000E+00    0.00000E+00    0.00000E+00    0.00000E+00    0.00000E+00   -0.17527E-02    0.16325E-02
              0.00000E+00    0.00000E+00    0.00000E+00    0.00000E+00

  NO+         0.00000E+00    0.00000E+00    0.00000E+00    0.00000E+00    0.00000E+00    0.00000E+00    0.00000E+00    0.00000E+00
              0.44278E-07    0.00000E+00    0.00000E+00    0.00000E+00

  E           0.00000E+00    0.00000E+00    0.00000E+00    0.00000E+00    0.00000E+00    0.00000E+00    0.00000E+00    0.00000E+00
              0.44278E-07    0.24143E-12   -0.13703E-09    0.00000E+00

  O+          0.00000E+00    0.00000E+00    0.00000E+00    0.00000E+00    0.00000E+00    0.00000E+00    0.00000E+00    0.00000E+00
              0.00000E+00    0.24143E-12    0.00000E+00    0.00000E+00

  O2-         0.00000E+00    0.00000E+00    0.00000E+00    0.00000E+00    0.00000E+00    0.00000E+00    0.00000E+00    0.00000E+00
              0.00000E+00    0.00000E+00    0.13703E-09   -0.40597E-10

  O-          0.00000E+00    0.00000E+00    0.00000E+00    0.00000E+00    0.00000E+00    0.00000E+00    0.00000E+00    0.00000E+00
              0.00000E+00    0.00000E+00    0.00000E+00    0.40597E-10




 __________________________________________________________________


     COMPUTER TIME (CPU) REQUIRED: FOR THIS STEP -  0.000000E+00  S     UP TO THIS TIME -  0.000000E+00  S


1
                TIME   1.12228E-05  SEC              AREA   1.00000E+03  SQ CM              AXIAL POSITION   5.00000E-01  CM


                    FLOW PROPERTIES                                             INTEGRATION INDICATORS

                      PRESSURE                1.70435                             STEPS FROM LAST PRINT           13
                       (ATM)
                      VELOCITY            42771.92                                AVERAGE STEP SIZE             0.30263E-01
                       (CM/SEC)
                      DENSITY            1.34682E-04                              TOTAL NUMBER OF STEPS                54
                       (GM/CM**3)
                      TEMPERATURE          4329.24
                       (DEG K)
                      MASS FLOW RATE     5.76059E+03
                       (GM/SEC)
                      ENTROPY                 2.4142                              FUNCT EVALUATIONS                    67
                       CAL/GM/DEG K)
                      MACH NUMBER             0.3332                              JACOBIAN EVALUATIONS                 13

                      GAMMA                   1.2850

                      ENTHALPY           1.35911E+03
                       (CAL/GM)


                                                        CHEMICAL PROPERTIES


 SPECIES    CONCENTRATION   MOLE FRACTION   NET SPECIES PRODUCTION  REACTION   RATE CONST   NET REACTION CONV RATE   NET RATE/POSI-
            (MOLES/CM**3)                    RATE (MOLE/CM**3/SEC)   NUMBER    CGS  UNITS   (MOLE-CM**3/GM**2/SEC)    TIVE DIR RATE
  N          1.49115E-09     3.10803E-04          -3.98032E-05          1      1.3399E+13         4.96305E+05               0.63149
  O2         7.13512E-07     1.48718E-01          -1.41977E-02          2      2.5468E+10         4.86263E+05               0.37917
  NO         2.71837E-07     5.66593E-02           1.76812E-02          3      9.7269E+14        -7.77512E+03               0.98748
  O          2.57030E-07     5.35730E-02           1.07321E-02          4      7.0168E+13        -2.64432E+05               0.99538
  N2         3.55362E-06     7.40687E-01          -8.80160E-03          5      5.2463E+14        -3.93735E+01               0.99222
  NO2        6.41958E-12     1.33804E-06           7.42657E-07          6      6.4313E+15         4.09423E+01               0.00024
  N2O        2.41151E-10     5.02635E-05          -1.95070E-05          7      3.6607E+11         2.30489E+04               0.98715
  NO+        9.88318E-13     2.05996E-07           1.16388E-07          8      3.6030E+12        -2.19735E+04               0.64090
  E          9.87189E-13     2.05761E-07           1.15414E-07          9      5.0904E+15        -6.41639E+00               0.95907
  O+         2.22408E-18     4.63568E-13           1.23549E-13         10      1.6218E+17        -6.81118E-06               0.99994
  O2-        2.23813E-15     4.66496E-10           2.74798E-10         11      3.0574E+17         5.36885E-02               0.00363
  O-         3.56227E-15     7.42488E-10           6.99064E-10         12      6.0000E+12        -3.85390E-02               0.04383

    DERIVATIVES (CGS UNITS): T           -0.54596E+03    RHO          0.15711E-04
+                                                                                     V           -0.49896E+04

    MIXTURE MOLECULAR WEIGHT     28.07185     TOTAL ENERGY EXCHANGE RATE    5.62302E+10       MASS FRACTION SUM    1.00000000
                                                 (CAL-CM**3/GM**2/SEC)
1            AA                  BB             D(AREA)/D(IVAR)        D2(AREA)/D(IVAR)2        (1/AREA)*D(AREA)/D(IVAR)-AA
        -0.10370E+00         0.12980E+00          0.00000E+00             0.00000E+00                   0.10370E+00
    N           -0.69096E-05    N2O         -0.33863E-05
    O2          -0.24646E-02    NO+          0.20204E-07
    NO           0.30693E-02    E            0.20035E-07
    O            0.18630E-02    O+           0.21447E-13
    N2          -0.15279E-02    O2-          0.47703E-10
    NO2          0.12892E-06    O-           0.12135E-09

                                     OMEGA(I,J)   RATE OF PRODUCTION OF SPECIES I BY REACTION J

 SPECIES                                                       REACTION
                   1              2              3              4              5              6              7              8
                   9             10             11             12

  N          -0.90025E-02    0.88204E-02    0.14103E-03    0.00000E+00    0.14284E-05    0.00000E+00    0.00000E+00    0.00000E+00
             -0.11639E-06    0.00000E+00    0.00000E+00    0.00000E+00

  O2         -0.90025E-02    0.00000E+00    0.00000E+00   -0.47966E-02    0.00000E+00    0.00000E+00    0.00000E+00   -0.39858E-03
              0.00000E+00    0.00000E+00   -0.97386E-09    0.69906E-09

  NO          0.90025E-02    0.88204E-02   -0.14103E-03    0.00000E+00    0.00000E+00   -0.74266E-06    0.00000E+00    0.00000E+00
              0.00000E+00    0.00000E+00    0.00000E+00    0.00000E+00

  O           0.90025E-02   -0.88204E-02    0.14103E-03    0.95931E-02    0.00000E+00   -0.74266E-06    0.41809E-03    0.39858E-03
             -0.11639E-06   -0.12355E-12    0.00000E+00   -0.69906E-09

  N2          0.00000E+00   -0.88204E-02    0.00000E+00    0.00000E+00   -0.71420E-06    0.00000E+00    0.41809E-03   -0.39858E-03
              0.00000E+00    0.00000E+00    0.00000E+00    0.00000E+00

  NO2         0.00000E+00    0.00000E+00    0.00000E+00    0.00000E+00    0.00000E+00    0.74266E-06    0.00000E+00    0.00000E+00
              0.00000E+00    0.00000E+00    0.00000E+00    0.00000E+00

  N2O         0.00000E+00    0.00000E+00    0.00000E+00    0.00000E+00    0.00000E+00    0.00000E+00   -0.41809E-03    0.39858E-03
              0.00000E+00    0.00000E+00    0.00000E+00    0.00000E+00

  NO+         0.00000E+00    0.00000E+00    0.00000E+00    0.00000E+00    0.00000E+00    0.00000E+00    0.00000E+00    0.00000E+00
              0.11639E-06    0.00000E+00    0.00000E+00    0.00000E+00

  E           0.00000E+00    0.00000E+00    0.00000E+00    0.00000E+00    0.00000E+00    0.00000E+00    0.00000E+00    0.00000E+00
              0.11639E-06    0.12355E-12   -0.97386E-09    0.00000E+00

  O+          0.00000E+00    0.00000E+00    0.00000E+00    0.00000E+00    0.00000E+00    0.00000E+00    0.00000E+00    0.00000E+00
              0.00000E+00    0.12355E-12    0.00000E+00    0.00000E+00

  O2-         0.00000E+00    0.00000E+00    0.00000E+00    0.00000E+00    0.00000E+00    0.00000E+00    0.00000E+00    0.00000E+00
              0.00000E+00    0.00000E+00    0.97386E-09   -0.69906E-09

  O-          0.00000E+00    0.00000E+00    0.00000E+00    0.00000E+00    0.00000E+00    0.00000E+00    0.00000E+00    0.00000E+00
              0.00000E+00    0.00000E+00    0.00000E+00    0.69906E-09




 __________________________________________________________________


     COMPUTER TIME (CPU) REQUIRED: FOR THIS STEP -  0.000000E+00  S     UP TO THIS TIME -  0.000000E+00  S


1
                TIME   1.59475E-05  SEC              AREA   1.00000E+03  SQ CM              AXIAL POSITION   7.00000E-01  CM


                    FLOW PROPERTIES                                             INTEGRATION INDICATORS

                      PRESSURE                1.70905                             STEPS FROM LAST PRINT           10
                       (ATM)
                      VELOCITY            41945.44                                AVERAGE STEP SIZE             0.22172E-01
                       (CM/SEC)
                      DENSITY            1.37335E-04                              TOTAL NUMBER OF STEPS                64
                       (GM/CM**3)
                      TEMPERATURE          4238.51
                       (DEG K)
                      MASS FLOW RATE     5.76057E+03
                       (GM/SEC)
                      ENTROPY                 2.4163                              FUNCT EVALUATIONS                    83
                       CAL/GM/DEG K)
                      MACH NUMBER             0.3292                              JACOBIAN EVALUATIONS                 16

                      GAMMA                   1.2873

                      ENTHALPY           1.35995E+03
                       (CAL/GM)


                                                        CHEMICAL PROPERTIES


 SPECIES    CONCENTRATION   MOLE FRACTION   NET SPECIES PRODUCTION  REACTION   RATE CONST   NET REACTION CONV RATE   NET RATE/POSI-
            (MOLES/CM**3)                    RATE (MOLE/CM**3/SEC)   NUMBER    CGS  UNITS   (MOLE-CM**3/GM**2/SEC)    TIVE DIR RATE
  N          1.44527E-09     2.94117E-04          -1.42836E-05          1      1.2916E+13         2.93751E+05               0.44136
  O2         6.72474E-07     1.36850E-01          -9.28620E-03          2      2.1067E+10         2.86200E+05               0.23365
  NO         3.44090E-07     7.00232E-02           1.08090E-02          3      9.8304E+14        -6.75382E+03               0.98353
  O          3.05445E-07     6.21590E-02           7.76928E-03          4      7.0481E+13        -1.84532E+05               0.99080
  N2         3.59029E-06     7.30634E-01          -5.38839E-03          5      5.3303E+14        -2.26980E+01               0.98738
  NO2        1.13273E-11     2.30514E-06           2.02211E-06          6      6.4498E+15         1.07212E+02               0.00043
  N2O        1.77912E-10     3.62056E-05          -1.00188E-05          7      3.2222E+11         1.46002E+04               0.97755
  NO+        1.54125E-12     3.13648E-07           1.06549E-07          8      3.3897E+12        -1.40690E+04               0.59025
  E          1.53502E-12     3.12381E-07           1.05408E-07          9      5.2547E+15        -5.64921E+00               0.89551
  O+         2.74411E-18     5.58434E-13           8.03856E-14         10      1.7100E+17        -4.26203E-06               0.99979
  O2-        3.47634E-15     7.07446E-10           2.28609E-10         11      3.1137E+17         6.04818E-02               0.00268
  O-         7.51298E-15     1.52891E-09           9.12130E-10         12      6.0000E+12        -4.83610E-02               0.02921

    DERIVATIVES (CGS UNITS): T           -0.37487E+03    RHO          0.11110E-04
+                                                                                     V           -0.33934E+04

    MIXTURE MOLECULAR WEIGHT     27.94805     TOTAL ENERGY EXCHANGE RATE    3.69386E+10       MASS FRACTION SUM    1.00000012
                                                 (CAL-CM**3/GM**2/SEC)
1            AA                  BB             D(AREA)/D(IVAR)        D2(AREA)/D(IVAR)2        (1/AREA)*D(AREA)/D(IVAR)-AA
        -0.72131E-01         0.90963E-01          0.00000E+00             0.00000E+00                   0.72131E-01
    N           -0.24795E-05    N2O         -0.17392E-05
    O2          -0.16120E-02    NO+          0.18496E-07
    NO           0.18764E-02    E            0.18298E-07
    O            0.13487E-02    O+           0.13954E-13
    N2          -0.93539E-03    O2-          0.39685E-10
    NO2          0.35103E-06    O-           0.15834E-09

                                     OMEGA(I,J)   RATE OF PRODUCTION OF SPECIES I BY REACTION J

 SPECIES                                                       REACTION
                   1              2              3              4              5              6              7              8
                   9             10             11             12

  N          -0.55404E-02    0.53980E-02    0.12738E-03    0.00000E+00    0.85621E-06    0.00000E+00    0.00000E+00    0.00000E+00
             -0.10655E-06    0.00000E+00    0.00000E+00    0.00000E+00

  O2         -0.55404E-02    0.00000E+00    0.00000E+00   -0.34804E-02    0.00000E+00    0.00000E+00    0.00000E+00   -0.26535E-03
              0.00000E+00    0.00000E+00   -0.11407E-08    0.91213E-09

  NO          0.55404E-02    0.53980E-02   -0.12738E-03    0.00000E+00    0.00000E+00   -0.20221E-05    0.00000E+00    0.00000E+00
              0.00000E+00    0.00000E+00    0.00000E+00    0.00000E+00

  O           0.55404E-02   -0.53980E-02    0.12738E-03    0.69609E-02    0.00000E+00   -0.20221E-05    0.27537E-03    0.26535E-03
             -0.10655E-06   -0.80386E-13    0.00000E+00   -0.91213E-09

  N2          0.00000E+00   -0.53980E-02    0.00000E+00    0.00000E+00   -0.42810E-06    0.00000E+00    0.27537E-03   -0.26535E-03
              0.00000E+00    0.00000E+00    0.00000E+00    0.00000E+00

  NO2         0.00000E+00    0.00000E+00    0.00000E+00    0.00000E+00    0.00000E+00    0.20221E-05    0.00000E+00    0.00000E+00
              0.00000E+00    0.00000E+00    0.00000E+00    0.00000E+00

  N2O         0.00000E+00    0.00000E+00    0.00000E+00    0.00000E+00    0.00000E+00    0.00000E+00   -0.27537E-03    0.26535E-03
              0.00000E+00    0.00000E+00    0.00000E+00    0.00000E+00

  NO+         0.00000E+00    0.00000E+00    0.00000E+00    0.00000E+00    0.00000E+00    0.00000E+00    0.00000E+00    0.00000E+00
              0.10655E-06    0.00000E+00    0.00000E+00    0.00000E+00

  E           0.00000E+00    0.00000E+00    0.00000E+00    0.00000E+00    0.00000E+00    0.00000E+00    0.00000E+00    0.00000E+00
              0.10655E-06    0.80386E-13   -0.11407E-08    0.00000E+00

  O+          0.00000E+00    0.00000E+00    0.00000E+00    0.00000E+00    0.00000E+00    0.00000E+00    0.00000E+00    0.00000E+00
              0.00000E+00    0.80386E-13    0.00000E+00    0.00000E+00

  O2-         0.00000E+00    0.00000E+00    0.00000E+00    0.00000E+00    0.00000E+00    0.00000E+00    0.00000E+00    0.00000E+00
              0.00000E+00    0.00000E+00    0.11407E-08   -0.91213E-09

  O-          0.00000E+00    0.00000E+00    0.00000E+00    0.00000E+00    0.00000E+00    0.00000E+00    0.00000E+00    0.00000E+00
              0.00000E+00    0.00000E+00    0.00000E+00    0.91213E-09




 __________________________________________________________________


     COMPUTER TIME (CPU) REQUIRED: FOR THIS STEP -  0.000000E+00  S     UP TO THIS TIME -  0.000000E+00  S


1
0(GCKP)     END OF THIS CASE



                                   TOTAL CPU TIME (INCLUDING I/O) REQUIRED =     0.000000 S



0(GCKP)     READ DATA FOR NEXT CASE
