 Thermodynamic Data File Name:
 thermo.inp                                                                     
                                          
 Case Input Data File Name:
 example_14.inp                                                                 
                                          
 Transport Data File Name:
 transport.inp                                                                  
                                          
1                                                        **  DATA CARDS  **

                                     1         2         3         4         5         6         7         8
                        CC  12345678901234567890123456789012345678901234567890123456789012345678901234567890


                            NEW                                                                             
                               HCO     +   O2       =   CO      +   HO2        6.023E+10   0.          0.   
                               HO2     +   CH2O     =   H2O2    +   HCO         1.14E+13   0.       11000.  
                               M       +   H2O2     =2.0OH                       1.7E+17   0.        46300. 
                               CH2O    +   OH       =   HCO     +   H2O        9.637E+13    0.        0.    
                               OH      +   H2O2     =   H2O     +   HO2         3.05E+12   0.           0.  
                                           H2O2     >   H2O2W                    1.05E+2   0.           0.  
                                           HO2      >   HO2W                     1.05E+1   0.           0.  
                               HO2     +   HO2      =   H2O2    +   O2          1.81E+12   0.            0. 
                               CO      +   OH       =   CO2     +   H          3.047E+11   0.          810. 
                               CO      +   HO2      =   CO2     +   OH         1.325E+14   0.        23000. 
                               CH2O    +   H        =   HCO     +   H2         1.205E+13   0.         3760. 
                               H       +   O2       =   OH      +   O          2.036E+14   0.        16500. 
                               H       +   O2       >   HO2     +   M          3.628E+15   0.            0. 
                               M       +   HO2      >   H       +   O2         8.432E+16   0.        50000. 
                               O       +   H2       =   OH      +   H            4.0E+13   0.       10200.  
                               CH2O    +   O        =   HCO     +   OH         6.023E+13   0.           0.  
                               H       +   H2O2     =   HO2     +   H2         4.156E+14  0.         11800. 
                               H       +   H2O2     =   H2O     +   OH         4.156E+14   0.        9000.  
                               O       +   H2O2     =   OH      +   HO2        6.023E+10    0.          0.  
                                           HCO      =   H       +   CO         5.012E-06   0.        26300. 
                               H2      +   OH       =   H2O     +   H          9.637E+13   0.        5200.  
                               CH2O    +   O2       =   HCO     +   HO2         4.52E+13   0.       41000.  
                               H       +   HO2      =2.0OH                     3.012E+12   0.           0.  
                               HO2     +   H        =   H2O     +   O          3.012E+13   0.           0.  
                               H       +   HO2      =   H2      +   O2         2.710E+13   0.          0.   
                                                            -  BLANK CARD  -
                            N2                                                                              
                            TIME      PRESSURE                                                              
                             &PROB ITPSZ=2, ATOLSP=1.E-08, EMAX=1.E-06, PSTAT=T,                            
                              CX0=0.92, PRINT= 1.E-03, 2.E-03, 3.E-03, 4.E-03, 5.E-03,                      
                                NPRNTS=5, TCON=T, EXCHR=T, SENCAL=T,   &END                                 
                             &START T=952., P=0.92,   &END                                                  
                            CH2O      0.01                                                                  
                            CO        0.40                                                                  
                            O2        0.18                                                                  
                            N2        0.41                                                                  
                            END                                                                             
                            REAC                                                                            
                             &SENRXN ALLRXN=T,SENSAJ=T  &END                                                
                            SENSVAR                                                                         
                            ALLSP     END                                                                   
                            INIT                                                                            
                            ALLSP     END                                                                   
                            FINIS                                                                           
1



     *** THE FOLLOWING  4 ELEMENTS CONSIDERED FOR THIS PROBLEM ***

          C     H     O     N   



     *** THE FOLLOWING 14 REACTING SPECIES CONSIDERED FOR THIS PROBLEM ***

          HCO       O2        CO        HO2       CH2O      H2O2      OH        H2O       H2O2W     HO2W      CO2       H       
          H2        O       



     *** THE FOLLOWING  1 INERT SPECIES CONSIDERED FOR THIS PROBLEM ***

          N2      



                    *** THERMODYNAMIC DATA AND MOLECULAR WEIGHT ***



    HCO                         MWT =      29.01830
   0.34738348E+01   0.34370227E-02  -0.13632664E-05   0.24928645E-09  -0.17044331E-13   0.39594004E+04   0.60453339E+01
   0.38840191E+01  -0.82974450E-03   0.77900813E-05  -0.70616961E-08   0.19971730E-11   0.40563860E+04   0.48354135E+01


    O2                          MWT =      31.99879
   0.36122139E+01   0.74853166E-03  -0.19820646E-06   0.33749007E-10  -0.23907374E-14  -0.11978151E+04   0.36703308E+01
   0.37837136E+01  -0.30233634E-02   0.99492754E-05  -0.98189101E-08   0.33031826E-11  -0.10638107E+04   0.36416345E+01


    CO                          MWT =      28.01040
   0.29840696E+01   0.14891390E-02  -0.57899683E-06   0.10364577E-09  -0.69353550E-14  -0.14245228E+05   0.63479156E+01
   0.37100928E+01  -0.16190964E-02   0.36923593E-05  -0.20319675E-08   0.23953344E-12  -0.14356310E+05   0.29555352E+01


    HO2                         MWT =      33.00669
   0.40173059E+01   0.22175882E-02  -0.57710173E-06   0.71372880E-10  -0.36458589E-14  -0.11412445E+04   0.37846050E+01
   0.35964103E+01   0.52500749E-03   0.75118346E-05  -0.95674952E-08   0.36597626E-11  -0.89333502E+03   0.66372671E+01


    CH2O                        MWT =      30.02620
   0.28364248E+01   0.68605300E-02  -0.26882647E-05   0.47971260E-09  -0.32118405E-13  -0.15236031E+05   0.78531170E+01
   0.37963784E+01  -0.25701786E-02   0.18548815E-04  -0.17869176E-07   0.55504451E-11  -0.15088947E+05   0.47548165E+01


    H2O2                        MWT =      34.01460
   0.47928858E+01   0.36300865E-02  -0.11136435E-05   0.14868513E-09  -0.68958511E-14  -0.18132195E+05  -0.51306415E+00
   0.34546633E+01   0.55575930E-02   0.92103738E-06  -0.46279780E-08   0.21458200E-11  -0.17672328E+05   0.68402452E+01


    OH                          MWT =      17.00730
   0.28897815E+01   0.10005879E-02  -0.22048808E-06   0.20191288E-10  -0.39409830E-15   0.38857041E+04   0.55566425E+01
   0.38737299E+01  -0.13393773E-02   0.16348351E-05  -0.52133636E-09   0.41826975E-13   0.35802349E+04   0.34202406E+00


    H2O                         MWT =      18.01520
   0.26340654E+01   0.31121899E-02  -0.90278451E-06   0.12673054E-09  -0.69164734E-14  -0.29876258E+05   0.70823874E+01
   0.41675563E+01  -0.18106868E-02   0.59450877E-05  -0.48670872E-08   0.15284144E-11  -0.30289547E+05  -0.73087996E+00


    H2O2W                       MWT =      34.01460
   0.47928858E+01   0.36300865E-02  -0.11136435E-05   0.14868513E-09  -0.68958511E-14  -0.18132195E+05  -0.51306415E+00
   0.34546633E+01   0.55575930E-02   0.92103738E-06  -0.46279780E-08   0.21458200E-11  -0.17672328E+05   0.68402452E+01


    HO2W                        MWT =      33.00669
   0.40173059E+01   0.22175882E-02  -0.57710173E-06   0.71372880E-10  -0.36458589E-14  -0.11412445E+04   0.37846050E+01
   0.35964103E+01   0.52500749E-03   0.75118346E-05  -0.95674952E-08   0.36597626E-11  -0.89333502E+03   0.66372671E+01


    CO2                         MWT =      44.00979
   0.44608040E+01   0.30981719E-02  -0.12392571E-05   0.22741325E-09  -0.15525955E-13  -0.48961441E+05  -0.98635983E+00
   0.24007797E+01   0.87350961E-02  -0.66070879E-05   0.20021862E-08   0.63274039E-15  -0.48377527E+05   0.96951456E+01


    H                           MWT =       1.00797
   0.25000000E+01   0.00000000E+00   0.00000000E+00   0.00000000E+00   0.00000000E+00   0.25474391E+05  -0.45989841E+00
   0.25000000E+01   0.00000000E+00   0.00000000E+00   0.00000000E+00   0.00000000E+00   0.25474391E+05  -0.45989841E+00


    H2                          MWT =       2.01580
   0.30558124E+01   0.59740403E-03  -0.16747471E-08  -0.21247544E-10   0.25195486E-14  -0.86168475E+03  -0.17207073E+01
   0.29432328E+01   0.34815508E-02  -0.77713821E-05   0.74997493E-08  -0.25203379E-11  -0.97695410E+03  -0.18186136E+01


    O                           MWT =      15.99940
   0.25342960E+01  -0.12478170E-04  -0.12562724E-07   0.69029860E-11  -0.63797098E-15   0.29231107E+05   0.49628592E+01
   0.30309401E+01  -0.22525853E-02   0.39824540E-05  -0.32604921E-08   0.10152035E-11   0.29136525E+05   0.26099341E+01


    N2                          MWT =      28.01340
   0.28532898E+01   0.16022128E-02  -0.62936891E-06   0.11441022E-09  -0.78057466E-14  -0.89008093E+03   0.63964896E+01
   0.37044177E+01  -0.14218753E-02   0.28670393E-05  -0.12028885E-08  -0.13954677E-13  -0.10640795E+04   0.22336285E+01


0(SENSIN)     **** SENSITIVITY OF ALL INERT SPECIES REQUESTED BUT ALL THESE COEFFICIENTS ARE ZERO ****


1              TIME-PRESSURE VERSION
+                                                 GENERAL CHEMICAL KINETICS PROGRAM           NASA LEWIS RESEARCH CENTER


                          NEW                                                                             


     REACTION                               REACTION                                          REACTION RATE VARIABLES
      NUMBER                                                                                  A                N         ACTIVATION
                                                                                                                            ENERGY
         1                         1*O2        =    1*CO                                  6.02300E+10         0.0000           0.00
+                  1*HCO       +
+                                                               +    1*HO2     
         2                         1*CH2O      =    1*H2O2                                1.14000E+13         0.0000       11000.00
+                  1*HO2       +
+                                                               +    1*HCO     
         3                         1*H2O2      =    2*OH                                  1.70000E+17         0.0000       46300.00
+                    M         +
         4                         1*OH        =    1*HCO                                 9.63700E+13         0.0000           0.00
+                  1*CH2O      +
+                                                               +    1*H2O     
         5                         1*H2O2      =    1*H2O                                 3.05000E+12         0.0000           0.00
+                  1*OH        +
+                                                               +    1*HO2     
         6                         1*H2O2      >    1*H2O2W                               1.05000E+02         0.0000           0.00
         7                         1*HO2       >    1*HO2W                                1.05000E+01         0.0000           0.00
         8                         2*HO2       =    1*H2O2                                1.81000E+12         0.0000           0.00
+                                                               +    1*O2      
         9                         1*OH        =    1*CO2                                 3.04700E+11         0.0000         810.00
+                  1*CO        +
+                                                               +    1*H       
        10                         1*HO2       =    1*CO2                                 1.32500E+14         0.0000       23000.00
+                  1*CO        +
+                                                               +    1*OH      
        11                         1*H         =    1*HCO                                 1.20500E+13         0.0000        3760.00
+                  1*CH2O      +
+                                                               +    1*H2      
        12                         1*O2        =    1*OH                                  2.03600E+14         0.0000       16500.00
+                  1*H         +
+                                                               +    1*O       
        13                         1*O2        >    1*HO2                                 3.62800E+15         0.0000           0.00
+                  1*H         +
+                                                               +      M       
        14                         1*HO2       >    1*H                                   8.43200E+16         0.0000       50000.00
+                    M         +
+                                                               +    1*O2      
        15                         1*H2        =    1*OH                                  4.00000E+13         0.0000       10200.00
+                  1*O         +
+                                                               +    1*H       
        16                         1*O         =    1*HCO                                 6.02300E+13         0.0000           0.00
+                  1*CH2O      +
+                                                               +    1*OH      
        17                         1*H2O2      =    1*HO2                                 4.15600E+14         0.0000       11800.00
+                  1*H         +
+                                                               +    1*H2      
        18                         1*H2O2      =    1*H2O                                 4.15600E+14         0.0000        9000.00
+                  1*H         +
+                                                               +    1*OH      
        19                         1*H2O2      =    1*OH                                  6.02300E+10         0.0000           0.00
+                  1*O         +
+                                                               +    1*HO2     
        20                         1*HCO       =    1*H                                   5.01200E-06         0.0000       26300.00
+                                                               +    1*CO      
        21                         1*OH        =    1*H2O                                 9.63700E+13         0.0000        5200.00
+                  1*H2        +
+                                                               +    1*H       
        22                         1*O2        =    1*HCO                                 4.52000E+13         0.0000       41000.00
+                  1*CH2O      +
+                                                               +    1*HO2     
        23                         1*HO2       =    2*OH                                  3.01200E+12         0.0000           0.00
+                  1*H         +
        24                         1*H         =    1*H2O                                 3.01200E+13         0.0000           0.00
+                  1*HO2       +
+                                                               +    1*O       
        25                         1*HO2       =    1*H2                                  2.71000E+13         0.0000           0.00
+                  1*H         +
+                                                               +    1*O2      



                                                   ALL THIRD BODY RATIOS ARE 1.0



                                                        INTEGRATION CONTROLS

               MAXIMUM RELATIVE ERROR   1.00000E-06                    SPECIES ABSOLUTE ERROR   1.00000E-08
1                                                  ** ASSIGNED VARIABLE PROFILE **


                                      THE PRESSURE IS CALCULATED FROM THE FOLLOWING POLYNOMIAL

                    PRESSURE (ATM     ) = ( 0.00000E+00)T**3 + ( 0.00000E+00)T**2 + ( 0.00000E+00)T + ( 9.20000E-01)



                                         THE PRESSURE WILL BE HELD CONSTANT FOR THIS CASE



                                        THE TEMPERATURE WILL BE HELD CONSTANT FOR THIS CASE



                                                  NUMBER OF REACTING SPECIES:   14

                                                     NUMBER OF INERT SPECIES:    1


                                        NUMBER OF SPECIES ODE'S REQUIRED FOR THIS CASE:   15

                                          TOTAL NUMBER OF ODE'S REQUIRED FOR THIS CASE:   16




                                             **** SENSITIVITY ANALYSIS REQUIRED ****



                              *** SENSITIVITY OF FOLLOWING  14 VARIABLES WILL BE CALCULATED ***

  HCO       O2        CO        HO2       CH2O      H2O2      OH        H2O       H2O2W     HO2W      CO2       H         H2      
  O       



                         *** SENSITIVITY WRT INITIAL VALUES OF FOLLOWING  15 VARIABLES REQUIRED ***

  HCO       O2        CO        HO2       CH2O      H2O2      OH        H2O       H2O2W     HO2W      CO2       H         H2      
  O         N2      



          *** CONSTANT TEMPERATURE CASE SO SENSITIVITY COEFFICIENTS WRT ONLY PREEXPONENTIAL FACTORS WILL BE CALCULATED ***


                    ** SENSITIVITY COEFFICIENTS WRT RATE CONSTANT PARAMETERS REQUIRED FOR FOLLOWING   25  REACTIONS **

    1    2    3    4    5    6    7    8    9   10   11   12   13   14   15   16   17   18   19   20   21   22   23   24   25
1                                                    **  INITIAL CONDITIONS  **


                TIME   0.00000E+00  SEC              AREA   0.00000E+00  SQ CM              AXIAL POSITION   0.00000E+00  CM


                    FLOW PROPERTIES                                             INTEGRATION INDICATORS

                      PRESSURE                0.92000                             STEPS FROM LAST PRINT            0
                       (ATM)
                      VELOCITY                0.00                                AVERAGE STEP SIZE             0.00000E+00
                       (CM/SEC)
                      DENSITY            3.38589E-04                              TOTAL NUMBER OF STEPS                 0
                       (GM/CM**3)
                      TEMPERATURE           952.00
                       (DEG K)
                      MASS FLOW RATE     0.00000E+00
                       (GM/SEC)
                      ENTROPY                 2.0112                              FUNCT EVALUATIONS                     0
                       CAL/GM/DEG K)
                      MACH NUMBER             0.0000                              JACOBIAN EVALUATIONS                  0

                      GAMMA                   1.3328

                      ENTHALPY          -2.08371E+02
                       (CAL/GM)


                                                        CHEMICAL PROPERTIES


 SPECIES    CONCENTRATION   MOLE FRACTION   NET SPECIES PRODUCTION  REACTION   RATE CONST  NET ENERGY EXCHANGE RATE  NET RATE/POSI-
            (MOLES/CM**3)                    RATE (MOLE/CM**3/SEC)   NUMBER    CGS  UNITS    (CAL-CM**3/GM**2/SEC)    TIVE DIR RATE
  HCO        0.00000E+00     0.00000E+00           4.36675E-09          1      6.0230E+10         0.00000E+00               0.00000
  O2         2.11989E-06     1.80000E-01          -4.36675E-09          2      3.4013E+10         0.00000E+00               0.00000
  CO         4.71086E-06     4.00000E-01           0.00000E+00          3      3.9939E+06         0.00000E+00               0.00000
  HO2        0.00000E+00     0.00000E+00           4.36675E-09          4      9.6370E+13         0.00000E+00               0.00000
  CH2O       1.17771E-07     1.00000E-02          -4.36675E-09          5      3.0500E+12         0.00000E+00               0.00000
  H2O2       0.00000E+00     0.00000E+00           0.00000E+00          6      1.0500E+02         0.00000E+00               0.00000
  OH         0.00000E+00     0.00000E+00           0.00000E+00          7      1.0500E+01         0.00000E+00               0.00000
  H2O        0.00000E+00     0.00000E+00           0.00000E+00          8      1.8100E+12         0.00000E+00               0.00000
  H2O2W      0.00000E+00     0.00000E+00           0.00000E+00          9      1.9857E+11         0.00000E+00               0.00000
  HO2W       0.00000E+00     0.00000E+00           0.00000E+00         10      6.9523E+08         0.00000E+00               0.00000
  CO2        0.00000E+00     0.00000E+00           0.00000E+00         11      1.6512E+12         0.00000E+00               0.00000
  H          0.00000E+00     0.00000E+00           0.00000E+00         12      3.3181E+10         0.00000E+00               0.00000
  H2         0.00000E+00     0.00000E+00           0.00000E+00         13      3.6280E+15         0.00000E+00               0.00000
  O          0.00000E+00     0.00000E+00           0.00000E+00         14      2.8020E+05         0.00000E+00               0.00000
  N2         4.82863E-06     4.10000E-01           0.00000E+00         15      1.8216E+11         0.00000E+00               0.00000
                                                                       16      6.0230E+13         0.00000E+00               0.00000
                                                                       17      8.1238E+11         0.00000E+00               0.00000
                                                                       18      3.5691E+12         0.00000E+00               0.00000
                                                                       19      6.0230E+10         0.00000E+00               0.00000
                                                                       20      4.5956E-12         0.00000E+00               0.00000
                                                                       21      6.1685E+12         0.00000E+00               0.00000
                                                                       22      1.7491E+04         1.47029E+03               1.00000
                                                                       23      3.0120E+12         0.00000E+00               0.00000
                                                                       24      3.0120E+13         0.00000E+00               0.00000
                                                                       25      2.7100E+13         0.00000E+00               0.00000

    DERIVATIVES (CGS UNITS): T            0.00000E+00    RHO          0.64516E-06

    MIXTURE MOLECULAR WEIGHT     28.74970     TOTAL ENERGY EXCHANGE RATE    1.47029E+03       MASS FRACTION SUM    1.00000000
                                                 (CAL-CM**3/GM**2/SEC)



                                   CPU TIME FOR INITIALIZATION OF GCKP86 =     0.000000 S


1
                TIME   1.00000E-03  SEC              AREA   0.00000E+00  SQ CM              AXIAL POSITION   0.00000E+00  CM


                    FLOW PROPERTIES                                             INTEGRATION INDICATORS

                      PRESSURE                0.92000                             STEPS FROM LAST PRINT            6
                       (ATM)
                      VELOCITY                0.00                                AVERAGE STEP SIZE             0.17709E-03
                       (CM/SEC)
                      DENSITY            3.38580E-04                              TOTAL NUMBER OF STEPS                 6
                       (GM/CM**3)
                      TEMPERATURE           952.00
                       (DEG K)
                      MASS FLOW RATE     0.00000E+00
                       (GM/SEC)
                      ENTROPY                 2.0113                              FUNCT EVALUATIONS                     7
                       CAL/GM/DEG K)
                      MACH NUMBER             0.0000                              JACOBIAN EVALUATIONS                  3

                      GAMMA                   1.3328

                      ENTHALPY          -2.08379E+02
                       (CAL/GM)


                                                        CHEMICAL PROPERTIES


 SPECIES    CONCENTRATION   MOLE FRACTION   NET SPECIES PRODUCTION  REACTION   RATE CONST  NET ENERGY EXCHANGE RATE  NET RATE/POSI-
            (MOLES/CM**3)                    RATE (MOLE/CM**3/SEC)   NUMBER    CGS  UNITS    (CAL-CM**3/GM**2/SEC)    TIVE DIR RATE
  HCO        5.67735E-13     4.82078E-08           5.84444E-10          1      6.0230E+10        -2.29628E+04               1.00000
  O2         2.11978E-06     1.79996E-01          -7.78098E-08          2      3.4013E+10         1.60680E+03               0.99998
  CO         4.71075E-06     4.00002E-01           3.99941E-08          3      3.9939E+06         3.67144E+02               1.00000
  HO2        9.16176E-12     7.77948E-07           1.03843E-08          4      9.6370E+13        -7.63103E+03               1.00000
  CH2O       1.17729E-07     9.99670E-03          -7.30698E-08          5      3.0500E+12        -4.20415E-02               0.99994
  H2O2       1.74713E-11     1.48353E-06           3.41697E-08          6      1.0500E+02         0.00000E+00               1.00000
  OH         2.65771E-15     2.25673E-10           3.05839E-12          7      1.0500E+01         0.00000E+00               1.00000
  H2O        1.50558E-11     1.27843E-06           3.01558E-08          8      1.8100E+12        -4.12642E+01               0.92722
  H2O2W      7.49641E-13     6.36540E-08           1.83448E-09          9      1.9857E+11        -5.38858E+02               1.00000
  HO2W       4.85144E-14     4.11948E-09           9.61984E-11         10      6.9523E+08        -1.53940E+04               1.00000
  CO2        1.63733E-11     1.39030E-06           3.24912E-08         11      1.6512E+12        -1.67306E+02               1.00000
  H          7.04632E-15     5.98321E-10           8.32740E-12         12      3.3181E+10         7.24979E+01               1.00000
  H2         6.83362E-13     5.80261E-08           1.37163E-09         13      3.6280E+15        -2.87279E+02               1.00000
  O          7.01584E-17     5.95733E-12           7.45633E-14         14      2.8020E+05         1.36093E+01               1.00000
  N2         4.82850E-06     4.10000E-01           0.00000E+00         15      1.8216E+11         7.49927E-08               0.52739
                                                                       16      6.0230E+13        -5.26623E+01               1.00000
                                                                       17      8.1238E+11        -1.65847E-02               0.99934
                                                                       18      3.5691E+12        -2.60629E-01               1.00000
                                                                       19      6.0230E+10        -1.10453E-05               0.99969
                                                                       20      4.5956E-12         3.47868E-13               0.99981
                                                                       21      6.1685E+12        -1.33271E-03               0.90853
                                                                       22      1.7491E+04         1.46928E+03               0.99966
                                                                       23      3.0120E+12        -5.76139E-02               1.00000
                                                                       24      3.0120E+13        -8.62395E-01               1.00000
                                                                       25      2.7100E+13        -8.02732E-01               0.99995

    DERIVATIVES (CGS UNITS): T            0.00000E+00    RHO         -0.18819E-04

    MIXTURE MOLECULAR WEIGHT     28.74970     TOTAL ENERGY EXCHANGE RATE   -4.35480E+04       MASS FRACTION SUM    1.00000000
                                                 (CAL-CM**3/GM**2/SEC)




 __________________________________________________________________


     COMPUTER TIME (CPU) REQUIRED: FOR THIS STEP -  0.000000E+00  S     UP TO THIS TIME -  0.000000E+00  S


1
                                             ***** SENSITIVITY CALCULATIONS *****

                                                     TIME =   1.00000D-03

                         SENSITIVITY COEFFICIENTS OF  0-ORDER TIME DERIVATIVE OF DEPENDENT VARIABLES



 **** SENSITIVITY TO INITIAL CONDITIONS ****

          DZ(I)/DYZERO(J)*F(J)/Z(I), WHERE Z(I)= 0-ORDER TIME DERIV. OF Y(I)
                                           F(J)= YZERO(J) FOR YZERO(J) NOT EQUAL TO 0
                                               = 1.0E-4/(INITIAL MWT)  FOR YZERO(J) = 0


 IVAR NAME    HCO        O2         CO         HO2        CH2O       H2O2       OH         H2O        H2O2W      HO2W       CO2     
 
 HCO         1.294D+02 -4.924D-03  1.265D-03  1.528D+02 -7.821D-02  2.623D+02  1.586D+02  2.684D+02  3.271D+02  2.658D+02  2.660D+02
 O2          1.009D-01  1.000D+00  5.130D-06  1.094D+00 -3.575D-04  1.089D+00  1.119D+00  1.113D+00  1.087D+00  1.089D+00  1.091D+00
 CO          5.142D-01 -8.901D-06  1.000D+00  9.761D-02 -1.528D-04  6.402D-02  1.014D+00  9.932D-01  5.228D-02  7.040D-02  1.140D+00
 HO2         1.474D+02 -4.405D-03  1.022D-03  1.522D+02 -7.895D-02  2.646D+02  1.581D+02  2.710D+02  3.322D+02  2.682D+02  2.684D+02
 CH2O        1.471D+00 -2.793D-05  8.668D-06  9.507D-01  9.999D-01  1.950D+00  3.376D-02  1.024D+00  1.951D+00  9.508D-01  8.806D-01
 H2O2        1.270D+01 -2.495D-04  6.590D-05  1.208D+01 -4.472D-03  7.018D+01  1.510D+01  1.876D+01  1.650D+02  1.226D+01  1.276D+01
 OH          1.333D+02 -5.085D-03  1.279D-03  1.575D+02 -9.073D-02  2.703D+02  1.623D+02  3.512D+02  3.371D+02  2.739D+02  2.798D+02
 H2O         5.193D-06 -6.074D-11  1.515D-11  4.410D-06 -1.095D-09  1.202D-06  1.034D-05  7.822D+01  7.540D-07  2.951D-06  3.338D-06
 H2O2W       6.812D-06 -9.139D-11  2.125D-11  6.012D-06 -1.506D-09  2.465D-06  1.026D-05  7.612D-06  1.571D+03  4.217D-06  4.478D-06
 HO2W        6.812D-06 -9.137D-11  2.125D-11  6.011D-06 -1.506D-09  2.464D-06  1.026D-05  7.611D-06  1.859D-06  2.427D+04  4.477D-06
 CO2         6.783D-06 -9.082D-11  2.129D-11  5.983D-06 -1.498D-09  2.441D-06  1.026D-05  7.617D-06  1.839D-06  4.194D-06  7.193D+01
 H           1.835D+02 -7.039D-03  1.705D-03  2.154D+02 -1.214D-01  3.688D+02  2.111D+02  4.069D+02  4.593D+02  3.736D+02  3.762D+02
 H2          4.464D-04 -8.478D-09  1.716D-09  4.375D-04 -1.162D-07  3.587D-04  7.292D-05  6.329D-04  3.199D-04  3.540D-04  3.265D-04
 O           2.621D+02 -1.001D-02  2.543D-03  3.103D+02 -1.789D-01  5.325D+02  3.197D+02  6.195D+02  6.641D+02  5.396D+02  5.457D+02
 N2          2.793D-02 -3.745D-07  8.709D-08  2.464D-02 -6.172D-06  1.010D-02  4.206D-02  3.120D-02  7.616D-03  1.729D-02  1.835D-02
1
 IVAR NAME    H          H2         O       
 
 HCO         1.591D+02  2.690D+02  1.598D+02
 O2          6.231D-01  6.190D-01  1.624D+00
 CO          1.894D+00  1.873D+00  1.894D+00
 HO2         1.584D+02  2.716D+02  1.591D+02
 CH2O       -5.039D-01  4.885D-01 -1.500D+00
 H2O2        1.505D+01  1.869D+01  1.511D+01
 OH          1.334D+02  3.515D+02  1.327D+02
 H2O        -4.578D-05  1.051D-05 -4.577D-05
 H2O2W      -1.400D-05 -1.654D-05 -1.397D-05
 HO2W       -1.400D-05 -1.654D-05 -1.397D-05
 CO2        -1.457D-05 -1.711D-05 -1.455D-05
 H          -1.665D+02  1.353D+03 -1.843D+02
 H2          7.849D-03  1.723D+03  7.820D-03
 O           2.911D+02  6.204D+02  2.388D+02
 N2         -5.738D-02 -6.784D-02 -5.728D-02
1
 **** NORMALIZED SENSITIVITY COEFFICIENTS W.R.T THE PREEXPONENTIAL CONSTANTS ****

          DZ(I)/DA(J)*A(J)/Z(I) WHERE Z(I)= 0-ORDER TIME DERIV. OF Y(I), I=COLUMN, J=ROW

          **** NOTE: FOR CONSTANT TEMPERATURE PROBLEMS NORMALIZED SENSITIVITY COEFFICIENTS W.R.T. N(J) AND E(J) ARE 
                     THE SAME AS THE NORMALIZED COEFFICIENTS W.R.T. A(J) ****

 
 REAC NUM     HCO        O2         CO         HO2        CH2O       H2O2       OH         H2O        H2O2W      HO2W       CO2     
 
      1     -9.317D-01 -1.324D-06  3.631D-07  6.418D-02 -1.910D-05  6.533D-02  6.426D-02  6.521D-02  6.602D-02  6.517D-02  6.517D-02
      2      5.627D-01 -9.268D-06  4.075D-06  4.244D-02 -1.693D-04  1.019D+00  9.331D-02  6.404D-02  1.011D+00  2.203D-02  2.522D-02
      3      8.932D-02 -1.156D-06  3.189D-07  7.276D-02 -2.087D-05  3.461D-02  1.227D-01  9.349D-02  2.729D-02  5.207D-02  5.521D-02
      4     -5.050D-02  9.555D-07  7.348D-08 -4.970D-02  1.280D-05 -3.968D-02 -1.002D+00  8.612D-03 -3.482D-02 -3.927D-02 -1.114D-01
      5     -2.209D-06  2.634D-11 -1.021D-11 -1.939D-07  4.692D-10 -2.808D-06 -4.892D-06 -4.913D-08 -2.219D-06 -1.165D-07 -3.597D-07
      6     -3.390D-03  4.061D-08 -1.126D-08 -2.692D-03  7.329D-07 -4.247D-02 -4.757D-03 -3.321D-03  9.623D-01 -1.798D-03 -1.913D-03
      7     -4.962D-03  6.881D-08 -1.575D-08 -5.345D-03  1.248D-06 -4.315D-03 -5.293D-03 -4.250D-03 -3.812D-03  9.957D-01 -4.268D-03
      8     -1.053D-02  1.509D-07 -2.849D-08 -1.150D-02  2.285D-06 -5.083D-03 -1.117D-02 -7.712D-03 -3.914D-03 -7.881D-03 -7.868D-03
      9      5.083D-02 -9.616D-07 -7.185D-08  5.000D-02 -1.291D-05  3.998D-02  1.981D-03 -8.149D-03  3.511D-02  3.956D-02  1.117D-01
     10      4.362D-01 -7.574D-06 -2.188D-07  2.357D-02 -1.339D-04  1.418D-02  9.709D-01  9.709D-01  9.738D-03  1.397D-02  1.011D+00
     11     -3.025D-02  5.718D-07 -1.020D-07 -2.975D-02  7.674D-06 -2.377D-02 -4.653D-02 -4.044D-02 -2.085D-02 -2.351D-02 -2.479D-02
     12      5.390D-02 -8.527D-07  2.201D-07  4.437D-02 -1.421D-05  3.552D-02  6.904D-02  6.004D-02  3.121D-02  3.514D-02  3.703D-02
     13     -2.229D-02  2.553D-07 -1.119D-07 -1.330D-02  6.118D-06 -1.053D-02 -2.112D-02 -1.830D-02 -9.182D-03 -1.041D-02 -1.101D-02
     14      1.064D-03 -1.230D-08  5.380D-09  6.385D-04 -2.943D-07  5.080D-04  1.009D-03  8.808D-04  4.444D-04  5.026D-04  5.312D-04
     15      6.425D-11 -9.751D-16  1.602D-16  6.074D-11 -1.206D-14  3.646D-11  1.187D-10  7.147D-11  2.598D-11  3.569D-11  3.840D-11
     16      1.723D-05 -3.151D-10  8.551D-11  1.591D-05 -5.680D-09  1.537D-05  1.852D-05  1.974D-05  1.507D-05  1.531D-05  1.564D-05
     17     -2.978D-06  4.147D-11 -1.162D-11 -1.494D-06  6.211D-10 -2.865D-06 -2.832D-06 -1.871D-06 -2.239D-06 -9.501D-07 -1.020D-06
     18     -6.874D-06  1.076D-10 -2.136D-11 -6.454D-06  1.401D-09 -1.253D-05  1.818D-06  1.167D-05 -9.803D-06 -4.117D-06 -3.690D-06
     19     -1.063D-09  1.230D-14 -5.492D-15 -1.676D-11  2.263D-13 -1.408D-09 -8.827D-11 -5.307D-11 -1.113D-09 -6.727D-12 -1.025D-11
     20      6.112D-17 -1.182D-21  5.047D-22  6.034D-17 -2.768D-20  4.957D-17  9.236D-17  8.330D-17  4.431D-17  4.910D-17  5.169D-17
     21      1.438D-07 -2.311D-12  4.455D-13  1.374D-07 -2.925D-11  8.909D-08 -6.432D-08  1.856D-07  6.765D-08  8.747D-08  7.715D-08
     22      9.877D-01 -2.018D-05  4.617D-06  9.869D-01 -3.273D-04  9.937D-01  9.876D-01  9.912D-01  9.951D-01  9.909D-01  9.910D-01
     23     -2.873D-07  1.477D-11  4.509D-12 -2.851D-06  1.347D-11 -1.989D-06  7.109D-06  5.603D-06 -1.592D-06 -1.958D-06 -1.384D-06
     24     -5.423D-06  1.907D-10  4.966D-11 -3.096D-05  6.929D-10 -2.159D-05  6.930D-06  5.670D-05 -1.728D-05 -2.125D-05 -1.908D-05
     25     -1.856D-04  2.698D-09 -5.836D-10 -1.720D-04  4.078D-08 -1.196D-04 -1.912D-04 -1.334D-04 -9.544D-05 -1.177D-04 -1.188D-04
1
 REAC NUM     H          H2         O       
 
      1      6.416D-02  6.520D-02  6.443D-02
      2      9.214D-02  6.331D-02  9.247D-02
      3      1.216D-01  9.281D-02  1.219D-01
      4     -9.899D-01 -9.797D-01 -9.901D-01
      5     -4.814D-06 -3.277D-06 -4.815D-06
      6     -4.700D-03 -3.290D-03 -4.711D-03
      7     -5.272D-03 -4.244D-03 -5.294D-03
      8     -1.111D-02 -7.692D-03 -1.115D-02
      9      9.903D-01  9.802D-01  9.906D-01
     10      9.596D-01  9.593D-01  9.598D-01
     11     -5.906D-01  4.155D-01 -5.907D-01
     12     -1.284D-01 -1.369D-01  8.679D-01
     13     -2.746D-01 -2.713D-01 -2.746D-01
     14      1.302D-02  1.301D-02  1.302D-02
     15      2.002D-09 -9.030D-10 -7.579D-09
     16      1.846D-05  1.969D-05 -9.998D-01
     17     -4.314D-05  2.144D-05 -4.315D-05
     18     -1.756D-04 -1.200D-04 -1.756D-04
     19     -8.670D-11 -5.225D-11 -1.514D-07
     20      1.129D-15  1.180D-15  1.129D-15
     21      4.051D-06 -2.406D-06  4.051D-06
     22      9.861D-01  9.910D-01  9.903D-01
     23     -7.047D-05 -5.351D-05 -7.048D-05
     24     -7.679D-04 -5.831D-04  3.160D-03
     25     -8.867D-04  3.142D-04 -8.874D-04
1
                TIME   2.00000E-03  SEC              AREA   0.00000E+00  SQ CM              AXIAL POSITION   0.00000E+00  CM


                    FLOW PROPERTIES                                             INTEGRATION INDICATORS

                      PRESSURE                0.92000                             STEPS FROM LAST PRINT            2
                       (ATM)
                      VELOCITY                0.00                                AVERAGE STEP SIZE             0.53072E-03
                       (CM/SEC)
                      DENSITY            3.38548E-04                              TOTAL NUMBER OF STEPS                 8
                       (GM/CM**3)
                      TEMPERATURE           952.00
                       (DEG K)
                      MASS FLOW RATE     0.00000E+00
                       (GM/SEC)
                      ENTROPY                 2.0113                              FUNCT EVALUATIONS                    10
                       CAL/GM/DEG K)
                      MACH NUMBER             0.0000                              JACOBIAN EVALUATIONS                  4

                      GAMMA                   1.3328

                      ENTHALPY          -2.08404E+02
                       (CAL/GM)


                                                        CHEMICAL PROPERTIES


 SPECIES    CONCENTRATION   MOLE FRACTION   NET SPECIES PRODUCTION  REACTION   RATE CONST  NET ENERGY EXCHANGE RATE  NET RATE/POSI-
            (MOLES/CM**3)                    RATE (MOLE/CM**3/SEC)   NUMBER    CGS  UNITS    (CAL-CM**3/GM**2/SEC)    TIVE DIR RATE
  HCO        1.33962E-12     1.13762E-07           9.34979E-10          1      6.0230E+10        -5.41847E+04               1.00000
  O2         2.11945E-06     1.79985E-01          -1.77273E-07          2      3.4013E+10         3.84800E+03               0.99990
  CO         4.71037E-06     4.00007E-01           9.28858E-08          3      3.9939E+06         1.54009E+03               1.00000
  HO2        2.19633E-11     1.86514E-06           1.52074E-08          4      9.6370E+13        -1.90100E+04               1.00000
  CH2O       1.17596E-07     9.98629E-03          -1.71944E-07          5      3.0500E+12        -4.39782E-01               0.99994
  H2O2       7.32814E-11     6.22310E-06           7.75178E-08          6      1.0500E+02         0.00000E+00               1.00000
  OH         6.62699E-15     5.62769E-10           2.30450E-12          7      1.0500E+01         0.00000E+00               1.00000
  H2O        6.77177E-11     5.75063E-06           7.51194E-08          8      1.8100E+12        -2.42220E+02               0.94689
  H2O2W      5.54093E-12     4.70539E-07           7.69454E-09          9      1.9857E+11        -1.34379E+03               1.00000
  HO2W       2.11930E-13     1.79972E-08           2.30615E-10         10      6.9523E+08        -3.69079E+04               1.00000
  CO2        7.16853E-11     6.08757E-06           7.81234E-08         11      1.6512E+12        -4.16191E+02               1.00000
  H          1.75451E-14     1.48994E-09           1.29381E-11         12      3.3181E+10         1.80524E+02               1.00000
  H2         3.07945E-12     2.61509E-07           3.41823E-09         13      3.6280E+15        -7.15272E+02               1.00000
  O          1.75850E-16     1.49333E-11          -3.56271E-14         14      2.8020E+05         3.26285E+01               1.00000
  N2         4.82803E-06     4.10000E-01           0.00000E+00         15      1.8216E+11         1.18908E-06               0.74021
                                                                       16      6.0230E+13        -1.31872E+02               1.00000
                                                                       17      8.1238E+11        -1.73238E-01               0.99932
                                                                       18      3.5691E+12        -2.72250E+00               1.00000
                                                                       19      6.0230E+10        -1.16158E-04               0.99982
                                                                       20      4.5956E-12         8.20975E-13               0.99980
                                                                       21      6.1685E+12        -1.49828E-02               0.90883
                                                                       22      1.7491E+04         1.46533E+03               0.99807
                                                                       23      3.0120E+12        -3.43971E-01               1.00000
                                                                       24      3.0120E+13        -5.14874E+00               1.00000
                                                                       25      2.7100E+13        -4.79259E+00               0.99996

    DERIVATIVES (CGS UNITS): T            0.00000E+00    RHO         -0.45801E-04

    MIXTURE MOLECULAR WEIGHT     28.74970     TOTAL ENERGY EXCHANGE RATE   -1.05899E+05       MASS FRACTION SUM    0.99999994
                                                 (CAL-CM**3/GM**2/SEC)




 __________________________________________________________________


     COMPUTER TIME (CPU) REQUIRED: FOR THIS STEP -  0.000000E+00  S     UP TO THIS TIME -  0.000000E+00  S


1
                                             ***** SENSITIVITY CALCULATIONS *****

                                                     TIME =   2.00000D-03

                         SENSITIVITY COEFFICIENTS OF  0-ORDER TIME DERIVATIVE OF DEPENDENT VARIABLES



 **** SENSITIVITY TO INITIAL CONDITIONS ****

          DZ(I)/DYZERO(J)*F(J)/Z(I), WHERE Z(I)= 0-ORDER TIME DERIV. OF Y(I)
                                           F(J)= YZERO(J) FOR YZERO(J) NOT EQUAL TO 0
                                               = 1.0E-4/(INITIAL MWT)  FOR YZERO(J) = 0


 IVAR NAME    HCO        O2         CO         HO2        CH2O       H2O2       OH         H2O        H2O2W      HO2W       CO2     
 
 HCO         9.321D+01 -1.120D-02  2.766D-03  9.224D+01 -1.908D-01  1.417D+02  9.676D+01  1.485D+02  1.860D+02  1.457D+02  1.459D+02
 O2          1.281D-01  1.000D+00  2.101D-05  1.119D+00 -1.519D-03  1.108D+00  1.151D+00  1.135D+00  1.102D+00  1.107D+00  1.109D+00
 CO          6.780D-01 -4.698D-05  1.000D+00  2.496D-01 -8.098D-04  1.665D-01  1.140D+00  1.078D+00  1.314D-01  1.741D-01  1.245D+00
 HO2         9.241D+01 -1.071D-02  2.532D-03  9.271D+01 -1.920D-01  1.425D+02  9.727D+01  1.495D+02  1.876D+02  1.466D+02  1.468D+02
 CH2O        1.535D+00 -1.161D-04  3.716D-05  9.925D-01  9.993D-01  1.973D+00  1.101D-01  1.073D+00  1.965D+00  9.727D-01  9.026D-01
 H2O2        1.116D+01 -9.232D-04  2.322D-04  1.093D+01 -1.657D-02  2.337D+01  1.204D+01  1.420D+01  5.025D+01  1.150D+01  1.171D+01
 OH          9.609D+01 -1.155D-02  2.826D-03  9.508D+01 -2.068D-01  1.461D+02  9.984D+01  1.697D+02  1.917D+02  1.502D+02  1.517D+02
 H2O         1.935D-05 -9.351D-10  2.385D-10  1.739D-05 -1.687D-08  8.374D-06  2.625D-05  1.739D+01  5.894D-06  1.104D-05  1.164D-05
 H2O2W       2.257D-05 -1.153D-09  2.852D-10  2.059D-05 -2.016D-08  1.082D-05  2.773D-05  1.929D-05  2.125D+02  1.344D-05  1.391D-05
 HO2W        2.257D-05 -1.153D-09  2.851D-10  2.058D-05 -2.016D-08  1.082D-05  2.773D-05  1.929D-05  7.932D-06  5.556D+03  1.391D-05
 CO2         2.251D-05 -1.149D-09  2.850D-10  2.053D-05 -2.010D-08  1.077D-05  2.770D-05  1.928D-05  7.897D-06  1.340D-05  1.643D+01
 H           1.311D+02 -1.587D-02  3.817D-03  1.298D+02 -2.798D-01  1.994D+02  1.370D+02  2.155D+02  2.615D+02  2.050D+02  2.058D+02
 H2          8.516D-04 -5.783D-08  1.249D-08  8.411D-04 -8.823D-07  6.544D-04  4.679D-04  9.163D-04  5.534D-04  6.395D-04  6.110D-04
 O           1.893D+02 -2.274D-02  5.591D-03  1.873D+02 -4.075D-01  2.877D+02  1.967D+02  3.181D+02  3.776D+02  2.958D+02  2.976D+02
 N2          9.252D-02 -4.725D-06  1.168D-06  8.438D-02 -8.261D-05  4.432D-02  1.137D-01  7.906D-02  3.251D-02  5.511D-02  5.701D-02
1
 IVAR NAME    H          H2         O       
 
 HCO         9.640D+01  1.486D+02  9.745D+01
 O2          6.525D-01  6.404D-01  1.655D+00
 CO          2.020D+00  1.959D+00  2.024D+00
 HO2         9.692D+01  1.496D+02  9.798D+01
 CH2O       -4.306D-01  5.344D-01 -1.420D+00
 H2O2        1.198D+01  1.417D+01  1.210D+01
 OH          1.014D+02  1.696D+02  1.026D+02
 H2O        -2.997D-05  2.089D-05 -2.978D-05
 H2O2W       3.340D-06 -4.966D-06  3.565D-06
 HO2W        3.338D-06 -4.971D-06  3.563D-06
 CO2         2.735D-06 -5.559D-06  2.959D-06
 H           1.610D+02  4.248D+02  1.636D+02
 H2          8.207D-03  3.824D+02  8.186D-03
 O           1.979D+02  3.182D+02  2.034D+02
 N2          1.368D-02 -2.040D-02  1.460D-02
1
 **** NORMALIZED SENSITIVITY COEFFICIENTS W.R.T THE PREEXPONENTIAL CONSTANTS ****

          DZ(I)/DA(J)*A(J)/Z(I) WHERE Z(I)= 0-ORDER TIME DERIV. OF Y(I), I=COLUMN, J=ROW

          **** NOTE: FOR CONSTANT TEMPERATURE PROBLEMS NORMALIZED SENSITIVITY COEFFICIENTS W.R.T. N(J) AND E(J) ARE 
                     THE SAME AS THE NORMALIZED COEFFICIENTS W.R.T. A(J) ****

 
 REAC NUM     HCO        O2         CO         HO2        CH2O       H2O2       OH         H2O        H2O2W      HO2W       CO2     
 
      1     -9.254D-01 -5.543D-06  1.436D-06  7.113D-02 -8.856D-05  6.881D-02  7.103D-02  6.818D-02  6.769D-02  6.820D-02  6.820D-02
      2      7.440D-01 -4.898D-05  2.000D-05  2.030D-01 -8.886D-04  1.121D+00  2.842D-01  1.915D-01  1.086D+00  1.243D-01  1.295D-01
      3      2.604D-01 -1.327D-05  3.487D-06  2.315D-01 -2.394D-04  1.277D-01  3.101D-01  2.194D-01  9.558D-02  1.536D-01  1.587D-01
      4     -1.003D-01  6.784D-06 -2.649D-07 -9.943D-02  1.024D-04 -7.638D-02 -1.050D+00 -2.639D-02 -6.385D-02 -7.457D-02 -1.487D-01
      5     -1.168D-05  5.391D-10 -1.995D-10 -2.513D-06  9.566D-09 -1.239D-05 -2.264D-05 -1.296D-06 -9.056D-06 -1.369D-06 -2.364D-06
      6     -1.612D-02  7.443D-07 -1.970D-07 -1.402D-02  1.343D-05 -7.787D-02 -1.962D-02 -1.248D-02  9.342D-01 -8.475D-03 -8.787D-03
      7     -9.914D-03  5.584D-07 -1.304D-07 -1.031D-02  1.010D-05 -8.013D-03 -1.012D-02 -7.750D-03 -6.751D-03  9.922D-01 -7.818D-03
      8     -4.643D-02  2.411D-06 -4.994D-07 -4.899D-02  3.914D-05 -2.492D-02 -4.692D-02 -2.971D-02 -1.801D-02 -3.059D-02 -3.052D-02
      9      1.007D-01 -6.811D-06  2.720D-07  9.979D-02 -1.029D-04  7.672D-02  5.043D-02  2.682D-02  6.418D-02  7.490D-02  1.491D-01
     10      4.871D-01 -3.556D-05 -3.295D-07  6.745D-02 -6.263D-04  4.650D-02  9.785D-01  9.745D-01  3.549D-02  4.548D-02  1.040D+00
     11     -5.991D-02  4.054D-06 -8.137D-07 -5.939D-02  6.124D-05 -4.566D-02 -7.539D-02 -6.131D-02 -3.819D-02 -4.457D-02 -4.587D-02
     12      9.868D-02 -6.042D-06  1.518D-06  8.866D-02 -1.037D-04  6.818D-02  1.121D-01  9.093D-02  5.703D-02  6.652D-02  6.843D-02
     13     -3.652D-02  1.839D-06 -6.702D-07 -2.703D-02  3.992D-05 -2.066D-02 -3.450D-02 -2.797D-02 -1.720D-02 -2.017D-02 -2.077D-02
     14      1.694D-03 -8.639D-08  3.137D-08  1.261D-03 -1.872D-06  9.719D-04  1.602D-03  1.312D-03  8.137D-04  9.493D-04  9.775D-04
     15      7.503D-10 -3.969D-14  7.466D-15  7.272D-10 -5.617D-13  4.174D-10  1.079D-09  6.194D-10  2.818D-10  3.999D-10  4.169D-10
     16      1.947D-05 -1.405D-09  3.615D-10  1.852D-05 -2.530D-08  1.739D-05  2.007D-05  1.964D-05  1.669D-05  1.720D-05  1.739D-05
     17     -1.872D-05  9.542D-10 -2.596D-10 -1.197D-05  1.495D-08 -1.484D-05 -1.761D-05 -1.052D-05 -1.065D-05 -6.830D-06 -7.116D-06
     18     -5.299D-05  2.810D-09 -5.994D-10 -5.067D-05  4.124D-08 -6.415D-05 -1.584D-05  3.242D-05 -4.608D-05 -2.896D-05 -2.727D-05
     19     -5.467D-09  2.466D-13 -1.050D-13 -6.821D-10  4.498D-12 -6.110D-09 -1.159D-09 -6.387D-10 -4.474D-09 -3.523D-10 -3.747D-10
     20      1.130D-16 -7.795D-21  2.794D-21  1.122D-16 -1.673D-19  8.816D-17  1.412D-16  1.177D-16  7.499D-17  8.623D-17  8.867D-17
     21      1.136D-06 -6.181D-11  1.279D-11  1.105D-06 -8.819D-10  6.558D-07  1.654D-07  1.036D-06  4.552D-07  6.297D-07  5.847D-07
     22      9.472D-01 -7.778D-05  1.818D-05  9.453D-01 -1.328D-03  9.705D-01  9.489D-01  9.667D-01  9.786D-01  9.657D-01  9.657D-01
     23     -5.666D-06  3.694D-10 -6.170D-12 -1.223D-05  4.142D-09 -7.903D-06  1.206D-05  9.568D-06 -5.844D-06 -7.625D-06 -6.283D-06
     24     -6.761D-05  4.330D-09 -6.249D-11 -1.330D-04  5.069D-08 -8.593D-05 -3.888D-05  9.442D-05 -6.353D-05 -8.290D-05 -7.778D-05
     25     -7.877D-04  4.149D-08 -9.303D-09 -7.532D-04  6.684D-07 -4.853D-04 -7.836D-04 -4.985D-04 -3.579D-04 -4.681D-04 -4.704D-04
1
 REAC NUM     H          H2         O       
 
      1      7.073D-02  6.813D-02  7.149D-02
      2      2.815D-01  1.901D-01  2.844D-01
      3      3.078D-01  2.182D-01  3.103D-01
      4     -1.039D+00 -1.015D+00 -1.040D+00
      5     -2.233D-05 -1.395D-05 -2.237D-05
      6     -1.938D-02 -1.238D-02 -1.954D-02
      7     -1.007D-02 -7.738D-03 -1.018D-02
      8     -4.664D-02 -2.965D-02 -4.718D-02
      9      1.039D+00  1.015D+00  1.040D+00
     10      9.680D-01  9.637D-01  9.693D-01
     11     -6.181D-01  3.931D-01 -6.188D-01
     12     -8.540D-02 -1.062D-01  9.061D-01
     13     -2.876D-01 -2.812D-01 -2.879D-01
     14      1.315D-02  1.309D-02  1.316D-02
     15      1.306D-08 -5.418D-09 -4.745D-08
     16      1.996D-05  1.961D-05 -9.999D-01
     17     -1.876D-04  8.036D-05 -1.878D-04
     18     -7.640D-04 -4.829D-04 -7.648D-04
     19     -1.144D-09 -6.325D-10 -6.398D-07
     20      1.122D-15  1.136D-15  1.123D-15
     21      1.886D-05 -9.789D-06  1.888D-05
     22      9.454D-01  9.663D-01  9.556D-01
     23     -1.753D-04 -1.244D-04 -1.754D-04
     24     -1.910D-03 -1.356D-03  7.523D-03
     25     -2.462D-03  5.123D-04 -2.470D-03
1
                TIME   3.00000E-03  SEC              AREA   0.00000E+00  SQ CM              AXIAL POSITION   0.00000E+00  CM


                    FLOW PROPERTIES                                             INTEGRATION INDICATORS

                      PRESSURE                0.92000                             STEPS FROM LAST PRINT            2
                       (ATM)
                      VELOCITY                0.00                                AVERAGE STEP SIZE             0.55627E-03
                       (CM/SEC)
                      DENSITY            3.38481E-04                              TOTAL NUMBER OF STEPS                10
                       (GM/CM**3)
                      TEMPERATURE           952.00
                       (DEG K)
                      MASS FLOW RATE     0.00000E+00
                       (GM/SEC)
                      ENTROPY                 2.0113                              FUNCT EVALUATIONS                    14
                       CAL/GM/DEG K)
                      MACH NUMBER             0.0000                              JACOBIAN EVALUATIONS                  4

                      GAMMA                   1.3328

                      ENTHALPY          -2.08455E+02
                       (CAL/GM)


                                                        CHEMICAL PROPERTIES


 SPECIES    CONCENTRATION   MOLE FRACTION   NET SPECIES PRODUCTION  REACTION   RATE CONST  NET ENERGY EXCHANGE RATE  NET RATE/POSI-
            (MOLES/CM**3)                    RATE (MOLE/CM**3/SEC)   NUMBER    CGS  UNITS    (CAL-CM**3/GM**2/SEC)    TIVE DIR RATE
  HCO        2.50619E-12     2.12869E-07           1.36049E-09          1      6.0230E+10        -1.01378E+05               1.00000
  O2         2.11879E-06     1.79964E-01          -3.26456E-07          2      3.4013E+10         7.17267E+03               0.99974
  CO         4.70958E-06     4.00019E-01           1.73571E-07          3      3.9939E+06         3.82255E+03               1.00000
  HO2        4.10242E-11     3.48448E-06           2.27026E-08          4      9.6370E+13        -3.65316E+04               1.00000
  CH2O       1.17325E-07     9.96525E-03          -3.21186E-07          5      3.0500E+12        -2.10207E+00               0.99994
  H2O2       1.81850E-10     1.54459E-05           1.38920E-07          6      1.0500E+02         0.00000E+00               1.00000
  OH         1.27595E-14     1.08376E-09           2.31066E-11          7      1.0500E+01         0.00000E+00               1.00000
  H2O        1.77956E-10     1.51151E-05           1.44338E-07          8      1.8100E+12        -8.59107E+02               0.96224
  H2O2W      1.90523E-11     1.61825E-06           1.90943E-08          9      1.9857E+11        -2.58789E+03               1.00000
  HO2W       5.43971E-13     4.62034E-08           4.30754E-10         10      6.9523E+08        -6.89539E+04               1.00000
  CO2        1.84340E-10     1.56573E-05           1.46255E-07         11      1.6512E+12        -7.97396E+02               1.00000
  H          3.36796E-14     2.86066E-09           1.79579E-11         12      3.3181E+10         3.46561E+02               1.00000
  H2         8.09468E-12     6.87540E-07           6.56659E-09         13      3.6280E+15        -1.37288E+03               1.00000
  O          3.40789E-16     2.89457E-11           1.22177E-12         14      2.8020E+05         6.09572E+01               1.00000
  N2         4.82709E-06     4.10000E-01           0.00000E+00         15      1.8216E+11         6.64339E-06               0.81151
                                                                       16      6.0230E+13        -2.55072E+02               1.00000
                                                                       17      8.1238E+11        -8.25536E-01               0.99930
                                                                       18      3.5691E+12        -1.29739E+01               1.00000
                                                                       19      6.0230E+10        -5.58861E-04               0.99987
                                                                       20      4.5956E-12         1.53649E-12               0.99979
                                                                       21      6.1685E+12        -7.58843E-02               0.90913
                                                                       22      1.7491E+04         1.45499E+03               0.99324
                                                                       23      3.0120E+12        -1.23381E+00               1.00000
                                                                       24      3.0120E+13        -1.84682E+01               1.00000
                                                                       25      2.7100E+13        -1.71909E+01               0.99997

    DERIVATIVES (CGS UNITS): T            0.00000E+00    RHO         -0.86495E-04

    MIXTURE MOLECULAR WEIGHT     28.74969     TOTAL ENERGY EXCHANGE RATE   -1.99931E+05       MASS FRACTION SUM    1.00000000
                                                 (CAL-CM**3/GM**2/SEC)




 __________________________________________________________________


     COMPUTER TIME (CPU) REQUIRED: FOR THIS STEP -  0.000000E+00  S     UP TO THIS TIME -  0.000000E+00  S


1
                                             ***** SENSITIVITY CALCULATIONS *****

                                                     TIME =   3.00000D-03

                         SENSITIVITY COEFFICIENTS OF  0-ORDER TIME DERIVATIVE OF DEPENDENT VARIABLES



 **** SENSITIVITY TO INITIAL CONDITIONS ****

          DZ(I)/DYZERO(J)*F(J)/Z(I), WHERE Z(I)= 0-ORDER TIME DERIV. OF Y(I)
                                           F(J)= YZERO(J) FOR YZERO(J) NOT EQUAL TO 0
                                               = 1.0E-4/(INITIAL MWT)  FOR YZERO(J) = 0


 IVAR NAME    HCO        O2         CO         HO2        CH2O       H2O2       OH         H2O        H2O2W      HO2W       CO2     
 
 HCO         7.340D+01 -2.050D-02  5.031D-03  7.294D+01 -3.594D-01  1.017D+02  7.656D+01  1.080D+02  1.338D+02  1.054D+02  1.056D+02
 O2          1.262D-01  1.000D+00  5.319D-05  1.114D+00 -3.889D-03  1.116D+00  1.155D+00  1.144D+00  1.108D+00  1.112D+00  1.114D+00
 CO          8.321D-01 -1.413D-04  1.000D+00  4.018D-01 -2.456D-03  2.764D-01  1.272D+00  1.168D+00  2.103D-01  2.812D-01  1.351D+00
 HO2         7.376D+01 -2.006D-02  4.808D-03  7.328D+01 -3.614D-01  1.022D+02  7.693D+01  1.086D+02  1.347D+02  1.060D+02  1.062D+02
 CH2O        1.601D+00 -2.988D-04  9.667D-05  1.050D+00  9.981D-01  2.007D+00  1.914D-01  1.127D+00  1.983D+00  1.007D+00  9.367D-01
 H2O2        9.782D+00 -2.116D-03  5.255D-04  9.650D+00 -3.819D-02  1.475D+01  1.027D+01  1.211D+01  2.678D+01  1.063D+01  1.075D+01
 OH          7.566D+01 -2.114D-02  5.161D-03  7.518D+01 -3.806D-01  1.048D+02  7.893D+01  1.176D+02  1.379D+02  1.086D+02  1.094D+02
 H2O         3.676D-05 -4.522D-09  1.151D-09  3.404D-05 -8.203D-08  1.864D-05  4.456D-05  6.616D+00  1.266D-05  2.154D-05  2.230D-05
 H2O2W       4.137D-05 -5.281D-09  1.319D-09  3.863D-05 -9.410D-08  2.221D-05  4.741D-05  3.251D-05  6.180D+01  2.499D-05  2.562D-05
 HO2W        4.136D-05 -5.278D-09  1.319D-09  3.862D-05 -9.405D-08  2.220D-05  4.740D-05  3.250D-05  1.553D-05  2.164D+03  2.561D-05
 CO2         4.128D-05 -5.266D-09  1.318D-09  3.854D-05 -9.386D-08  2.214D-05  4.735D-05  3.247D-05  1.548D-05  2.493D-05  6.387D+00
 H           1.033D+02 -2.896D-02  7.006D-03  1.026D+02 -5.172D-01  1.431D+02  1.078D+02  1.545D+02  1.882D+02  1.483D+02  1.488D+02
 H2          1.207D-03 -1.984D-07  4.428D-08  1.197D-03 -3.180D-06  9.385D-04  8.158D-04  1.179D-03  7.648D-04  9.055D-04  8.761D-04
 O           1.490D+02 -4.163D-02  1.019D-02  1.481D+02 -7.499D-01  2.065D+02  1.555D+02  2.256D+02  2.716D+02  2.140D+02  2.149D+02
 N2          1.695D-01 -2.163D-05  5.404D-06  1.583D-01 -3.854D-04  9.096D-02  1.943D-01  1.332D-01  6.365D-02  1.024D-01  1.050D-01
1
 IVAR NAME    H          H2         O       
 
 HCO         7.604D+01  1.080D+02  7.769D+01
 O2          6.542D-01  6.502D-01  1.661D+00
 CO          2.152D+00  2.048D+00  2.162D+00
 HO2         7.641D+01  1.086D+02  7.806D+01
 CH2O       -3.525D-01  5.870D-01 -1.333D+00
 H2O2        1.019D+01  1.208D+01  1.040D+01
 OH          7.839D+01  1.176D+02  8.010D+01
 H2O        -1.172D-05  3.303D-05 -1.104D-05
 H2O2W       2.284D-05  8.248D-06  2.363D-05
 HO2W        2.283D-05  8.237D-06  2.362D-05
 CO2         2.221D-05  7.634D-06  2.300D-05
 H           1.070D+02  2.340D+02  1.093D+02
 H2          8.537D-03  1.454D+02  8.536D-03
 O           1.544D+02  2.256D+02  1.578D+02
 N2          9.359D-02  3.373D-02  9.683D-02
1
 **** NORMALIZED SENSITIVITY COEFFICIENTS W.R.T THE PREEXPONENTIAL CONSTANTS ****

          DZ(I)/DA(J)*A(J)/Z(I) WHERE Z(I)= 0-ORDER TIME DERIV. OF Y(I), I=COLUMN, J=ROW

          **** NOTE: FOR CONSTANT TEMPERATURE PROBLEMS NORMALIZED SENSITIVITY COEFFICIENTS W.R.T. N(J) AND E(J) ARE 
                     THE SAME AS THE NORMALIZED COEFFICIENTS W.R.T. A(J) ****

 
 REAC NUM     HCO        O2         CO         HO2        CH2O       H2O2       OH         H2O        H2O2W      HO2W       CO2     
 
      1     -9.194D-01 -1.469D-05  3.745D-06  7.748D-02 -2.446D-04  7.383D-02  7.733D-02  7.239D-02  7.082D-02  7.253D-02  7.252D-02
      2      9.463D-01 -1.509D-04  5.767D-05  3.997D-01 -2.740D-03  1.250D+00  4.986D-01  3.350D-01  1.172D+00  2.507D-01  2.575D-01
      3      4.598D-01 -5.882D-05  1.522D-05  4.231D-01 -1.067D-03  2.504D-01  5.177D-01  3.597D-01  1.783D-01  2.775D-01  2.841D-01
      4     -1.435D-01  2.357D-05 -2.105D-06 -1.428D-01  3.749D-04 -1.113D-01 -1.092D+00 -5.846D-02 -8.993D-02 -1.072D-01 -1.829D-01
      5     -3.272D-05  3.509D-09 -1.264D-09 -9.424D-06  6.246D-08 -3.076D-05 -5.915D-05 -4.740D-06 -2.017D-05 -4.694D-06 -7.011D-06
      6     -3.707D-02  4.202D-06 -1.096D-06 -3.346D-02  7.625D-05 -1.133D-01 -4.257D-02 -2.611D-02  9.059D-01 -1.949D-02 -2.002D-02
      7     -1.410D-02  2.031D-06 -4.811D-07 -1.451D-02  3.693D-05 -1.146D-02 -1.421D-02 -1.088D-02 -9.343D-03  9.878D-01 -1.102D-02
      8     -1.097D-01  1.337D-05 -2.870D-06 -1.149D-01  2.233D-04 -5.963D-02 -1.089D-01 -6.496D-02 -3.958D-02 -6.750D-02 -6.730D-02
      9      1.439D-01 -2.364D-05  2.124D-06  1.432D-01 -3.763D-04  1.117D-01  9.263D-02  5.889D-02  9.030D-02  1.075D-01  1.832D-01
     10      5.227D-01 -9.653D-05  4.745D-07  1.041D-01 -1.704D-03  7.597D-02  9.895D-01  9.793D-01  5.789D-02  7.368D-02  1.065D+00
     11     -8.550D-02  1.406D-05 -2.974D-06 -8.506D-02  2.237D-04 -6.640D-02 -1.004D-01 -8.028D-02 -5.371D-02 -6.395D-02 -6.524D-02
     12      1.379D-01 -2.102D-05  5.248D-06  1.278D-01 -3.670D-04  9.952D-02  1.500D-01  1.193D-01  8.037D-02  9.575D-02  9.763D-02
     13     -4.864D-02  6.417D-06 -2.149D-06 -3.895D-02  1.340D-04 -3.026D-02 -4.613D-02 -3.677D-02 -2.439D-02 -2.915D-02 -2.975D-02
     14      2.211D-03 -2.962D-07  9.877D-08  1.781D-03 -6.175D-06  1.399D-03  2.100D-03  1.696D-03  1.137D-03  1.349D-03  1.377D-03
     15      2.668D-09 -3.177D-13  6.243D-14  2.608D-09 -4.701D-12  1.412D-09  3.565D-09  1.878D-09  8.461D-10  1.316D-09  1.361D-09
     16      2.143D-05 -3.821D-09  9.696D-10  2.057D-05 -6.917D-08  1.919D-05  2.181D-05  2.058D-05  1.804D-05  1.882D-05  1.896D-05
     17     -5.507D-05  6.439D-09 -1.736D-09 -3.807D-05  1.033D-07 -3.944D-05 -5.154D-05 -2.826D-05 -2.532D-05 -1.997D-05 -2.063D-05
     18     -1.662D-04  1.988D-08 -4.365D-09 -1.602D-04  3.050D-07 -1.696D-04 -7.375D-05  5.424D-05 -1.091D-04 -8.422D-05 -8.030D-05
     19     -1.524D-08  1.598D-12 -6.597D-13 -2.989D-09  2.914D-11 -1.507D-08 -4.380D-09 -2.198D-09 -9.901D-09 -1.425D-09 -1.487D-09
     20      1.567D-16 -2.620D-20  8.665D-21  1.560D-16 -5.430D-19  1.240D-16  1.833D-16  1.495D-16  1.020D-16  1.197D-16  1.221D-16
     21      3.646D-06 -4.457D-10  9.488D-11  3.571D-06 -6.639D-09  1.992D-06  1.067D-06  2.805D-06  1.230D-06  1.863D-06  1.752D-06
     22      8.754D-01 -1.845D-04  4.377D-05  8.719D-01 -3.227D-03  9.291D-01  8.818D-01  9.260D-01  9.506D-01  9.234D-01  9.236D-01
     23     -1.626D-05  2.301D-09 -1.835D-10 -2.883D-05  3.053D-08 -1.793D-05  1.669D-05  1.289D-05 -1.212D-05 -1.690D-05 -1.452D-05
     24     -1.884D-04  2.646D-08 -1.979D-09 -3.137D-04  3.579D-07 -1.950D-04 -1.342D-04  1.235D-04 -1.318D-04 -1.839D-04 -1.746D-04
     25     -1.857D-03  2.286D-07 -5.219D-08 -1.796D-03  3.786D-06 -1.112D-03 -1.822D-03 -1.087D-03 -7.492D-04 -1.048D-03 -1.051D-03
1
 REAC NUM     H          H2         O       
 
      1      7.675D-02  7.231D-02  7.838D-02
      2      4.929D-01  3.330D-01  5.029D-01
      3      5.131D-01  3.581D-01  5.220D-01
      4     -1.080D+00 -1.046D+00 -1.084D+00
      5     -5.836D-05 -3.332D-05 -5.865D-05
      6     -4.195D-02 -2.589D-02 -4.265D-02
      7     -1.410D-02 -1.086D-02 -1.439D-02
      8     -1.080D-01 -6.481D-02 -1.103D-01
      9      1.081D+00  1.046D+00  1.084D+00
     10      9.796D-01  9.692D-01  9.836D-01
     11     -6.400D-01  3.731D-01 -6.421D-01
     12     -4.742D-02 -7.730D-02  9.383D-01
     13     -2.983D-01 -2.893D-01 -2.993D-01
     14      1.330D-02  1.317D-02  1.334D-02
     15      3.771D-08 -1.401D-08 -1.339D-07
     16      2.160D-05  2.056D-05 -9.999D-01
     17     -4.666D-04  1.767D-04 -4.678D-04
     18     -1.901D-03 -1.106D-03 -1.906D-03
     19     -4.314D-09 -2.178D-09 -1.572D-06
     20      1.136D-15  1.132D-15  1.140D-15
     21      4.955D-05 -2.286D-05  4.967D-05
     22      8.756D-01  9.254D-01  8.943D-01
     23     -3.303D-04 -2.177D-04 -3.311D-04
     24     -3.600D-03 -2.373D-03  1.379D-02
     25     -4.924D-03  6.567D-04 -4.963D-03
1
                TIME   4.00000E-03  SEC              AREA   0.00000E+00  SQ CM              AXIAL POSITION   0.00000E+00  CM


                    FLOW PROPERTIES                                             INTEGRATION INDICATORS

                      PRESSURE                0.92000                             STEPS FROM LAST PRINT            2
                       (ATM)
                      VELOCITY                0.00                                AVERAGE STEP SIZE             0.65408E-03
                       (CM/SEC)
                      DENSITY            3.38365E-04                              TOTAL NUMBER OF STEPS                12
                       (GM/CM**3)
                      TEMPERATURE           952.00
                       (DEG K)
                      MASS FLOW RATE     0.00000E+00
                       (GM/SEC)
                      ENTROPY                 2.0113                              FUNCT EVALUATIONS                    16
                       CAL/GM/DEG K)
                      MACH NUMBER             0.0000                              JACOBIAN EVALUATIONS                  4

                      GAMMA                   1.3328

                      ENTHALPY          -2.08545E+02
                       (CAL/GM)


                                                        CHEMICAL PROPERTIES


 SPECIES    CONCENTRATION   MOLE FRACTION   NET SPECIES PRODUCTION  REACTION   RATE CONST  NET ENERGY EXCHANGE RATE  NET RATE/POSI-
            (MOLES/CM**3)                    RATE (MOLE/CM**3/SEC)   NUMBER    CGS  UNITS    (CAL-CM**3/GM**2/SEC)    TIVE DIR RATE
  HCO        4.18290E-12     3.55406E-07           1.86956E-09          1      6.0230E+10        -1.69226E+05               1.00000
  O2         2.11763E-06     1.79927E-01          -5.38430E-07          2      3.4013E+10         1.18777E+04               0.99949
  CO         4.70820E-06     4.00038E-01           2.89993E-07          3      3.9939E+06         7.63493E+03               1.00000
  HO2        6.81780E-11     5.79284E-06           3.14155E-08          4      9.6370E+13        -6.21118E+04               1.00000
  CH2O       1.16856E-07     9.92885E-03          -5.35377E-07          5      3.0500E+12        -7.16460E+00               0.99993
  H2O2       3.63092E-10     3.08506E-05           2.23720E-07          6      1.0500E+02         0.00000E+00               1.00000
  OH         2.17661E-14     1.84939E-09           5.59480E-11          7      1.0500E+01         0.00000E+00               1.00000
  H2O        3.72778E-10     3.16736E-05           2.45335E-07          8      1.8100E+12        -2.40025E+03               0.97272
  H2O2W      4.76570E-11     4.04924E-06           3.81247E-08          9      1.9857E+11        -4.41634E+03               1.00000
  HO2W       1.11715E-12     9.49199E-08           7.15869E-10         10      6.9523E+08        -1.14639E+05               1.00000
  CO2        3.79181E-10     3.22176E-05           2.43514E-07         11      1.6512E+12        -1.34961E+03               1.00000
  H          5.71931E-14     4.85949E-09           2.48245E-11         12      3.3181E+10         5.88593E+02               1.00000
  H2         1.69543E-11     1.44054E-06           1.11562E-08         13      3.6280E+15        -2.33088E+03               1.00000
  O          5.87299E-16     4.99006E-11           2.52846E-12         14      2.8020E+05         1.01339E+02               1.00000
  N2         4.82544E-06     4.10000E-01           0.00000E+00         15      1.8216E+11         2.50966E-05               0.84873
                                                                       16      6.0230E+13        -4.38124E+02               1.00000
                                                                       17      8.1238E+11        -2.80094E+00               0.99928
                                                                       18      3.5691E+12        -4.40196E+01               1.00000
                                                                       19      6.0230E+10        -1.92437E-03               0.99989
                                                                       20      4.5956E-12         2.56619E-12               0.99979
                                                                       21      6.1685E+12        -2.71434E-01               0.90953
                                                                       22      1.7491E+04         1.43176E+03               0.98117
                                                                       23      3.0120E+12        -3.48437E+00               1.00000
                                                                       24      3.0120E+13        -5.21559E+01               1.00000
                                                                       25      2.7100E+13        -4.85490E+01               0.99998

    DERIVATIVES (CGS UNITS): T            0.00000E+00    RHO         -0.14510E-03

    MIXTURE MOLECULAR WEIGHT     28.74966     TOTAL ENERGY EXCHANGE RATE   -3.35436E+05       MASS FRACTION SUM    1.00000000
                                                 (CAL-CM**3/GM**2/SEC)




 __________________________________________________________________


     COMPUTER TIME (CPU) REQUIRED: FOR THIS STEP -  0.000000E+00  S     UP TO THIS TIME -  0.000000E+00  S


1
                                             ***** SENSITIVITY CALCULATIONS *****

                                                     TIME =   4.00000D-03

                         SENSITIVITY COEFFICIENTS OF  0-ORDER TIME DERIVATIVE OF DEPENDENT VARIABLES



 **** SENSITIVITY TO INITIAL CONDITIONS ****

          DZ(I)/DYZERO(J)*F(J)/Z(I), WHERE Z(I)= 0-ORDER TIME DERIV. OF Y(I)
                                           F(J)= YZERO(J) FOR YZERO(J) NOT EQUAL TO 0
                                               = 1.0E-4/(INITIAL MWT)  FOR YZERO(J) = 0


 IVAR NAME    HCO        O2         CO         HO2        CH2O       H2O2       OH         H2O        H2O2W      HO2W       CO2     
 
 HCO         6.096D+01 -3.362D-02  8.273D-03  6.031D+01 -6.010D-01  8.144D+01  6.373D+01  8.711D+01  1.064D+02  8.474D+01  8.493D+01
 O2          8.197D-02  1.000D+00  1.077D-04  1.067D+00 -7.915D-03  1.105D+00  1.120D+00  1.135D+00  1.107D+00  1.099D+00  1.102D+00
 CO          9.559D-01 -3.298D-04  9.999D-01  5.254D-01 -5.795D-03  3.827D-01  1.382D+00  1.255D+00  2.908D-01  3.823D-01  1.452D+00
 HO2         6.126D+01 -3.323D-02  8.065D-03  6.060D+01 -6.042D-01  8.185D+01  6.404D+01  8.757D+01  1.070D+02  8.518D+01  8.537D+01
 CH2O        1.644D+00 -6.215D-04  2.025D-04  1.087D+00  9.958D-01  2.043D+00  2.504D-01  1.177D+00  2.008D+00  1.041D+00  9.703D-01
 H2O2        8.363D+00 -3.894D-03  9.664D-04  8.251D+00 -7.090D-02  1.143D+01  8.746D+00  1.062D+01  1.823D+01  9.683D+00  9.759D+00
 OH          6.283D+01 -3.466D-02  8.502D-03  6.216D+01 -6.297D-01  8.394D+01  6.570D+01  9.280D+01  1.097D+02  8.735D+01  8.779D+01
 H2O         5.341D-05 -1.393D-08  3.555D-09  5.011D-05 -2.552D-07  3.042D-05  6.190D-05  3.157D+00  2.076D-05  3.303D-05  3.392D-05
 H2O2W       5.899D-05 -1.584D-08  3.987D-09  5.567D-05 -2.865D-07  3.499D-05  6.572D-05  4.614D-05  2.470D+01  3.737D-05  3.815D-05
 HO2W        5.897D-05 -1.583D-08  3.985D-09  5.565D-05 -2.864D-07  3.496D-05  6.571D-05  4.612D-05  2.443D-05  1.054D+03  3.812D-05
 CO2         5.888D-05 -1.580D-08  3.982D-09  5.556D-05 -2.859D-07  3.489D-05  6.564D-05  4.608D-05  2.437D-05  3.729D-05  3.104D+00
 H           8.578D+01 -4.742D-02  1.157D-02  8.487D+01 -8.572D-01  1.146D+02  8.969D+01  1.238D+02  1.497D+02  1.192D+02  1.196D+02
 H2          1.460D-03 -4.955D-07  1.132D-07  1.448D-03 -8.196D-06  1.189D-03  1.069D-03  1.407D-03  9.653D-04  1.135D-03  1.105D-03
 O           1.238D+02 -6.826D-02  1.677D-02  1.225D+02 -1.241D+00  1.653D+02  1.294D+02  1.799D+02  2.160D+02  1.721D+02  1.727D+02
 N2          2.417D-01 -6.486D-05  1.633D-05  2.281D-01 -1.173D-03  1.432D-01  2.693D-01  1.890D-01  1.001D-01  1.531D-01  1.562D-01
1
 IVAR NAME    H          H2         O       
 
 HCO         6.304D+01  8.708D+01  6.535D+01
 O2          6.171D-01  6.421D-01  1.628D+00
 CO          2.261D+00  2.136D+00  2.283D+00
 HO2         6.335D+01  8.754D+01  6.567D+01
 CH2O       -2.977D-01  6.353D-01 -1.263D+00
 H2O2        8.643D+00  1.060D+01  8.949D+00
 OH          6.499D+01  9.275D+01  6.739D+01
 H2O         5.511D-06  4.580D-05  7.184D-06
 H2O2W       4.088D-05  2.187D-05  4.276D-05
 HO2W        4.086D-05  2.185D-05  4.274D-05
 CO2         4.023D-05  2.124D-05  4.210D-05
 H           8.874D+01  1.617D+02  9.201D+01
 H2          8.778D-03  6.941D+01  8.801D-03
 O           1.280D+02  1.798D+02  1.327D+02
 N2          1.675D-01  8.950D-02  1.752D-01
1
 **** NORMALIZED SENSITIVITY COEFFICIENTS W.R.T THE PREEXPONENTIAL CONSTANTS ****

          DZ(I)/DA(J)*A(J)/Z(I) WHERE Z(I)= 0-ORDER TIME DERIV. OF Y(I), I=COLUMN, J=ROW

          **** NOTE: FOR CONSTANT TEMPERATURE PROBLEMS NORMALIZED SENSITIVITY COEFFICIENTS W.R.T. N(J) AND E(J) ARE 
                     THE SAME AS THE NORMALIZED COEFFICIENTS W.R.T. A(J) ****

 
 REAC NUM     HCO        O2         CO         HO2        CH2O       H2O2       OH         H2O        H2O2W      HO2W       CO2     
 
      1     -9.176D-01 -3.102D-05  7.895D-06  7.940D-02 -5.309D-04  7.774D-02  7.974D-02  7.555D-02  7.406D-02  7.571D-02  7.570D-02
      2      1.133D+00 -3.637D-04  1.321D-04  5.848D-01 -6.640D-03  1.390D+00  6.985D-01  4.825D-01  1.271D+00  3.856D-01  3.936D-01
      3      6.437D-01 -1.733D-04  4.472D-05  6.011D-01 -3.175D-03  3.856D-01  7.085D-01  5.027D-01  2.735D-01  4.084D-01  4.161D-01
      4     -1.739D-01  5.912D-05 -6.874D-06 -1.731D-01  9.720D-04 -1.418D-01 -1.122D+00 -8.599D-02 -1.145D-01 -1.351D-01 -2.123D-01
      5     -7.117D-05  1.494D-08 -5.289D-09 -2.379D-05  2.676D-07 -6.309D-05 -1.231D-04 -1.188D-05 -3.867D-05 -1.149D-05 -1.602D-05
      6     -6.251D-02  1.472D-05 -3.830D-06 -5.742D-02  2.698D-04 -1.498D-01 -6.997D-02 -4.340D-02  8.788D-01 -3.414D-02 -3.490D-02
      7     -1.698D-02  5.194D-06 -1.247D-06 -1.738D-02  9.535D-05 -1.442D-02 -1.708D-02 -1.352D-02 -1.175D-02  9.852D-01 -1.372D-02
      8     -2.002D-01  4.862D-05 -1.067D-05 -2.094D-01  8.286D-04 -1.121D-01 -1.974D-01 -1.157D-01 -7.148D-02 -1.211D-01 -1.206D-01
      9      1.744D-01 -5.929D-05  6.918D-06  1.735D-01 -9.751D-04  1.423D-01  1.230D-01  8.643D-02  1.149D-01  1.355D-01  2.127D-01
     10      5.457D-01 -2.072D-04  3.189D-06  1.293D-01 -3.675D-03  1.007D-01  9.964D-01  9.845D-01  7.830D-02  9.736D-02  1.087D+00
     11     -1.032D-01  3.517D-05 -7.689D-06 -1.027D-01  5.786D-04 -8.442D-02 -1.181D-01 -9.651D-02 -6.826D-02 -8.043D-02 -8.171D-02
     12      1.661D-01 -5.291D-05  1.324D-05  1.558D-01 -9.384D-04  1.273D-01  1.780D-01  1.440D-01  1.026D-01  1.211D-01  1.230D-01
     13     -5.710D-02  1.612D-05 -5.180D-06 -4.723D-02  3.322D-04 -3.863D-02 -5.449D-02 -4.434D-02 -3.113D-02 -3.682D-02 -3.743D-02
     14      2.554D-03 -7.339D-07  2.347D-07  2.125D-03 -1.509D-05  1.761D-03  2.443D-03  2.017D-03  1.433D-03  1.681D-03  1.708D-03
     15      6.476D-09 -1.504D-12  3.035D-13  6.360D-09 -2.290D-11  3.434D-09  8.401D-09  4.285D-09  1.942D-09  3.124D-09  3.216D-09
     16      2.213D-05 -8.186D-09  2.076D-09  2.131D-05 -1.496D-07  2.050D-05  2.249D-05  2.139D-05  1.922D-05  1.996D-05  2.008D-05
     17     -1.200D-04  2.750D-08 -7.412D-09 -8.577D-05  4.494D-07 -8.339D-05 -1.122D-04 -5.955D-05 -5.031D-05 -4.387D-05 -4.513D-05
     18     -3.724D-04  8.689D-08 -1.948D-08 -3.602D-04  1.372D-06 -3.577D-04 -1.884D-04  7.778D-05 -2.161D-04 -1.845D-04 -1.769D-04
     19     -3.338D-08  6.836D-12 -2.759D-12 -8.208D-09  1.252D-10 -3.096D-08 -1.135D-08 -5.465D-09 -1.897D-08 -3.811D-09 -3.948D-09
     20      1.861D-16 -6.436D-20  2.047D-20  1.853D-16 -1.318D-18  1.545D-16  2.125D-16  1.765D-16  1.269D-16  1.477D-16  1.500D-16
     21      8.343D-06 -1.986D-09  4.312D-10  8.203D-06 -3.042D-08  4.555D-06  2.918D-06  5.997D-06  2.649D-06  4.156D-06  3.928D-06
     22      7.748D-01 -3.487D-04  8.392D-05  7.691D-01 -6.216D-03  8.687D-01  7.887D-01  8.701D-01  9.132D-01  8.646D-01  8.650D-01
     23     -3.142D-05  8.749D-09 -9.175D-10 -5.263D-05  1.242D-07 -3.295D-05  2.286D-05  1.667D-05 -2.129D-05 -3.039D-05 -2.654D-05
     24     -3.614D-04  9.994D-08 -9.928D-09 -5.729D-04  1.437D-06 -3.586D-04 -2.725D-04  1.549D-04 -2.317D-04 -3.307D-04 -3.157D-04
     25     -3.412D-03  8.332D-07 -1.930D-07 -3.315D-03  1.408D-05 -2.063D-03 -3.329D-03 -1.945D-03 -1.327D-03 -1.902D-03 -1.905D-03
1
 REAC NUM     H          H2         O       
 
      1      7.880D-02  7.545D-02  8.160D-02
      2      6.879D-01  4.798D-01  7.112D-01
      3      7.001D-01  5.007D-01  7.207D-01
      4     -1.110D+00 -1.073D+00 -1.116D+00
      5     -1.214D-04 -6.619D-05 -1.225D-04
      6     -6.859D-02 -4.300D-02 -7.053D-02
      7     -1.688D-02 -1.350D-02 -1.747D-02
      8     -1.948D-01 -1.154D-01 -2.018D-01
      9      1.110D+00  1.074D+00  1.117D+00
     10      9.871D-01  9.753D-01  9.948D-01
     11     -6.529D-01  3.567D-01 -6.567D-01
     12     -1.941D-02 -5.218D-02  9.580D-01
     13     -3.052D-01 -2.961D-01 -3.070D-01
     14      1.334D-02  1.325D-02  1.343D-02
     15      8.317D-08 -2.924D-08 -2.901D-07
     16      2.214D-05  2.138D-05 -9.999D-01
     17     -9.298D-04  3.299D-04 -9.335D-04
     18     -3.787D-03 -2.115D-03 -3.802D-03
     19     -1.113D-08 -5.414D-09 -3.125D-06
     20      1.144D-15  1.136D-15  1.151D-15
     21      1.035D-04 -4.505D-05  1.039D-04
     22      7.799D-01  8.693D-01  8.080D-01
     23     -5.475D-04 -3.455D-04 -5.496D-04
     24     -5.970D-03 -3.766D-03  2.243D-02
     25     -8.415D-03  8.083D-04 -8.530D-03
1
                TIME   5.00000E-03  SEC              AREA   0.00000E+00  SQ CM              AXIAL POSITION   0.00000E+00  CM


                    FLOW PROPERTIES                                             INTEGRATION INDICATORS

                      PRESSURE                0.92000                             STEPS FROM LAST PRINT            1
                       (ATM)
                      VELOCITY                0.00                                AVERAGE STEP SIZE             0.75190E-03
                       (CM/SEC)
                      DENSITY            3.38184E-04                              TOTAL NUMBER OF STEPS                13
                       (GM/CM**3)
                      TEMPERATURE           952.00
                       (DEG K)
                      MASS FLOW RATE     0.00000E+00
                       (GM/SEC)
                      ENTROPY                 2.0113                              FUNCT EVALUATIONS                    17
                       CAL/GM/DEG K)
                      MACH NUMBER             0.0000                              JACOBIAN EVALUATIONS                  4

                      GAMMA                   1.3328

                      ENTHALPY          -2.08686E+02
                       (CAL/GM)


                                                        CHEMICAL PROPERTIES


 SPECIES    CONCENTRATION   MOLE FRACTION   NET SPECIES PRODUCTION  REACTION   RATE CONST  NET ENERGY EXCHANGE RATE  NET RATE/POSI-
            (MOLES/CM**3)                    RATE (MOLE/CM**3/SEC)   NUMBER    CGS  UNITS    (CAL-CM**3/GM**2/SEC)    TIVE DIR RATE
  HCO        6.35542E-12     5.40286E-07           2.41749E-09          1      6.0230E+10        -2.57175E+05               1.00000
  O2         2.11582E-06     1.79870E-01          -8.08787E-07          2      3.4013E+10         1.78507E+04               0.99909
  CO         4.70603E-06     4.00068E-01           4.41211E-07          3      3.9939E+06         1.33974E+04               1.00000
  HO2        1.03038E-10     8.75946E-06           3.87797E-08          4      9.6370E+13        -9.59397E+04               1.00000
  CH2O       1.16126E-07     9.87207E-03          -8.12327E-07          5      3.0500E+12        -1.95308E+01               0.99993
  H2O2       6.36793E-10     5.41350E-05           3.28330E-07          6      1.0500E+02         0.00000E+00               1.00000
  OH         3.37957E-14     2.87304E-09           1.22607E-11          7      1.0500E+01         0.00000E+00               1.00000
  H2O        6.81618E-10     5.79456E-05           3.78756E-07          8      1.8100E+12        -5.52404E+03               0.97907
  H2O2W      9.93805E-11     8.44852E-06           6.68633E-08          9      1.9857E+11        -6.86135E+03               1.00000
  HO2W       2.00738E-12     1.70651E-07           1.08190E-09         10      6.9523E+08        -1.73362E+05               1.00000
  CO2        6.82325E-10     5.80057E-05           3.68698E-07         11      1.6512E+12        -2.07221E+03               1.00000
  H          8.82726E-14     7.50421E-09           3.92321E-11         12      3.3181E+10         9.08644E+02               1.00000
  H2         3.09932E-11     2.63479E-06           1.72125E-08         13      3.6280E+15        -3.59637E+03               1.00000
  O          9.25422E-16     7.86718E-11          -1.56031E-12         14      2.8020E+05         1.53238E+02               1.00000
  N2         4.82285E-06     4.09999E-01           0.00000E+00         15      1.8216E+11         7.45361E-05               0.87415
                                                                       16      6.0230E+13        -6.86785E+02               1.00000
                                                                       17      8.1238E+11        -7.58975E+00               0.99926
                                                                       18      3.5691E+12        -1.19282E+02               1.00000
                                                                       19      6.0230E+10        -5.32382E-03               0.99991
                                                                       20      4.5956E-12         3.90319E-12               0.99978
                                                                       21      6.1685E+12        -7.71698E-01               0.91004
                                                                       22      1.7491E+04         1.38727E+03               0.95644
                                                                       23      3.0120E+12        -8.13629E+00               1.00000
                                                                       24      3.0120E+13        -1.21788E+02               1.00000
                                                                       25      2.7100E+13        -1.13366E+02               0.99998

    DERIVATIVES (CGS UNITS): T            0.00000E+00    RHO         -0.22131E-03

    MIXTURE MOLECULAR WEIGHT     28.74962     TOTAL ENERGY EXCHANGE RATE   -5.11910E+05       MASS FRACTION SUM    1.00000000
                                                 (CAL-CM**3/GM**2/SEC)




 __________________________________________________________________


     COMPUTER TIME (CPU) REQUIRED: FOR THIS STEP -  0.000000E+00  S     UP TO THIS TIME -  0.000000E+00  S


1
                                             ***** SENSITIVITY CALCULATIONS *****

                                                     TIME =   5.00000D-03

                         SENSITIVITY COEFFICIENTS OF  0-ORDER TIME DERIVATIVE OF DEPENDENT VARIABLES



 **** SENSITIVITY TO INITIAL CONDITIONS ****

          DZ(I)/DYZERO(J)*F(J)/Z(I), WHERE Z(I)= 0-ORDER TIME DERIV. OF Y(I)
                                           F(J)= YZERO(J) FOR YZERO(J) NOT EQUAL TO 0
                                               = 1.0E-4/(INITIAL MWT)  FOR YZERO(J) = 0


 IVAR NAME    HCO        O2         CO         HO2        CH2O       H2O2       OH         H2O        H2O2W      HO2W       CO2     
 
 HCO         5.012D+01 -5.046D-02  1.251D-02  4.936D+01 -9.186D-01  6.801D+01  5.309D+01  7.340D+01  8.920D+01  7.115D+01  7.134D+01
 O2         -1.604D-04  9.999D-01  1.880D-04  9.820D-01 -1.389D-02  1.068D+00  1.051D+00  1.105D+00  1.094D+00  1.064D+00  1.067D+00
 CO          1.035D+00 -6.501D-04  9.999D-01  6.040D-01 -1.157D-02  4.705D-01  1.454D+00  1.327D+00  3.655D-01  4.653D-01  1.536D+00
 HO2         5.037D+01 -5.016D-02  1.232D-02  4.961D+01 -9.233D-01  6.835D+01  5.336D+01  7.378D+01  8.969D+01  7.151D+01  7.170D+01
 CH2O        1.652D+00 -1.126D-03  3.697D-04  1.091D+00  9.921D-01  2.064D+00  2.777D-01  1.214D+00  2.032D+00  1.062D+00  9.918D-01
 H2O2        6.940D+00 -6.220D-03  1.552D-03  6.824D+00 -1.147D-01  9.483D+00  7.340D+00  9.367D+00  1.407D+01  8.696D+00  8.751D+00
 OH          5.166D+01 -5.202D-02  1.286D-02  5.088D+01 -9.570D-01  7.010D+01  5.473D+01  7.731D+01  9.194D+01  7.334D+01  7.367D+01
 H2O         6.664D-05 -3.268D-08  8.402D-09  6.272D-05 -6.071D-07  4.168D-05  7.608D-05  1.726D+00  2.924D-05  4.372D-05  4.475D-05
 H2O2W       7.269D-05 -3.656D-08  9.299D-09  6.874D-05 -6.726D-07  4.699D-05  8.044D-05  5.861D-05  1.184D+01  4.872D-05  4.965D-05
 HO2W        7.266D-05 -3.653D-08  9.292D-09  6.872D-05 -6.720D-07  4.694D-05  8.041D-05  5.857D-05  3.358D-05  5.860D+02  4.961D-05
 CO2         7.257D-05 -3.648D-08  9.286D-09  6.862D-05 -6.711D-07  4.687D-05  8.034D-05  5.853D-05  3.351D-05  4.862D-05  1.724D+00
 H           7.052D+01 -7.111D-02  1.752D-02  6.946D+01 -1.304D+00  9.570D+01  7.472D+01  1.039D+02  1.255D+02  1.001D+02  1.004D+02
 H2          1.586D-03 -1.005D-06  2.337D-07  1.569D-03 -1.704D-05  1.375D-03  1.206D-03  1.579D-03  1.138D-03  1.304D-03  1.273D-03
 O           1.018D+02 -1.025D-01  2.536D-02  1.002D+02 -1.885D+00  1.381D+02  1.078D+02  1.507D+02  1.811D+02  1.445D+02  1.450D+02
 N2          2.978D-01 -1.497D-04  3.807D-05  2.816D-01 -2.753D-03  1.923D-01  3.295D-01  2.399D-01  1.376D-01  1.996D-01  2.032D-01
1
 IVAR NAME    H          H2         O       
 
 HCO         5.228D+01  7.337D+01  5.521D+01
 O2          5.472D-01  6.140D-01  1.560D+00
 CO          2.332D+00  2.210D+00  2.368D+00
 HO2         5.254D+01  7.375D+01  5.549D+01
 CH2O       -2.753D-01  6.694D-01 -1.222D+00
 H2O2        7.219D+00  9.349D+00  7.613D+00
 OH          5.390D+01  7.726D+01  5.694D+01
 H2O         1.953D-05  5.769D-05  2.275D-05
 H2O2W       5.519D-05  3.435D-05  5.873D-05
 HO2W        5.518D-05  3.431D-05  5.871D-05
 CO2         5.454D-05  3.370D-05  5.806D-05
 H           7.359D+01  1.247D+02  7.773D+01
 H2          8.904D-03  3.795D+01  8.953D-03
 O           1.062D+02  1.506D+02  1.122D+02
 N2          2.261D-01  1.405D-01  2.406D-01
1
 **** NORMALIZED SENSITIVITY COEFFICIENTS W.R.T THE PREEXPONENTIAL CONSTANTS ****

          DZ(I)/DA(J)*A(J)/Z(I) WHERE Z(I)= 0-ORDER TIME DERIV. OF Y(I), I=COLUMN, J=ROW

          **** NOTE: FOR CONSTANT TEMPERATURE PROBLEMS NORMALIZED SENSITIVITY COEFFICIENTS W.R.T. N(J) AND E(J) ARE 
                     THE SAME AS THE NORMALIZED COEFFICIENTS W.R.T. A(J) ****

 
 REAC NUM     HCO        O2         CO         HO2        CH2O       H2O2       OH         H2O        H2O2W      HO2W       CO2     
 
      1     -9.210D-01 -5.581D-05  1.427D-05  7.599D-02 -9.774D-04  7.903D-02  7.744D-02  7.651D-02  7.634D-02  7.651D-02  7.651D-02
      2      1.273D+00 -7.400D-04  2.598D-04  7.263D-01 -1.364D-02  1.518D+00  8.593D-01  6.168D-01  1.372D+00  5.090D-01  5.181D-01
      3      7.841D-01 -3.956D-04  1.026D-04  7.350D-01 -7.347D-03  5.107D-01  8.594D-01  6.319D-01  3.701D-01  5.270D-01  5.357D-01
      4     -1.888D-01  1.201D-04 -1.575D-05 -1.876D-01  2.025D-03 -1.644D-01 -1.139D+00 -1.065D-01 -1.356D-01 -1.556D-01 -2.342D-01
      5     -1.330D-04  4.860D-08 -1.705D-08 -4.772D-05  8.790D-07 -1.139D-04 -2.241D-04 -2.400D-05 -6.698D-05 -2.285D-05 -3.075D-05
      6     -8.808D-02  3.836D-05 -1.004D-05 -8.137D-02  7.134D-04 -1.863D-01 -9.792D-02 -6.235D-02  8.524D-01 -5.038D-02 -5.137D-02
      7     -1.831D-02  1.062D-05 -2.585D-06 -1.867D-02  1.977D-04 -1.657D-02 -1.855D-02 -1.544D-02 -1.379D-02  9.838D-01 -1.565D-02
      8     -3.077D-01  1.343D-04 -2.998D-05 -3.222D-01  2.333D-03 -1.796D-01 -3.031D-01 -1.789D-01 -1.133D-01 -1.882D-01 -1.874D-01
      9      1.893D-01 -1.204D-04  1.584D-05  1.880D-01 -2.031D-03  1.649D-01  1.392D-01  1.069D-01  1.360D-01  1.560D-01  2.346D-01
     10      5.549D-01 -3.837D-04  8.532D-06  1.413D-01 -6.858D-03  1.180D-01  9.935D-01  9.864D-01  9.523D-02  1.145D-01  1.103D+00
     11     -1.115D-01  7.120D-05 -1.593D-05 -1.108D-01  1.202D-03 -9.755D-02 -1.272D-01 -1.085D-01 -8.067D-02 -9.232D-02 -9.363D-02
     12      1.809D-01 -1.079D-04  2.720D-05  1.702D-01 -1.946D-03  1.485D-01  1.938D-01  1.627D-01  1.219D-01  1.401D-01  1.420D-01
     13     -6.119D-02  3.272D-05 -1.035D-05 -5.109D-02  6.754D-04 -4.476D-02 -5.894D-02 -4.996D-02 -3.690D-02 -4.240D-02 -4.302D-02
     14      2.699D-03 -1.473D-06  4.631D-07  2.268D-03 -3.032D-05  2.016D-03  2.607D-03  2.246D-03  1.681D-03  1.914D-03  1.941D-03
     15      1.259D-08 -5.153D-12  1.057D-12  1.238D-08 -8.008D-11  6.797D-09  1.629D-08  8.191D-09  3.751D-09  6.047D-09  6.218D-09
     16      2.133D-05 -1.485D-08  3.787D-09  2.053D-05 -2.749D-07  2.100D-05  2.185D-05  2.163D-05  2.003D-05  2.037D-05  2.047D-05
     17     -2.178D-04  8.775D-08 -2.380D-08 -1.566D-04  1.459D-06 -1.510D-04 -2.038D-04 -1.069D-04 -8.828D-05 -7.996D-05 -8.214D-05
     18     -6.794D-04  2.795D-07 -6.376D-08 -6.570D-04  4.517D-06 -6.470D-04 -3.590D-04  1.076D-04 -3.786D-04 -3.357D-04 -3.226D-04
     19     -6.350D-08  2.253D-11 -8.962D-12 -1.751D-08  4.156D-10 -5.639D-08 -2.378D-08 -1.117D-08 -3.301D-08 -8.055D-09 -8.321D-09
     20      1.986D-16 -1.287D-19  4.031D-20  1.975D-16 -2.642D-18  1.762D-16  2.267D-16  1.960D-16  1.479D-16  1.674D-16  1.698D-16
     21      1.551D-05 -6.514D-09  1.435D-09  1.527D-05 -1.018D-07  8.623D-06  5.541D-06  1.095D-05  4.890D-06  7.697D-06  7.282D-06
     22      6.581D-01 -5.687D-04  1.387D-04  6.501D-01 -1.032D-02  7.921D-01  6.819D-01  8.022D-01  8.661D-01  7.929D-01  7.937D-01
     23     -4.841D-05  2.446D-08 -2.816D-09 -8.099D-05  3.606D-07 -5.226D-05  3.299D-05  2.180D-05 -3.329D-05 -4.727D-05 -4.150D-05
     24     -5.571D-04  2.790D-07 -3.049D-08 -8.820D-04  4.157D-06 -5.688D-04 -4.286D-04  1.984D-04 -3.622D-04 -5.146D-04 -4.920D-04
     25     -5.313D-03  2.320D-06 -5.447D-07 -5.171D-03  3.994D-05 -3.307D-03 -5.183D-03 -3.035D-03 -2.092D-03 -2.988D-03 -2.991D-03
1
 REAC NUM     H          H2         O       
 
      1      7.613D-02  7.640D-02  8.024D-02
      2      8.417D-01  6.133D-01  8.851D-01
      3      8.457D-01  6.296D-01  8.836D-01
      4     -1.126D+00 -1.094D+00 -1.135D+00
      5     -2.207D-04 -1.165D-04 -2.236D-04
      6     -9.527D-02 -6.169D-02 -9.938D-02
      7     -1.823D-02 -1.541D-02 -1.920D-02
      8     -2.976D-01 -1.784D-01 -3.134D-01
      9      1.126D+00  1.095D+00  1.135D+00
     10      9.855D-01  9.782D-01  9.977D-01
     11     -6.553D-01  3.450D-01 -6.609D-01
     12     -3.536D-03 -3.298D-02  9.629D-01
     13     -3.078D-01 -3.010D-01 -3.105D-01
     14      1.321D-02  1.326D-02  1.333D-02
     15      1.591D-07 -5.410D-08 -5.475D-07
     16      2.132D-05  2.165D-05 -9.999D-01
     17     -1.628D-03  5.568D-04 -1.637D-03
     18     -6.629D-03 -3.599D-03 -6.662D-03
     19     -2.318D-08 -1.105D-08 -5.515D-06
     20      1.138D-15  1.139D-15  1.149D-15
     21      1.895D-04 -7.980D-05  1.903D-04
     22      6.710D-01  8.014D-01  7.080D-01
     23     -8.236D-04 -5.078D-04 -8.273D-04
     24     -8.985D-03 -5.538D-03  3.328D-02
     25     -1.280D-02  1.025D-03 -1.305D-02
1
0(GCKP)     END OF THIS CASE




               WORK REQUIRED BY SENSITIVITY ROUTINE: 

                    NO. STEPS =              13
                    NO. FUNC. EVAL. =        13
                    NO. JAC. EVAL. =         13
                    TOTAL REAL    SPACE USED =       4536
                    TOTAL INTEGER SPACE USED =         72



                                   TOTAL CPU TIME (INCLUDING I/O) REQUIRED =     0.011719 S



0(GCKP)     READ DATA FOR NEXT CASE
