 Thermodynamic Data File Name:
 thermo.inp                                                                     
                                          
 Case Input Data File Name:
 example_2.inp                                                                  
                                          
 Transport Data File Name:
 transport.inp                                                                  
                                          
1                                                        **  DATA CARDS  **

                                     1         2         3         4         5         6         7         8
                        CC  12345678901234567890123456789012345678901234567890123456789012345678901234567890


                            NEW                                                                             
                               H       +   O2       =   OH      +   O            2.2E+14   0.        16790. 
                               O       +   H2       =   OH      +   H            1.8E+10   1.        8900.  
                               H2      +   OH       =   H2O     +   H            5.2E+13   0.        6500.  
                               OH      +   OH       =   O       +   H2O          6.3E+12   0.        1093.  
                               H       +   O2       =   HO2     +   M            1.5E+15    0.       -1000. 
                               O       +   O        =   O2      +   M            5.7E+13   0.        -1788. 
                               H       +   H        =   H2      +   M            8.3E+17   -1.         0.   
                               H       +   OH       =   H2O     +   M            8.4E+21   -2.       0.     
                               H2      +   HO2      =   H2O     +   OH           7.2E+11   0.        18700. 
                               M       +   H2O2     =2.0OH                       1.3E+17  0.        45500.  
                               H2      +   O2       =2.0OH                      1.00E+13  0.        43000.  
                               H       +   HO2      =   OH      +   OH           2.5E+14   0.        1900.  
                               O       +   HO2      =   OH      +   O2           5.0E+13   0.        1000.  
                               OH      +   HO2      =   H2O     +   O2           5.0E+13   0.        1000.  
                                        2.0HO2      =   H2O2    +   O2          1.00E+12  0.        0.      
                               HO2     +   NO       =   NO2     +   OH           1.2E+13    0.      2380.   
                               O       +   NO2      =   NO      +   O2           1.0E+13     0.      596.   
                               NO      +   O        =   NO2     +   M           5.62E+15   0.        -1160. 
                               NO2     +   H        =   NO      +   OH           2.9E+14   0.         795.  
                               N       +   O2       =   NO      +   O             6.4E+9   1.        6250.  
                               O       +   N2       =   NO      +   N            1.8E+14   0.        76250. 
                               N       +   OH       =   NO      +   H            4.0E+13   0.        0.     
                               M       +   N2O      =   N2      +   O           1.42E+14   0.        51280. 
                               O       +   N2O      =   N2      +   O2          6.23E+13   0.        24520. 
                               O       +   N2O      =2.0NO                       3.1E+13   0.        21800. 
                                        2.0NO2      =2.0NO      +   O2           4.0E+12   0.        26900. 
                               N       +   NO2      =2.0NO                       3.6E+12   0.        0.     
                               OH      +   N2       =   N2O     +   H            3.2E+12   0.        80280. 
                                                            -  BLANK CARD  -
                            CO2       AR                                                                    
                            DISTANCE  AREA                          H2                                      
                             &PROB    ITPSZ=2,  CX0 = 2000.,  ALLM1 = F,                                    
                               PRINT= 3.048, 4.572, 6.096, 7.620, 15.24,  NPRNTS = 5,                       
                               EMAX=5.E-3,  MF= 21, PSTAT= T, ATOLSP=1.E-12,                                
                               HTRAN = T, QMREAD= T,  HT1= 5.863, HT0= -42.88   &END                        
                               H       +   O2       =   HO2     +   M       H2        5.0    O2        2.0  
                               SAME                                         H2O      32.5    N2       2.0   
                               H           H        =   H2      +   M       O2       2.0     H2       5.0   
                               SAME                                         H2O      15.0    N2       2.0   
                               M       +   H2O2     =2.0OH                  O2       0.78    H2O      6.0   
                               SAME                                         H2O2     6.6     H2       2.3   
                               H       +   OH       =   H2O     +   M       H2       4.0     N2       1.6   
                               SAME                                         H2O      20.0    O2       1.6   
                                                            -  BLANK CARD  -
                             &START      P=0.9560,  T=1559., MACH=5.0,                                      
                              ERATIO =1, SCC= 0, SCH= 2, SCOX= 0,   &END                                    
                            END                                                                             
                            FINIS                                                                           
1



     *** THE FOLLOWING  5 ELEMENTS CONSIDERED FOR THIS PROBLEM ***

          AR    C     O     H     N   



     *** THE FOLLOWING 13 REACTING SPECIES CONSIDERED FOR THIS PROBLEM ***

          H         O2        OH        O         H2        H2O       HO2       H2O2      NO        NO2       N         N2      
          N2O     



     *** THE FOLLOWING  2 INERT SPECIES CONSIDERED FOR THIS PROBLEM ***

          CO2       AR      



                    *** THERMODYNAMIC DATA AND MOLECULAR WEIGHT ***



    H                           MWT =       1.00797
   0.25000000E+01   0.00000000E+00   0.00000000E+00   0.00000000E+00   0.00000000E+00   0.25474391E+05  -0.45989841E+00
   0.25000000E+01   0.00000000E+00   0.00000000E+00   0.00000000E+00   0.00000000E+00   0.25474391E+05  -0.45989841E+00


    O2                          MWT =      31.99879
   0.36122139E+01   0.74853166E-03  -0.19820646E-06   0.33749007E-10  -0.23907374E-14  -0.11978151E+04   0.36703308E+01
   0.37837136E+01  -0.30233634E-02   0.99492754E-05  -0.98189101E-08   0.33031826E-11  -0.10638107E+04   0.36416345E+01


    OH                          MWT =      17.00730
   0.28897815E+01   0.10005879E-02  -0.22048808E-06   0.20191288E-10  -0.39409830E-15   0.38857041E+04   0.55566425E+01
   0.38737299E+01  -0.13393773E-02   0.16348351E-05  -0.52133636E-09   0.41826975E-13   0.35802349E+04   0.34202406E+00


    O                           MWT =      15.99940
   0.25342960E+01  -0.12478170E-04  -0.12562724E-07   0.69029860E-11  -0.63797098E-15   0.29231107E+05   0.49628592E+01
   0.30309401E+01  -0.22525853E-02   0.39824540E-05  -0.32604921E-08   0.10152035E-11   0.29136525E+05   0.26099341E+01


    H2                          MWT =       2.01580
   0.30558124E+01   0.59740403E-03  -0.16747471E-08  -0.21247544E-10   0.25195486E-14  -0.86168475E+03  -0.17207073E+01
   0.29432328E+01   0.34815508E-02  -0.77713821E-05   0.74997493E-08  -0.25203379E-11  -0.97695410E+03  -0.18186136E+01


    H2O                         MWT =      18.01520
   0.26340654E+01   0.31121899E-02  -0.90278451E-06   0.12673054E-09  -0.69164734E-14  -0.29876258E+05   0.70823874E+01
   0.41675563E+01  -0.18106868E-02   0.59450877E-05  -0.48670872E-08   0.15284144E-11  -0.30289547E+05  -0.73087996E+00


    HO2                         MWT =      33.00669
   0.40173059E+01   0.22175882E-02  -0.57710173E-06   0.71372880E-10  -0.36458589E-14  -0.11412445E+04   0.37846050E+01
   0.35964103E+01   0.52500749E-03   0.75118346E-05  -0.95674952E-08   0.36597626E-11  -0.89333502E+03   0.66372671E+01


    H2O2                        MWT =      34.01460
   0.47928858E+01   0.36300865E-02  -0.11136435E-05   0.14868513E-09  -0.68958511E-14  -0.18132195E+05  -0.51306415E+00
   0.34546633E+01   0.55575930E-02   0.92103738E-06  -0.46279780E-08   0.21458200E-11  -0.17672328E+05   0.68402452E+01


    NO                          MWT =      30.00610
   0.31486542E+01   0.14151823E-02  -0.57574880E-06   0.10738529E-09  -0.73900203E-14   0.99610625E+04   0.69670935E+01
   0.42484932E+01  -0.48661106E-02   0.11634155E-04  -0.99768496E-08   0.30483949E-11   0.98418047E+04   0.21434822E+01


    NO2                         MWT =      46.00550
   0.45608468E+01   0.28067846E-02  -0.12387496E-05   0.26311570E-09  -0.19824815E-13   0.24359585E+04   0.16466891E+01
   0.35118804E+01   0.16557144E-02   0.82383958E-05  -0.11381848E-07   0.43480302E-11   0.29390818E+04   0.80948820E+01


    N                           MWT =      14.00670
   0.24370811E+01   0.13233886E-03  -0.90907754E-07   0.22864054E-10  -0.13762291E-14   0.56128586E+05   0.45211110E+01
   0.25000005E+01  -0.31078153E-08   0.83216099E-11  -0.94278282E-14   0.38108037E-17   0.56106977E+05   0.41806431E+01


    N2                          MWT =      28.01340
   0.28532898E+01   0.16022128E-02  -0.62936891E-06   0.11441022E-09  -0.78057466E-14  -0.89008093E+03   0.63964896E+01
   0.37044177E+01  -0.14218753E-02   0.28670393E-05  -0.12028885E-08  -0.13954677E-13  -0.10640795E+04   0.22336285E+01


    N2O                         MWT =      44.01280
   0.45880885E+01   0.31004590E-02  -0.12694424E-05   0.24067096E-09  -0.16925096E-13   0.81565674E+04  -0.93500918E+00
   0.23440037E+01   0.10658156E-01  -0.12001427E-04   0.78850517E-08  -0.22429331E-11   0.87332383E+04   0.10383250E+02


    CO2                         MWT =      44.00979
   0.44608040E+01   0.30981719E-02  -0.12392571E-05   0.22741325E-09  -0.15525955E-13  -0.48961441E+05  -0.98635983E+00
   0.24007797E+01   0.87350961E-02  -0.66070879E-05   0.20021862E-08   0.63274039E-15  -0.48377527E+05   0.96951456E+01


    AR                          MWT =      39.94800
   0.25000000E+01   0.00000000E+00   0.00000000E+00   0.00000000E+00   0.00000000E+00  -0.74537500E+03   0.43660007E+01
   0.25000000E+01   0.00000000E+00   0.00000000E+00   0.00000000E+00   0.00000000E+00  -0.74537500E+03   0.43660007E+01
1              DISTANCE-AREA VERSION
+                                                 GENERAL CHEMICAL KINETICS PROGRAM           NASA LEWIS RESEARCH CENTER


                          NEW                                                                             


     REACTION                               REACTION                                          REACTION RATE VARIABLES
      NUMBER                                                                                  A                N         ACTIVATION
                                                                                                                            ENERGY
         1                         1*O2        =    1*OH                                  2.20000E+14         0.0000       16790.00
+                  1*H         +
+                                                               +    1*O       
         2                         1*H2        =    1*OH                                  1.80000E+10         1.0000        8900.00
+                  1*O         +
+                                                               +    1*H       
         3                         1*OH        =    1*H2O                                 5.20000E+13         0.0000        6500.00
+                  1*H2        +
+                                                               +    1*H       
         4                         2*OH        =    1*O                                   6.30000E+12         0.0000        1093.00
+                                                               +    1*H2O     
         5                         1*O2        =    1*HO2                                 1.50000E+15         0.0000       -1000.00
+                  1*H         +
+                                                               +      M       
         6                         2*O         =    1*O2                                  5.70000E+13         0.0000       -1788.00
+                                                               +      M       
         7                         2*H         =    1*H2                                  8.30000E+17        -1.0000           0.00
+                                                               +      M       
         8                         1*OH        =    1*H2O                                 8.40000E+21        -2.0000           0.00
+                  1*H         +
+                                                               +      M       
         9                         1*HO2       =    1*H2O                                 7.20000E+11         0.0000       18700.00
+                  1*H2        +
+                                                               +    1*OH      
        10                         1*H2O2      =    2*OH                                  1.30000E+17         0.0000       45500.00
+                    M         +
        11                         1*O2        =    2*OH                                  1.00000E+13         0.0000       43000.00
+                  1*H2        +
        12                         1*HO2       =    2*OH                                  2.50000E+14         0.0000        1900.00
+                  1*H         +
        13                         1*HO2       =    1*OH                                  5.00000E+13         0.0000        1000.00
+                  1*O         +
+                                                               +    1*O2      
        14                         1*HO2       =    1*H2O                                 5.00000E+13         0.0000        1000.00
+                  1*OH        +
+                                                               +    1*O2      
        15                         2*HO2       =    1*H2O2                                1.00000E+12         0.0000           0.00
+                                                               +    1*O2      
        16                         1*NO        =    1*NO2                                 1.20000E+13         0.0000        2380.00
+                  1*HO2       +
+                                                               +    1*OH      
        17                         1*NO2       =    1*NO                                  1.00000E+13         0.0000         596.00
+                  1*O         +
+                                                               +    1*O2      
        18                         1*O         =    1*NO2                                 5.62000E+15         0.0000       -1160.00
+                  1*NO        +
+                                                               +      M       
        19                         1*H         =    1*NO                                  2.90000E+14         0.0000         795.00
+                  1*NO2       +
+                                                               +    1*OH      
        20                         1*O2        =    1*NO                                  6.40000E+09         1.0000        6250.00
+                  1*N         +
+                                                               +    1*O       
        21                         1*N2        =    1*NO                                  1.80000E+14         0.0000       76250.00
+                  1*O         +
+                                                               +    1*N       
        22                         1*OH        =    1*NO                                  4.00000E+13         0.0000           0.00
+                  1*N         +
+                                                               +    1*H       
        23                         1*N2O       =    1*N2                                  1.42000E+14         0.0000       51280.00
+                    M         +
+                                                               +    1*O       
        24                         1*N2O       =    1*N2                                  6.23000E+13         0.0000       24520.00
+                  1*O         +
+                                                               +    1*O2      
        25                         1*N2O       =    2*NO                                  3.10000E+13         0.0000       21800.00
+                  1*O         +
        26                         2*NO2       =    2*NO                                  4.00000E+12         0.0000       26900.00
+                                                               +    1*O2      
        27                         1*NO2       =    2*NO                                  3.60000E+12         0.0000           0.00
+                  1*N         +
        28                         1*N2        =    1*N2O                                 3.20000E+12         0.0000       80280.00
+                  1*OH        +
+                                                               +    1*H       



                                         ALL THIRD BODY RATIOS ARE 1.0 EXCEPT THE FOLLOWING


     M(H2      ,  5) =  5.00000
+                                    M(O2      ,  7) =  2.00000
+                                                                    M(H2      ,  8) =  4.00000
+                                                                                                    M(O2      , 10) =  0.78000
     M(O2      ,  5) =  2.00000
+                                    M(H2      ,  7) =  5.00000
+                                                                    M(N2      ,  8) =  1.60000
+                                                                                                    M(H2O     , 10) =  6.00000
     M(H2O     ,  5) = 32.50000
+                                    M(H2O     ,  7) = 15.00000
+                                                                    M(H2O     ,  8) = 20.00000
+                                                                                                    M(H2O2    , 10) =  6.60000
     M(N2      ,  5) =  2.00000
+                                    M(N2      ,  7) =  2.00000
+                                                                    M(O2      ,  8) =  1.60000
+                                                                                                    M(H2      , 10) =  2.30000



                                                        INTEGRATION CONTROLS

               MAXIMUM RELATIVE ERROR   5.00000E-03                    SPECIES ABSOLUTE ERROR   1.00000E-12
1                                                  ** ASSIGNED VARIABLE PROFILE **


                                        THE AREA IS CALCULATED FROM THE FOLLOWING POLYNOMIAL

                       AREA (CM**2) = ( 0.00000E+00)X**3 + ( 0.00000E+00)X**2 + ( 0.00000E+00)X + ( 2.00000E+03)



          AIR - FUEL COMBUSTION, EQUIVALENCE RATIO =    1.0000   OXYGEN FRACTION IN AIR = 0.2095



                                             HEAT TRANSFER CASE   QDOT (CAL/CM-SEC) =
                    ( 0.00000E+00)T**4 + ( 0.00000E+00)T**3 +  0.00000E+00)T**2 + ( 5.86300E+00)T + (-4.28800E+01)



                                                  NUMBER OF REACTING SPECIES:   13

                                                     NUMBER OF INERT SPECIES:    2


                                        NUMBER OF SPECIES ODE'S REQUIRED FOR THIS CASE:   13

                                          TOTAL NUMBER OF ODE'S REQUIRED FOR THIS CASE:   16
1                                                    **  INITIAL CONDITIONS  **


                TIME   0.00000E+00  SEC              AREA   2.00000E+03  SQ CM              AXIAL POSITION   0.00000E+00  CM


                    FLOW PROPERTIES                                             INTEGRATION INDICATORS

                      PRESSURE                0.95600                             STEPS FROM LAST PRINT            0
                       (ATM)
                      VELOCITY           450945.64                                AVERAGE STEP SIZE             0.00000E+00
                       (CM/SEC)
                      DENSITY            1.56988E-04                              TOTAL NUMBER OF STEPS                 0
                       (GM/CM**3)
                      TEMPERATURE          1559.00
                       (DEG K)
                      MASS FLOW RATE     1.41586E+05
                       (GM/SEC)
                      ENTROPY                 2.6767                              FUNCT EVALUATIONS                     0
                       CAL/GM/DEG K)
                      MACH NUMBER             5.0000                              JACOBIAN EVALUATIONS                  0

                      GAMMA                   1.3183

                      ENTHALPY           4.54652E+02
                       (CAL/GM)


          HEAT LOSS(QDOT/MDOT) =    6.4255E-02  CAL/(G-CM)


                                                        CHEMICAL PROPERTIES


 SPECIES    CONCENTRATION   MOLE FRACTION   NET SPECIES PRODUCTION  REACTION   RATE CONST   NET REACTION CONV RATE   NET RATE/POSI-
            (MOLES/CM**3)                    RATE (MOLE/CM**3/SEC)   NUMBER    CGS  UNITS   (MOLE-CM**3/GM**2/SEC)    TIVE DIR RATE
  H          0.00000E+00     0.00000E+00           4.73627E-10          1      9.7432E+11         0.00000E+00               0.00000
  O2         1.10332E-06     1.47639E-01          -2.28267E-05          2      1.5866E+12         0.00000E+00               0.00000
  OH         0.00000E+00     0.00000E+00           4.56533E-05          3      6.3796E+12         0.00000E+00               0.00000
  O          0.00000E+00     0.00000E+00           1.23869E-12          4      4.4271E+12         0.00000E+00               0.00000
  H2         2.20665E-06     2.95278E-01          -2.28269E-05          5      2.0715E+15         0.00000E+00               0.00000
  H2O        0.00000E+00     0.00000E+00           0.00000E+00          6      1.0151E+14        -2.01642E-05               1.00000
  HO2        0.00000E+00     0.00000E+00           0.00000E+00          7      5.3239E+14        -9.60893E-03               1.00000
  H2O2       0.00000E+00     0.00000E+00           0.00000E+00          8      3.4561E+15         0.00000E+00               0.00000
  NO         0.00000E+00     0.00000E+00           0.00000E+00          9      1.7213E+09         0.00000E+00               0.00000
  NO2        0.00000E+00     0.00000E+00           0.00000E+00         10      5.4386E+10         0.00000E+00               0.00000
  N          0.00000E+00     0.00000E+00           0.00000E+00         11      9.3758E+06         9.26213E+02               1.00000
  N2         4.11247E-06     5.50303E-01          -2.44792E-13         12      1.3539E+14         0.00000E+00               0.00000
  N2O        0.00000E+00     0.00000E+00           2.44792E-13         13      3.6206E+13         0.00000E+00               0.00000
  CO2        1.57996E-09     2.11419E-04           0.00000E+00         14      3.6206E+13         0.00000E+00               0.00000
  AR         4.90835E-08     6.56802E-03           0.00000E+00         15      1.0000E+12         0.00000E+00               0.00000
                                                                       16      5.5659E+12         0.00000E+00               0.00000
                                                                       17      8.2499E+12         0.00000E+00               0.00000
                                                                       18      8.1724E+15         0.00000E+00               0.00000
                                                                       19      2.2436E+14         0.00000E+00               0.00000
                                                                       20      1.3270E+12         0.00000E+00               0.00000
                                                                       21      3.6821E+03         0.00000E+00               0.00000
                                                                       22      4.0000E+13         0.00000E+00               0.00000
                                                                       23      9.1951E+06         0.00000E+00               0.00000
                                                                       24      2.2758E+10        -9.93268E-06               1.00000
                                                                       25      2.7246E+10         0.00000E+00               0.00000
                                                                       26      6.7773E+08         0.00000E+00               0.00000
                                                                       27      3.6000E+12         0.00000E+00               0.00000
                                                                       28      1.7825E+01         0.00000E+00               0.00000

    DERIVATIVES (CGS UNITS): T           -0.23790E+00    RHO         -0.74966E-09
+                                                                                     V            0.21534E+01

    MIXTURE MOLECULAR WEIGHT     21.00704     TOTAL ENERGY EXCHANGE RATE    1.72614E+07       MASS FRACTION SUM    1.00000000
                                                 (CAL-CM**3/GM**2/SEC)



                                   CPU TIME FOR INITIALIZATION OF GCKP86 =     0.000000 S


1
                TIME   6.75961E-06  SEC              AREA   2.00000E+03  SQ CM              AXIAL POSITION   3.04800E+00  CM


                    FLOW PROPERTIES                                             INTEGRATION INDICATORS

                      PRESSURE                0.97831                             STEPS FROM LAST PRINT           47
                       (ATM)
                      VELOCITY           450626.33                                AVERAGE STEP SIZE             0.65807E-01
                       (CM/SEC)
                      DENSITY            1.57099E-04                              TOTAL NUMBER OF STEPS                47
                       (GM/CM**3)
                      TEMPERATURE          1595.90
                       (DEG K)
                      MASS FLOW RATE     1.41586E+05
                       (GM/SEC)
                      ENTROPY                 2.7043                              FUNCT EVALUATIONS                    64
                       CAL/GM/DEG K)
                      MACH NUMBER             4.9448                              JACOBIAN EVALUATIONS                 11

                      GAMMA                   1.3162

                      ENTHALPY           4.57896E+02
                       (CAL/GM)


          HEAT LOSS(QDOT/MDOT) =    6.5783E-02  CAL/(G-CM)


                                                        CHEMICAL PROPERTIES


 SPECIES    CONCENTRATION   MOLE FRACTION   NET SPECIES PRODUCTION  REACTION   RATE CONST   NET REACTION CONV RATE   NET RATE/POSI-
            (MOLES/CM**3)                    RATE (MOLE/CM**3/SEC)   NUMBER    CGS  UNITS   (MOLE-CM**3/GM**2/SEC)    TIVE DIR RATE
  H          1.84836E-07     2.47416E-02           2.22884E-01          1      1.1044E+12         7.32427E+06               0.93249
  O2         9.49617E-07     1.27113E-01          -1.89875E-01          2      1.7357E+12         5.21753E+06               0.95271
  OH         2.46224E-08     3.29588E-03           3.15642E-02          3      6.6968E+12         1.19552E+07               0.96126
  O          4.18321E-08     5.59952E-03           5.19356E-02          4      4.4633E+12         1.98287E+04               0.18085
  H2         1.86151E-06     2.49176E-01          -4.23433E-01          5      2.0561E+15         4.03455E+05               0.99976
  H2O        2.41784E-07     3.23645E-02           2.96177E-01          6      1.0017E+14         5.30592E+01               1.00000
  HO2        3.57672E-10     4.78770E-05           1.04361E-05          7      5.2008E+14         1.68226E+04               1.00000
  H2O2       1.04598E-11     1.40011E-06           2.63756E-05          8      3.2981E+15         1.25822E+04               1.00000
  NO         1.06209E-15     1.42168E-10           1.88331E-09          9      1.9791E+09         5.33924E+01               1.00000
  NO2        1.11173E-19     1.48813E-14           1.56857E-13         10      7.6381E+10        -1.06359E+03               0.75105
  N          2.84851E-16     3.81293E-11           4.54422E-10         11      1.2924E+07         9.22740E+02               0.99681
  N2         4.11538E-06     5.50874E-01          -4.92158E-08         12      1.3732E+14         3.67845E+05               0.99999
  N2O        3.65249E-14     4.88911E-09           4.80469E-08         13      3.6478E+13         2.21095E+04               0.99978
  CO2        1.58108E-09     2.11639E-04           0.00000E+00         14      3.6478E+13         1.30142E+04               0.99982
  AR         4.91183E-08     6.57484E-03           0.00000E+00         15      1.0000E+12         5.10426E+00               0.98471
                                                                       16      5.6657E+12         8.64944E-05               0.99182
                                                                       17      8.2867E+12         1.51971E-06               0.97323
                                                                       18      8.1020E+15         1.08959E-04               0.99997
                                                                       19      2.2570E+14         1.87578E-04               0.99819
                                                                       20      1.4233E+12         1.55993E-02               1.00000
                                                                       21      6.5055E+03         4.53789E-02               1.00000
                                                                       22      4.0000E+13         1.13671E-02               0.99998
                                                                       23      1.3483E+07        -2.12758E+00               0.99993
                                                                       24      2.7329E+10         1.67304E-03               0.98887
                                                                       25      3.2061E+10         1.98486E-03               1.00000
                                                                       26      8.2844E+08        -3.80589E-19               0.99891
                                                                       27      3.6000E+12         4.61926E-15               1.00000
                                                                       28      3.2454E+01        -1.77141E-01               0.99925

    DERIVATIVES (CGS UNITS): T            0.10789E+03    RHO          0.32456E-06
+                                                                                     V           -0.93099E+03

    MIXTURE MOLECULAR WEIGHT     21.02882     TOTAL ENERGY EXCHANGE RATE   -8.58377E+10       MASS FRACTION SUM    1.00000000
                                                 (CAL-CM**3/GM**2/SEC)




 __________________________________________________________________


     COMPUTER TIME (CPU) REQUIRED: FOR THIS STEP -  0.000000E+00  S     UP TO THIS TIME -  0.000000E+00  S


1
                TIME   1.01522E-05  SEC              AREA   2.00000E+03  SQ CM              AXIAL POSITION   4.57200E+00  CM


                    FLOW PROPERTIES                                             INTEGRATION INDICATORS

                      PRESSURE                1.17861                             STEPS FROM LAST PRINT           16
                       (ATM)
                      VELOCITY           447759.50                                AVERAGE STEP SIZE             0.98201E-01
                       (CM/SEC)
                      DENSITY            1.58105E-04                              TOTAL NUMBER OF STEPS                63
                       (GM/CM**3)
                      TEMPERATURE          1943.16
                       (DEG K)
                      MASS FLOW RATE     1.41586E+05
                       (GM/SEC)
                      ENTROPY                 2.7652                              FUNCT EVALUATIONS                   103
                       CAL/GM/DEG K)
                      MACH NUMBER             4.5222                              JACOBIAN EVALUATIONS                 15

                      GAMMA                   1.2980

                      ENTHALPY           4.88564E+02
                       (CAL/GM)


          HEAT LOSS(QDOT/MDOT) =    8.0163E-02  CAL/(G-CM)


                                                        CHEMICAL PROPERTIES


 SPECIES    CONCENTRATION   MOLE FRACTION   NET SPECIES PRODUCTION  REACTION   RATE CONST   NET REACTION CONV RATE   NET RATE/POSI-
            (MOLES/CM**3)                    RATE (MOLE/CM**3/SEC)   NUMBER    CGS  UNITS   (MOLE-CM**3/GM**2/SEC)    TIVE DIR RATE
  H          7.71890E-07     1.04426E-01          -5.73951E-02          1      2.8447E+12        -1.23898E+05               0.00526
  O2         2.66736E-07     3.60855E-02          -1.57099E-02          2      3.4897E+12         5.72805E+04               0.00381
  OH         1.91622E-07     2.59237E-02           1.75437E-02          3      9.6592E+12         2.42483E+05               0.00694
  O          2.28098E-07     3.08583E-02          -5.45894E-03          4      4.7469E+12         2.18952E+04               0.00314
  H2         4.71849E-07     6.38344E-02           5.09308E-04          5      1.9434E+15         8.57297E+05               0.99837
  H2O        1.26849E-06     1.71608E-01           1.94896E-02          6      9.0568E+13         1.39339E+03               0.99999
  HO2        1.60356E-10     2.16939E-05          -9.06104E-06          7      4.2714E+14         3.20154E+05               0.99999
  H2O2       1.71505E-10     2.32021E-05          -6.87062E-05          8      2.2246E+15         4.68009E+05               0.99999
  NO         7.52531E-13     1.01807E-07           8.87245E-07          9      5.6770E+09         1.71225E+01               0.99643
  NO2        5.71692E-17     7.73417E-12           7.11589E-11         10      9.9198E+11         2.74726E+03               0.02825
  N          4.94651E-14     6.69191E-09           4.01276E-08         11      1.4579E+08        -1.06843E+00               0.00145
  N2         4.14173E-06     5.60316E-01          -5.49462E-07         12      1.5284E+14         7.54107E+05               0.99641
  N2O        4.89714E-13     6.62512E-08           8.57406E-08         13      3.8592E+13         5.62679E+04               0.99643
  CO2        1.59120E-09     2.15266E-04           0.00000E+00         14      3.8592E+13         4.72704E+04               0.99644
  AR         4.94328E-08     6.68754E-03           0.00000E+00         15      1.0000E+12        -1.30493E+00               0.55919
                                                                       16      6.4789E+12         2.72163E-02               0.87018
                                                                       17      8.5697E+12         4.34751E-03               0.97248
                                                                       18      7.5893E+15         3.85137E-01               0.99979
                                                                       19      2.3604E+14         4.05159E-01               0.97233
                                                                       20      2.4646E+12         1.29992E+00               0.99926
                                                                       21      4.7791E+05         1.80616E+01               1.00000
                                                                       22      4.0000E+13         1.51564E+01               0.99927
                                                                       23      2.4253E+08        -2.61745E+01               0.99866
                                                                       24      1.0882E+11         4.84158E-01               0.99568
                                                                       25      1.0952E+11         4.89399E-01               1.00000
                                                                       26      3.7721E+09        -6.40190E-14               0.99235
                                                                       27      3.6000E+12         4.07253E-10               0.99998
                                                                       28      2.9920E+03        -2.17709E+01               0.99566

    DERIVATIVES (CGS UNITS): T            0.19649E+03    RHO          0.54902E-06
+                                                                                     V           -0.15549E+04

    MIXTURE MOLECULAR WEIGHT     21.38929     TOTAL ENERGY EXCHANGE RATE   -1.71068E+11       MASS FRACTION SUM    1.00000036
                                                 (CAL-CM**3/GM**2/SEC)




 __________________________________________________________________


     COMPUTER TIME (CPU) REQUIRED: FOR THIS STEP -  0.000000E+00  S     UP TO THIS TIME -  0.000000E+00  S


1
                TIME   1.35637E-05  SEC              AREA   2.00000E+03  SQ CM              AXIAL POSITION   6.09600E+00  CM


                    FLOW PROPERTIES                                             INTEGRATION INDICATORS

                      PRESSURE                1.31383                             STEPS FROM LAST PRINT            8
                       (ATM)
                      VELOCITY           445824.03                                AVERAGE STEP SIZE             0.19405E+00
                       (CM/SEC)
                      DENSITY            1.58791E-04                              TOTAL NUMBER OF STEPS                71
                       (GM/CM**3)
                      TEMPERATURE          2191.32
                       (DEG K)
                      MASS FLOW RATE     1.41586E+05
                       (GM/SEC)
                      ENTROPY                 2.7802                              FUNCT EVALUATIONS                   117
                       CAL/GM/DEG K)
                      MACH NUMBER             4.2922                              JACOBIAN EVALUATIONS                 18

                      GAMMA                   1.2869

                      ENTHALPY           5.09102E+02
                       (CAL/GM)


          HEAT LOSS(QDOT/MDOT) =    9.0439E-02  CAL/(G-CM)


                                                        CHEMICAL PROPERTIES


 SPECIES    CONCENTRATION   MOLE FRACTION   NET SPECIES PRODUCTION  REACTION   RATE CONST   NET REACTION CONV RATE   NET RATE/POSI-
            (MOLES/CM**3)                    RATE (MOLE/CM**3/SEC)   NUMBER    CGS  UNITS   (MOLE-CM**3/GM**2/SEC)    TIVE DIR RATE
  H          6.13431E-07     8.39545E-02          -3.71652E-02          1      4.6547E+12        -2.02384E+05               0.00756
  O2         2.34498E-07     3.20935E-02          -7.51942E-03          2      5.1091E+12         4.15311E+04               0.00207
  OH         2.35931E-07     3.22896E-02           9.29663E-03          3      1.1688E+13         1.04163E+05               0.00196
  O          2.04506E-07     2.79887E-02          -7.27305E-03          4      4.9015E+12        -1.11292E+03               0.00010
  H2         4.85023E-07     6.63805E-02           9.07657E-04          5      1.8872E+15         5.90269E+05               0.99159
  H2O        1.32216E-06     1.80952E-01           1.30398E-02          6      8.5941E+13         1.04134E+03               0.99980
  HO2        1.30833E-10     1.79058E-05          -5.65562E-06          7      3.7877E+14         1.81702E+05               0.99980
  H2O2       6.28093E-11     8.59610E-06          -1.04084E-05          8      1.7493E+15         3.66605E+05               0.99980
  NO         1.25857E-11     1.72248E-06           7.51296E-06          9      9.8244E+09         2.41239E+01               0.97570
  NO2        1.07635E-15     1.47310E-10           6.52592E-10         10      3.7674E+12         4.11501E+02               0.00302
  N          3.59068E-13     4.91422E-08           1.50814E-07         11      5.1456E+08        -1.28569E+01               0.00551
  N2         4.15971E-06     5.69299E-01          -3.86727E-06         12      1.6160E+14         5.01846E+05               0.97565
  N2O        6.52748E-13     8.93354E-08           3.50597E-08         13      3.9741E+13         4.11511E+04               0.97584
  CO2        1.59811E-09     2.18718E-04           0.00000E+00         14      3.9741E+13         4.74744E+04               0.97584
  AR         4.96474E-08     6.79477E-03           0.00000E+00         15      1.0000E+12        -1.29255E+00               0.65565
                                                                       16      6.9473E+12         3.41053E-01               0.75174
                                                                       17      8.7208E+12         6.87222E-02               0.90267
                                                                       18      7.3355E+15         5.45982E+00               0.99793
                                                                       19      2.4161E+14         5.70627E+00               0.90193
                                                                       20      3.3385E+12         1.10994E+01               0.99560
                                                                       21      4.4725E+06         1.50885E+02               0.99996
                                                                       22      4.0000E+13         1.33804E+02               0.99564
                                                                       23      1.0912E+09        -3.64223E+01               0.99436
                                                                       24      2.2336E+11         1.14020E+00               0.96422
                                                                       25      2.0757E+11         1.09889E+00               1.00000
                                                                       26      8.3026E+09        -1.75385E-11               0.97871
                                                                       27      3.6000E+12         5.51564E-08               0.99957
                                                                       28      3.1513E+04        -3.27928E+01               0.96395

    DERIVATIVES (CGS UNITS): T            0.13612E+03    RHO          0.37272E-06
+                                                                                     V           -0.10464E+04

    MIXTURE MOLECULAR WEIGHT     21.73224     TOTAL ENERGY EXCHANGE RATE   -1.20408E+11       MASS FRACTION SUM    1.00000024
                                                 (CAL-CM**3/GM**2/SEC)




 __________________________________________________________________


     COMPUTER TIME (CPU) REQUIRED: FOR THIS STEP -  0.000000E+00  S     UP TO THIS TIME -  0.000000E+00  S


1
                TIME   1.69876E-05  SEC              AREA   2.00000E+03  SQ CM              AXIAL POSITION   7.62000E+00  CM


                    FLOW PROPERTIES                                             INTEGRATION INDICATORS

                      PRESSURE                1.40934                             STEPS FROM LAST PRINT            5
                       (ATM)
                      VELOCITY           444456.65                                AVERAGE STEP SIZE             0.36508E+00
                       (CM/SEC)
                      DENSITY            1.59280E-04                              TOTAL NUMBER OF STEPS                76
                       (GM/CM**3)
                      TEMPERATURE          2371.05
                       (DEG K)
                      MASS FLOW RATE     1.41586E+05
                       (GM/SEC)
                      ENTROPY                 2.7880                              FUNCT EVALUATIONS                   124
                       CAL/GM/DEG K)
                      MACH NUMBER             4.1494                              JACOBIAN EVALUATIONS                 20

                      GAMMA                   1.2797

                      ENTHALPY           5.23516E+02
                       (CAL/GM)


          HEAT LOSS(QDOT/MDOT) =    9.7881E-02  CAL/(G-CM)


                                                        CHEMICAL PROPERTIES


 SPECIES    CONCENTRATION   MOLE FRACTION   NET SPECIES PRODUCTION  REACTION   RATE CONST   NET REACTION CONV RATE   NET RATE/POSI-
            (MOLES/CM**3)                    RATE (MOLE/CM**3/SEC)   NUMBER    CGS  UNITS   (MOLE-CM**3/GM**2/SEC)    TIVE DIR RATE
  H          5.09801E-07     7.03782E-02          -2.49283E-02          1      6.2347E+12        -1.52518E+05               0.00567
  O2         2.13302E-07     2.94464E-02          -5.32705E-03          2      6.4545E+12         5.68414E+04               0.00253
  OH         2.61295E-07     3.60718E-02           5.04255E-03          3      1.3088E+13         1.37396E+05               0.00210
  O          1.82024E-07     2.51285E-02          -6.30898E-03          4      4.9957E+12        -5.78838E+03               0.00043
  H2         4.84652E-07     6.69063E-02          -1.95601E-03          5      1.8547E+15         4.39776E+05               0.97606
  H2O        1.36857E-06     1.88931E-01           1.19007E-02          6      8.3307E+13         7.86688E+02               0.99820
  HO2        1.17137E-10     1.61708E-05          -2.01734E-06          7      3.5006E+14         1.17152E+05               0.99819
  H2O2       3.39084E-11     4.68107E-06          -7.94501E-07          8      1.4942E+15         2.92349E+05               0.99819
  NO         6.60983E-11     9.12489E-06           2.53945E-05          9      1.3604E+10         2.81351E+01               0.92420
  NO2        6.46214E-15     8.92100E-10           3.41792E-09         10      8.3180E+12         3.01411E+01               0.00018
  N          1.11957E-12     1.54556E-07           3.02396E-07         11      1.0877E+09        -1.40067E+01               0.00315
  N2         4.17248E-06     5.76011E-01          -1.28962E-05         12      1.6704E+14         3.63309E+05               0.92404
  N2O        7.89402E-13     1.08977E-07           4.60499E-08         13      4.0439E+13         3.14192E+04               0.92448
  CO2        1.60302E-09     2.21298E-04           0.00000E+00         14      4.0439E+13         4.51004E+04               0.92444
  AR         4.98001E-08     6.87492E-03           0.00000E+00         15      1.0000E+12        -1.17537E+00               0.68487
                                                                       16      7.2411E+12         1.37814E+00               0.62362
                                                                       17      8.8118E+12         3.26573E-01               0.79934
                                                                       18      7.1888E+15         2.44744E+01               0.99104
                                                                       19      2.4497E+14         2.53912E+01               0.79819
                                                                       20      4.0275E+12         3.74316E+01               0.98737
                                                                       21      1.6865E+07         5.04792E+02               0.99980
                                                                       22      4.0000E+13         4.55441E+02               0.98744
                                                                       23      2.6644E+09        -4.22276E+01               0.98598
                                                                       24      3.4228E+11         1.69003E+00               0.87179
                                                                       25      3.0337E+11         1.71820E+00               1.00000
                                                                       26      1.3261E+10        -4.67038E-10               0.95535
                                                                       27      3.6000E+12         1.02402E-06               0.99747
                                                                       28      1.2747E+05        -3.70042E+01               0.87105

    DERIVATIVES (CGS UNITS): T            0.10214E+03    RHO          0.27547E-06
+                                                                                     V           -0.76867E+03

    MIXTURE MOLECULAR WEIGHT     21.98859     TOTAL ENERGY EXCHANGE RATE   -9.12400E+10       MASS FRACTION SUM    1.00000024
                                                 (CAL-CM**3/GM**2/SEC)




 __________________________________________________________________


     COMPUTER TIME (CPU) REQUIRED: FOR THIS STEP -  0.000000E+00  S     UP TO THIS TIME -  0.000000E+00  S


1
                TIME   3.42099E-05  SEC              AREA   2.00000E+03  SQ CM              AXIAL POSITION   1.52400E+01  CM


                    FLOW PROPERTIES                                             INTEGRATION INDICATORS

                      PRESSURE                1.64390                             STEPS FROM LAST PRINT            9
                       (ATM)
                      VELOCITY           441096.56                                AVERAGE STEP SIZE             0.81441E+00
                       (CM/SEC)
                      DENSITY            1.60493E-04                              TOTAL NUMBER OF STEPS                85
                       (GM/CM**3)
                      TEMPERATURE          2830.49
                       (DEG K)
                      MASS FLOW RATE     1.41586E+05
                       (GM/SEC)
                      ENTROPY                 2.7985                              FUNCT EVALUATIONS                   136
                       CAL/GM/DEG K)
                      MACH NUMBER             3.8519                              JACOBIAN EVALUATIONS                 23

                      GAMMA                   1.2635

                      ENTHALPY           5.58314E+02
                       (CAL/GM)


          HEAT LOSS(QDOT/MDOT) =    1.1691E-01  CAL/(G-CM)


                                                        CHEMICAL PROPERTIES


 SPECIES    CONCENTRATION   MOLE FRACTION   NET SPECIES PRODUCTION  REACTION   RATE CONST   NET REACTION CONV RATE   NET RATE/POSI-
            (MOLES/CM**3)                    RATE (MOLE/CM**3/SEC)   NUMBER    CGS  UNITS   (MOLE-CM**3/GM**2/SEC)    TIVE DIR RATE
  H          2.85221E-07     4.02976E-02          -5.60186E-03          1      1.1118E+13        -3.49496E+04               0.00176
  O2         1.60902E-07     2.27332E-02          -1.64290E-03          2      1.0470E+13         3.15139E+04               0.00151
  OH         2.90969E-07     4.11097E-02          -7.46654E-04          3      1.6373E+13         1.03550E+05               0.00126
  O          1.15754E-07     1.63544E-02          -2.18958E-03          4      5.1874E+12        -4.23894E+03               0.00025
  H2         4.42759E-07     6.25554E-02          -2.81298E-03          5      1.7919E+15         1.31676E+05               0.67338
  H2O        1.52499E-06     2.15458E-01           5.98139E-03          6      7.8331E+13         2.33299E+02               0.80894
  HO2        1.20752E-10     1.70605E-05           3.51783E-06          7      2.9324E+14         2.58738E+04               0.80831
  H2O2       8.56395E-12     1.20996E-06           4.08981E-06          8      1.0485E+15         1.09254E+05               0.80856
  NO         2.13318E-09     3.01388E-04           2.25160E-04          9      2.5909E+10         2.22490E+01               0.41372
  NO2        3.85139E-13     5.44145E-08           5.66240E-08         10      3.9881E+13        -1.59230E+02               0.00079
  N          1.00551E-11     1.42064E-06           6.50514E-07         11      4.7847E+09        -3.29434E+00               0.00025
  N2         4.20321E-06     5.93852E-01          -1.13088E-04         12      1.7833E+14         9.84747E+04               0.41297
  N2O        2.61973E-12     3.70130E-07           1.54750E-07         13      4.1856E+13         9.40343E+03               0.41401
  CO2        1.61523E-09     2.28209E-04           0.00000E+00         14      4.1856E+13         2.36289E+04               0.41386
  AR         5.01794E-08     7.08961E-03           0.00000E+00         15      1.0000E+12        -4.50526E-01               0.44317
                                                                       16      7.8599E+12         1.09844E+01               0.13975
                                                                       17      8.9946E+12         4.96319E+00               0.31881
                                                                       18      6.9072E+15         3.37213E+02               0.71952
                                                                       19      2.5178E+14         3.41035E+02               0.31761
                                                                       20      5.9630E+12         3.31340E+02               0.88465
                                                                       21      2.3324E+08         4.37687E+03               0.99346
                                                                       22      4.0000E+13         4.02027E+03               0.88486
                                                                       23      1.5589E+10        -3.67255E+01               0.76595
                                                                       24      7.9659E+11         1.72256E+00               0.18368
                                                                       25      6.4287E+11         7.56382E+00               0.99938
                                                                       26      3.3500E+10        -2.75609E-07               0.58825
                                                                       27      3.6000E+12         4.98720E-04               0.92143
                                                                       28      2.0254E+06        -2.14313E+01               0.18224

    DERIVATIVES (CGS UNITS): T            0.32558E+02    RHO          0.84059E-07
+                                                                                     V           -0.23103E+03

    MIXTURE MOLECULAR WEIGHT     22.67526     TOTAL ENERGY EXCHANGE RATE   -2.98963E+10       MASS FRACTION SUM    1.00000012
                                                 (CAL-CM**3/GM**2/SEC)




 __________________________________________________________________


     COMPUTER TIME (CPU) REQUIRED: FOR THIS STEP -  0.000000E+00  S     UP TO THIS TIME -  0.000000E+00  S


1
0(GCKP)     END OF THIS CASE



                                   TOTAL CPU TIME (INCLUDING I/O) REQUIRED =     0.000000 S



0(GCKP)     READ DATA FOR NEXT CASE
