 Thermodynamic Data File Name:
 thermo.inp                                                                     
                                          
 Case Input Data File Name:
 example_12.inp                                                                 
                                          
 Transport Data File Name:
 transport.inp                                                                  
                                          
1                                                        **  DATA CARDS  **

                                     1         2         3         4         5         6         7         8
                        CC  12345678901234567890123456789012345678901234567890123456789012345678901234567890


                            NEW                                                                             
                               H       +   O2       =   OH      +   O            2.2E+14   0.        16790. 
                               O       +   H2       =   OH      +   H            1.8E+10   1.        8900.  
                               H2      +   OH       =   H2O     +   H            5.2E+13   0.        6500.  
                               OH      +   OH       =   O       +   H2O          6.3E+12   0.        1093.  
                               H       +   O2       =   HO2     +   M            1.5E+15    0.       -1000. 
                               O       +   O        =   O2      +   M            5.7E+13   0.        -1788. 
                               H       +   H        =   H2      +   M            8.3E+17   -1.         0.   
                               H       +   OH       =   H2O     +   M            8.4E+21   -2.       0.     
                               H2      +   HO2      =   H2O     +   OH           7.2E+11   0.        18700. 
                               M       +   H2O2     =2.0OH                       1.3E+17  0.        45500.  
                               H2      +   O2       =2.0OH                      1.00E+13  0.        43000.  
                               H       +   HO2      =   OH      +   OH           2.5E+14   0.        1900.  
                               O       +   HO2      =   OH      +   O2           5.0E+13   0.        1000.  
                               OH      +   HO2      =   H2O     +   O2           5.0E+13   0.        1000.  
                                        2.0HO2      =   H2O2    +   O2          1.80E+12  0.        0.      
                               OH      +   H2O2     =   H2O     +   HO2          1.0E+13   0.        1800.  
                               O       +   H2O2     =   OH      +   HO2          8.0E+13   0.        1000.  
                               H       +   H2O2     =   H2O     +   OH           3.2E+14   0.        9000.  
                               HNU     +   H2       >2.0H                          .003   0.           0.   
                               HNU     +   O2       >2.0O                          .005     0.        0.    
                                                            -  BLANK CARD  -
                            END                                                                             
                            TIME                                                                            
                             &PROB    ITPSZ=5, ALLM1 = F,  RHOCON =T, IPRINT=50,                            
                               EMAX=1.E-6,  MF= 21, END = 1.147376, ATOLSP=1.E-15,   &END                   
                               H       +   O2       =   HO2     +   M       H2        5.0    O2        2.0  
                               SAME                                         H2O      32.5                   
                               H           H        =   H2      +   M       O2       2.0     H2       5.0   
                               SAME                                         H2O      15.0                   
                               M       +   H2O2     =2.0OH                  O2       0.78    H2O      6.0   
                               SAME                                         H2O2     6.6     H2       2.3   
                               H       +   OH       =   H2O     +   M       H2       4.0                    
                               SAME                                         H2O      20.0    O2       1.6   
                                                            -  BLANK CARD  -
                             &START T= 700, P = 2.    &END                                                  
                            H2        .667                                                                  
                            O2        .333                                                                  
                            END                                                                             
                            FINIS                                                                           
1



     *** THE FOLLOWING  2 ELEMENTS CONSIDERED FOR THIS PROBLEM ***

          H     O   



     *** THE FOLLOWING  8 REACTING SPECIES CONSIDERED FOR THIS PROBLEM ***

          H         O2        OH        O         H2        H2O       HO2       H2O2    


     *** NO INERT SPECIES CONSIDERED FOR THIS PROBLEM ***






                    *** THERMODYNAMIC DATA AND MOLECULAR WEIGHT ***



    H                           MWT =       1.00797
   0.25000000E+01   0.00000000E+00   0.00000000E+00   0.00000000E+00   0.00000000E+00   0.25474391E+05  -0.45989841E+00
   0.25000000E+01   0.00000000E+00   0.00000000E+00   0.00000000E+00   0.00000000E+00   0.25474391E+05  -0.45989841E+00


    O2                          MWT =      31.99879
   0.36122139E+01   0.74853166E-03  -0.19820646E-06   0.33749007E-10  -0.23907374E-14  -0.11978151E+04   0.36703308E+01
   0.37837136E+01  -0.30233634E-02   0.99492754E-05  -0.98189101E-08   0.33031826E-11  -0.10638107E+04   0.36416345E+01


    OH                          MWT =      17.00730
   0.28897815E+01   0.10005879E-02  -0.22048808E-06   0.20191288E-10  -0.39409830E-15   0.38857041E+04   0.55566425E+01
   0.38737299E+01  -0.13393773E-02   0.16348351E-05  -0.52133636E-09   0.41826975E-13   0.35802349E+04   0.34202406E+00


    O                           MWT =      15.99940
   0.25342960E+01  -0.12478170E-04  -0.12562724E-07   0.69029860E-11  -0.63797098E-15   0.29231107E+05   0.49628592E+01
   0.30309401E+01  -0.22525853E-02   0.39824540E-05  -0.32604921E-08   0.10152035E-11   0.29136525E+05   0.26099341E+01


    H2                          MWT =       2.01580
   0.30558124E+01   0.59740403E-03  -0.16747471E-08  -0.21247544E-10   0.25195486E-14  -0.86168475E+03  -0.17207073E+01
   0.29432328E+01   0.34815508E-02  -0.77713821E-05   0.74997493E-08  -0.25203379E-11  -0.97695410E+03  -0.18186136E+01


    H2O                         MWT =      18.01520
   0.26340654E+01   0.31121899E-02  -0.90278451E-06   0.12673054E-09  -0.69164734E-14  -0.29876258E+05   0.70823874E+01
   0.41675563E+01  -0.18106868E-02   0.59450877E-05  -0.48670872E-08   0.15284144E-11  -0.30289547E+05  -0.73087996E+00


    HO2                         MWT =      33.00669
   0.40173059E+01   0.22175882E-02  -0.57710173E-06   0.71372880E-10  -0.36458589E-14  -0.11412445E+04   0.37846050E+01
   0.35964103E+01   0.52500749E-03   0.75118346E-05  -0.95674952E-08   0.36597626E-11  -0.89333502E+03   0.66372671E+01


    H2O2                        MWT =      34.01460
   0.47928858E+01   0.36300865E-02  -0.11136435E-05   0.14868513E-09  -0.68958511E-14  -0.18132195E+05  -0.51306415E+00
   0.34546633E+01   0.55575930E-02   0.92103738E-06  -0.46279780E-08   0.21458200E-11  -0.17672328E+05   0.68402452E+01
1                TIME-AREA VERSION
+                                                 GENERAL CHEMICAL KINETICS PROGRAM           NASA LEWIS RESEARCH CENTER


                          NEW                                                                             


     REACTION                               REACTION                                          REACTION RATE VARIABLES
      NUMBER                                                                                  A                N         ACTIVATION
                                                                                                                            ENERGY
         1                         1*O2        =    1*OH                                  2.20000E+14         0.0000       16790.00
+                  1*H         +
+                                                               +    1*O       
         2                         1*H2        =    1*OH                                  1.80000E+10         1.0000        8900.00
+                  1*O         +
+                                                               +    1*H       
         3                         1*OH        =    1*H2O                                 5.20000E+13         0.0000        6500.00
+                  1*H2        +
+                                                               +    1*H       
         4                         2*OH        =    1*O                                   6.30000E+12         0.0000        1093.00
+                                                               +    1*H2O     
         5                         1*O2        =    1*HO2                                 1.50000E+15         0.0000       -1000.00
+                  1*H         +
+                                                               +      M       
         6                         2*O         =    1*O2                                  5.70000E+13         0.0000       -1788.00
+                                                               +      M       
         7                         2*H         =    1*H2                                  8.30000E+17        -1.0000           0.00
+                                                               +      M       
         8                         1*OH        =    1*H2O                                 8.40000E+21        -2.0000           0.00
+                  1*H         +
+                                                               +      M       
         9                         1*HO2       =    1*H2O                                 7.20000E+11         0.0000       18700.00
+                  1*H2        +
+                                                               +    1*OH      
        10                         1*H2O2      =    2*OH                                  1.30000E+17         0.0000       45500.00
+                    M         +
        11                         1*O2        =    2*OH                                  1.00000E+13         0.0000       43000.00
+                  1*H2        +
        12                         1*HO2       =    2*OH                                  2.50000E+14         0.0000        1900.00
+                  1*H         +
        13                         1*HO2       =    1*OH                                  5.00000E+13         0.0000        1000.00
+                  1*O         +
+                                                               +    1*O2      
        14                         1*HO2       =    1*H2O                                 5.00000E+13         0.0000        1000.00
+                  1*OH        +
+                                                               +    1*O2      
        15                         2*HO2       =    1*H2O2                                1.80000E+12         0.0000           0.00
+                                                               +    1*O2      
        16                         1*H2O2      =    1*H2O                                 1.00000E+13         0.0000        1800.00
+                  1*OH        +
+                                                               +    1*HO2     
        17                         1*H2O2      =    1*OH                                  8.00000E+13         0.0000        1000.00
+                  1*O         +
+                                                               +    1*HO2     
        18                         1*H2O2      =    1*H2O                                 3.20000E+14         0.0000        9000.00
+                  1*H         +
+                                                               +    1*OH      
        19                         1*H2        >    2*H                                   3.00000E-03         0.0000           0.00
+                    HNU       +
        20                         1*O2        >    2*O                                   5.00000E-03         0.0000           0.00
+                    HNU       +



                                         ALL THIRD BODY RATIOS ARE 1.0 EXCEPT THE FOLLOWING


     M(H2      ,  5) =  5.00000
+                                    M(O2      ,  7) =  2.00000
+                                                                    M(H2      ,  8) =  4.00000
+                                                                                                    M(O2      , 10) =  0.78000
     M(O2      ,  5) =  2.00000
+                                    M(H2      ,  7) =  5.00000
+                                                                    M(H2O     ,  8) = 20.00000
+                                                                                                    M(H2O     , 10) =  6.00000
     M(H2O     ,  5) = 32.50000
+                                    M(H2O     ,  7) = 15.00000
+                                                                    M(O2      ,  8) =  1.60000
+                                                                                                    M(H2O2    , 10) =  6.60000
     M(H2      , 10) =  2.30000



                                                        INTEGRATION CONTROLS

               MAXIMUM RELATIVE ERROR   1.00000E-06                    SPECIES ABSOLUTE ERROR   1.00000E-15
1                                                  ** ASSIGNED VARIABLE PROFILE **


                                    THIS IS A V=0 PROBLEM - AN ASSIGNED VARIABLE IS NOT REQUIRED



                                      THE VOLUME (DENSITY) WILL BE HELD CONSTANT FOR THIS CASE



                                                  NUMBER OF REACTING SPECIES:    8

                                                     NUMBER OF INERT SPECIES:    0


                                        NUMBER OF SPECIES ODE'S REQUIRED FOR THIS CASE:    8

                                          TOTAL NUMBER OF ODE'S REQUIRED FOR THIS CASE:    9
1                                                    **  INITIAL CONDITIONS  **


                TIME   0.00000E+00  SEC              AREA   0.00000E+00  SQ CM              AXIAL POSITION   0.00000E+00  CM


                    FLOW PROPERTIES                                             INTEGRATION INDICATORS

                      PRESSURE                2.00000                             STEPS FROM LAST PRINT            0
                       (ATM)
                      VELOCITY                0.00                                AVERAGE STEP SIZE             0.00000E+00
                       (CM/SEC)
                      DENSITY            4.17837E-04                              TOTAL NUMBER OF STEPS                 0
                       (GM/CM**3)
                      TEMPERATURE           700.00
                       (DEG K)
                      MASS FLOW RATE     0.00000E+00
                       (GM/SEC)
                      ENTROPY                 3.5907                              FUNCT EVALUATIONS                     0
                       CAL/GM/DEG K)
                      MACH NUMBER             0.0000                              JACOBIAN EVALUATIONS                  0

                      GAMMA                   1.3728

                      ENTHALPY           2.38986E+02
                       (CAL/GM)


                                                        CHEMICAL PROPERTIES


 SPECIES    CONCENTRATION   MOLE FRACTION   NET SPECIES PRODUCTION  REACTION   RATE CONST   NET REACTION CONV RATE   NET RATE/POSI-
            (MOLES/CM**3)                    RATE (MOLE/CM**3/SEC)   NUMBER    CGS  UNITS   (MOLE-CM**3/GM**2/SEC)    TIVE DIR RATE
  H          0.00000E+00     0.00000E+00           1.39347E-07          1      1.2599E+09         0.00000E+00               0.00000
  O2         1.15949E-05     3.33000E-01          -5.80754E-08          2      2.0973E+10         0.00000E+00               0.00000
  OH         0.00000E+00     0.00000E+00           2.02321E-10          3      4.8597E+11         0.00000E+00               0.00000
  O          0.00000E+00     0.00000E+00           1.15949E-07          4      2.8714E+12         0.00000E+00               0.00000
  H2         2.32245E-05     6.67000E-01          -6.97747E-08          5      3.0783E+15         0.00000E+00               0.00000
  H2O        0.00000E+00     0.00000E+00           0.00000E+00          6      2.0612E+14        -1.05069E-24               1.00000
  HO2        0.00000E+00     0.00000E+00           0.00000E+00          7      1.1857E+15        -2.41086E-19               1.00000
  H2O2       0.00000E+00     0.00000E+00           0.00000E+00          8      1.7143E+16         0.00000E+00               0.00000
                                                                        9      1.0446E+06         0.00000E+00               0.00000
                                                                       10      8.0948E+02         0.00000E+00               0.00000
                                                                       11      3.7566E-01         5.79424E-04               1.00000
                                                                       12      6.3787E+13         0.00000E+00               0.00000
                                                                       13      2.4364E+13         0.00000E+00               0.00000
                                                                       14      2.4364E+13         0.00000E+00               0.00000
                                                                       15      1.8000E+12         0.00000E+00               0.00000
                                                                       16      2.7417E+12         0.00000E+00               0.00000
                                                                       17      3.8983E+13         0.00000E+00               0.00000
                                                                       18      4.9571E+11         0.00000E+00               0.00000
                                                                       19      3.0000E-03         3.99074E-01               1.00000
                                                                       20      5.0000E-03         3.32063E-01               1.00000

    DERIVATIVES (CGS UNITS): T           -0.76174E+02    RHO          0.00000E+00

    MIXTURE MOLECULAR WEIGHT     12.00014     TOTAL ENERGY EXCHANGE RATE    8.11479E+04       MASS FRACTION SUM    1.00000000
                                                 (CAL-CM**3/GM**2/SEC)



                                   CPU TIME FOR INITIALIZATION OF GCKP86 =     0.000000 S


1
                TIME   3.12028E-06  SEC              AREA   0.00000E+00  SQ CM              AXIAL POSITION   0.00000E+00  CM


                    FLOW PROPERTIES                                             INTEGRATION INDICATORS

                      PRESSURE                2.00000                             STEPS FROM LAST PRINT           50
                       (ATM)
                      VELOCITY                0.00                                AVERAGE STEP SIZE             0.62406E-07
                       (CM/SEC)
                      DENSITY            4.17837E-04                              TOTAL NUMBER OF STEPS                50
                       (GM/CM**3)
                      TEMPERATURE           700.00
                       (DEG K)
                      MASS FLOW RATE     0.00000E+00
                       (GM/SEC)
                      ENTROPY                 3.5907                              FUNCT EVALUATIONS                    65
                       CAL/GM/DEG K)
                      MACH NUMBER             0.0000                              JACOBIAN EVALUATIONS                 11

                      GAMMA                   1.3728

                      ENTHALPY           2.38986E+02
                       (CAL/GM)


                                                        CHEMICAL PROPERTIES


 SPECIES    CONCENTRATION   MOLE FRACTION   NET SPECIES PRODUCTION  REACTION   RATE CONST   NET REACTION CONV RATE   NET RATE/POSI-
            (MOLES/CM**3)                    RATE (MOLE/CM**3/SEC)   NUMBER    CGS  UNITS   (MOLE-CM**3/GM**2/SEC)    TIVE DIR RATE
  H          6.33604E-14     1.81969E-09           5.70532E-09          1      1.2599E+09         5.30165E-03               0.99998
  O2         1.15949E-05     3.33000E-01          -3.74046E-07          2      2.0973E+10         5.22226E-01               1.00000
  OH         8.07702E-15     2.31969E-10           1.16746E-09          3      4.8597E+11         5.22151E-01               1.00000
  O          1.87180E-13     5.37575E-09           2.56964E-08          4      2.8714E+12         1.04674E-09               0.97557
  H2         2.32245E-05     6.67000E-01          -2.52128E-07          5      3.0783E+15         1.80453E+00               1.00000
  H2O        1.71433E-13     4.92349E-09           9.11788E-08          6      2.0612E+14         1.44026E-09               1.00000
  HO2        7.17425E-13     2.06042E-08           3.15024E-07          7      1.1857E+15         3.79832E-09               1.00000
  H2O2       7.62423E-19     2.18965E-14           9.26591E-13          8      1.7143E+16         5.60038E-09               1.00000
                                                                        9      1.0446E+06         9.96873E-05               1.00000
                                                                       10      8.0948E+02        -7.97221E-10               0.99972
                                                                       11      3.7566E-01         5.79424E-04               1.00000
                                                                       12      6.3787E+13         1.66078E-05               1.00000
                                                                       13      2.4364E+13         1.87404E-05               1.00000
                                                                       14      2.4364E+13         8.08666E-07               1.00000
                                                                       15      1.8000E+12         5.30653E-06               1.00000
                                                                       16      2.7417E+12         9.66503E-14               0.99944
                                                                       17      3.8983E+13         3.11308E-11               0.97695
                                                                       18      4.9571E+11         1.37159E-13               1.00000
                                                                       19      3.0000E-03         3.99074E-01               1.00000
                                                                       20      5.0000E-03         3.32063E-01               1.00000

    DERIVATIVES (CGS UNITS): T            0.17603E+02    RHO          0.00000E+00

    MIXTURE MOLECULAR WEIGHT     12.00014     TOTAL ENERGY EXCHANGE RATE   -1.87522E+04       MASS FRACTION SUM    1.00000000
                                                 (CAL-CM**3/GM**2/SEC)




 __________________________________________________________________


     COMPUTER TIME (CPU) REQUIRED: FOR THIS STEP -  0.000000E+00  S     UP TO THIS TIME -  0.000000E+00  S


1
                TIME   6.72240E-05  SEC              AREA   0.00000E+00  SQ CM              AXIAL POSITION   0.00000E+00  CM


                    FLOW PROPERTIES                                             INTEGRATION INDICATORS

                      PRESSURE                2.00001                             STEPS FROM LAST PRINT           50
                       (ATM)
                      VELOCITY                0.00                                AVERAGE STEP SIZE             0.12821E-05
                       (CM/SEC)
                      DENSITY            4.17837E-04                              TOTAL NUMBER OF STEPS               100
                       (GM/CM**3)
                      TEMPERATURE           700.00
                       (DEG K)
                      MASS FLOW RATE     0.00000E+00
                       (GM/SEC)
                      ENTROPY                 3.5907                              FUNCT EVALUATIONS                   122
                       CAL/GM/DEG K)
                      MACH NUMBER             0.0000                              JACOBIAN EVALUATIONS                 18

                      GAMMA                   1.3728

                      ENTHALPY           2.38987E+02
                       (CAL/GM)


                                                        CHEMICAL PROPERTIES


 SPECIES    CONCENTRATION   MOLE FRACTION   NET SPECIES PRODUCTION  REACTION   RATE CONST   NET REACTION CONV RATE   NET RATE/POSI-
            (MOLES/CM**3)                    RATE (MOLE/CM**3/SEC)   NUMBER    CGS  UNITS   (MOLE-CM**3/GM**2/SEC)    TIVE DIR RATE
  H          7.52593E-14     2.16142E-09           1.72501E-12          1      1.2600E+09         6.29747E-03               0.99998
  O2         1.15948E-05     3.32999E-01          -4.32159E-07          2      2.0974E+10         6.69627E-01               1.00000
  OH         1.05590E-14     3.03251E-10           1.10736E-12          3      4.8598E+11         6.82612E-01               1.00000
  O          2.40007E-13     6.89292E-09          -4.52074E-12          4      2.8714E+12         3.14586E-10               0.17156
  H2         2.32245E-05     6.67000E-01          -3.06454E-07          5      3.0783E+15         2.14341E+00               1.00000
  H2O        7.74875E-12     2.22541E-07           1.19776E-07          6      2.0612E+14         2.36792E-09               1.00000
  HO2        2.44914E-11     7.03385E-07           3.71193E-07          7      1.1857E+15         5.35889E-09               1.00000
  H2O2       2.36844E-14     6.80208E-10           1.07947E-09          8      1.7143E+16         8.69620E-09               1.00000
                                                                        9      1.0446E+06         3.40327E-03               1.00000
                                                                       10      8.0957E+02         5.49690E-09               0.80133
                                                                       11      3.7570E-01         5.79480E-04               1.00000
                                                                       12      6.3787E+13         6.73435E-04               1.00000
                                                                       13      2.4364E+13         8.20315E-04               1.00000
                                                                       14      2.4364E+13         3.60894E-05               1.00000
                                                                       15      1.8000E+12         6.18424E-03               1.00000
                                                                       16      2.7417E+12         3.92716E-09               0.99998
                                                                       17      3.8983E+13         1.26922E-06               0.99997
                                                                       18      4.9572E+11         5.06107E-09               1.00000
                                                                       19      3.0000E-03         3.99074E-01               1.00000
                                                                       20      5.0000E-03         3.32062E-01               1.00000

    DERIVATIVES (CGS UNITS): T            0.36433E+02    RHO          0.00000E+00

    MIXTURE MOLECULAR WEIGHT     12.00014     TOTAL ENERGY EXCHANGE RATE   -3.87909E+04       MASS FRACTION SUM    0.99999994
                                                 (CAL-CM**3/GM**2/SEC)




 __________________________________________________________________


     COMPUTER TIME (CPU) REQUIRED: FOR THIS STEP -  0.000000E+00  S     UP TO THIS TIME -  0.000000E+00  S


1
                TIME   2.22597E-03  SEC              AREA   0.00000E+00  SQ CM              AXIAL POSITION   0.00000E+00  CM


                    FLOW PROPERTIES                                             INTEGRATION INDICATORS

                      PRESSURE                2.00035                             STEPS FROM LAST PRINT           50
                       (ATM)
                      VELOCITY                0.00                                AVERAGE STEP SIZE             0.43175E-04
                       (CM/SEC)
                      DENSITY            4.17837E-04                              TOTAL NUMBER OF STEPS               150
                       (GM/CM**3)
                      TEMPERATURE           700.13
                       (DEG K)
                      MASS FLOW RATE     0.00000E+00
                       (GM/SEC)
                      ENTROPY                 3.5908                              FUNCT EVALUATIONS                   180
                       CAL/GM/DEG K)
                      MACH NUMBER             0.0000                              JACOBIAN EVALUATIONS                 23

                      GAMMA                   1.3728

                      ENTHALPY           2.39007E+02
                       (CAL/GM)


                                                        CHEMICAL PROPERTIES


 SPECIES    CONCENTRATION   MOLE FRACTION   NET SPECIES PRODUCTION  REACTION   RATE CONST   NET REACTION CONV RATE   NET RATE/POSI-
            (MOLES/CM**3)                    RATE (MOLE/CM**3/SEC)   NUMBER    CGS  UNITS   (MOLE-CM**3/GM**2/SEC)    TIVE DIR RATE
  H          7.61895E-14     2.18817E-09          -2.65651E-13          1      1.2629E+09         6.38947E-03               0.99997
  O2         1.15941E-05     3.32985E-01          -2.55332E-07          2      2.1003E+10         6.47201E-01               1.00000
  OH         1.14291E-14     3.28245E-10           2.21415E-14          3      4.8641E+11         7.39493E-01               1.00000
  O          2.31652E-13     6.65308E-09          -3.46603E-12          4      2.8718E+12        -5.35824E-08               0.96145
  H2         2.32238E-05     6.66990E-01          -3.19581E-07          5      3.0778E+15         2.16955E+00               1.00000
  H2O        2.93804E-10     8.43807E-06           1.36920E-07          6      2.0607E+14         2.20536E-09               1.00000
  HO2        3.16893E-10     9.10121E-06           8.42515E-09          7      1.1855E+15         5.49114E-09               1.00000
  H2O2       2.52212E-10     7.24356E-06           1.78449E-07          8      1.7136E+16         9.52574E-09               1.00000
                                                                        9      1.0473E+06         4.41453E-02               1.00000
                                                                       10      8.1458E+02         7.35011E-05               0.99998
                                                                       11      3.7790E-01         5.82822E-04               1.00000
                                                                       12      6.3804E+13         8.82351E-03               1.00000
                                                                       13      2.4368E+13         1.02459E-02               1.00000
                                                                       14      2.4368E+13         5.05507E-04               1.00000
                                                                       15      1.8000E+12         1.03533E+00               0.99999
                                                                       16      2.7423E+12         4.52779E-05               1.00000
                                                                       17      3.8988E+13         1.30474E-02               1.00000
                                                                       18      4.9632E+11         5.46274E-05               1.00000
                                                                       19      3.0000E-03         3.99062E-01               1.00000
                                                                       20      5.0000E-03         3.32043E-01               1.00000

    DERIVATIVES (CGS UNITS): T            0.73742E+02    RHO          0.00000E+00

    MIXTURE MOLECULAR WEIGHT     12.00033     TOTAL ENERGY EXCHANGE RATE   -7.86036E+04       MASS FRACTION SUM    1.00000000
                                                 (CAL-CM**3/GM**2/SEC)




 __________________________________________________________________


     COMPUTER TIME (CPU) REQUIRED: FOR THIS STEP -  0.000000E+00  S     UP TO THIS TIME -  0.000000E+00  S


1
                TIME   5.39999E-02  SEC              AREA   0.00000E+00  SQ CM              AXIAL POSITION   0.00000E+00  CM


                    FLOW PROPERTIES                                             INTEGRATION INDICATORS

                      PRESSURE                2.01008                             STEPS FROM LAST PRINT           50
                       (ATM)
                      VELOCITY                0.00                                AVERAGE STEP SIZE             0.10355E-02
                       (CM/SEC)
                      DENSITY            4.17837E-04                              TOTAL NUMBER OF STEPS               200
                       (GM/CM**3)
                      TEMPERATURE           703.78
                       (DEG K)
                      MASS FLOW RATE     0.00000E+00
                       (GM/SEC)
                      ENTROPY                 3.5930                              FUNCT EVALUATIONS                   244
                       CAL/GM/DEG K)
                      MACH NUMBER             0.0000                              JACOBIAN EVALUATIONS                 30

                      GAMMA                   1.3725

                      ENTHALPY           2.39571E+02
                       (CAL/GM)


                                                        CHEMICAL PROPERTIES


 SPECIES    CONCENTRATION   MOLE FRACTION   NET SPECIES PRODUCTION  REACTION   RATE CONST   NET REACTION CONV RATE   NET RATE/POSI-
            (MOLES/CM**3)                    RATE (MOLE/CM**3/SEC)   NUMBER    CGS  UNITS   (MOLE-CM**3/GM**2/SEC)    TIVE DIR RATE
  H          6.80755E-14     1.95579E-09          -8.14294E-14          1      1.3442E+09         6.07080E-03               0.99998
  O2         1.15825E-05     3.32761E-01          -2.09148E-07          2      2.1823E+10         4.03046E-01               1.00000
  OH         1.12687E-14     3.23746E-10          -3.04880E-14          3      4.9831E+11         7.46461E-01               1.00000
  O          1.38934E-13     3.99155E-09          -9.37824E-13          4      2.8835E+12        -9.04676E-07               0.99769
  H2         2.32086E-05     6.66776E-01          -2.78811E-07          5      3.0664E+15         1.93131E+00               1.00000
  H2O        7.44832E-09     2.13988E-04           1.39339E-07          6      2.0470E+14         7.87756E-10               1.00000
  HO2        3.21458E-10     9.23541E-06           1.37652E-11          7      1.1794E+15         4.36164E-09               1.00000
  H2O2       8.35490E-09     2.40034E-04           1.39465E-07          8      1.6959E+16         8.31050E-09               1.00000
                                                                        9      1.1227E+06         4.79750E-02               1.00000
                                                                       10      9.6478E+02         2.88624E-03               1.00000
                                                                       11      4.4344E-01         6.82755E-04               1.00000
                                                                       12      6.4256E+13         8.05410E-03               1.00000
                                                                       13      2.4459E+13         6.25678E-03               1.00000
                                                                       14      2.4459E+13         5.07474E-04               1.00000
                                                                       15      1.8000E+12         1.06506E+00               0.99969
                                                                       16      2.7608E+12         1.48878E-03               1.00000
                                                                       17      3.9134E+13         2.60188E-01               1.00000
                                                                       18      5.1322E+11         1.67193E-03               1.00000
                                                                       19      3.0000E-03         3.98800E-01               1.00000
                                                                       20      5.0000E-03         3.31708E-01               1.00000

    DERIVATIVES (CGS UNITS): T            0.67720E+02    RHO          0.00000E+00

    MIXTURE MOLECULAR WEIGHT     12.00436     TOTAL ENERGY EXCHANGE RATE   -7.21528E+04       MASS FRACTION SUM    1.00000000
                                                 (CAL-CM**3/GM**2/SEC)




 __________________________________________________________________


     COMPUTER TIME (CPU) REQUIRED: FOR THIS STEP -  0.000000E+00  S     UP TO THIS TIME -  0.000000E+00  S


1
                TIME   4.30905E-01  SEC              AREA   0.00000E+00  SQ CM              AXIAL POSITION   0.00000E+00  CM


                    FLOW PROPERTIES                                             INTEGRATION INDICATORS

                      PRESSURE                2.07723                             STEPS FROM LAST PRINT           50
                       (ATM)
                      VELOCITY                0.00                                AVERAGE STEP SIZE             0.75381E-02
                       (CM/SEC)
                      DENSITY            4.17837E-04                              TOTAL NUMBER OF STEPS               250
                       (GM/CM**3)
                      TEMPERATURE           728.74
                       (DEG K)
                      MASS FLOW RATE     0.00000E+00
                       (GM/SEC)
                      ENTROPY                 3.6075                              FUNCT EVALUATIONS                   328
                       CAL/GM/DEG K)
                      MACH NUMBER             0.0000                              JACOBIAN EVALUATIONS                 37

                      GAMMA                   1.3703

                      ENTHALPY           2.43463E+02
                       (CAL/GM)


                                                        CHEMICAL PROPERTIES


 SPECIES    CONCENTRATION   MOLE FRACTION   NET SPECIES PRODUCTION  REACTION   RATE CONST   NET REACTION CONV RATE   NET RATE/POSI-
            (MOLES/CM**3)                    RATE (MOLE/CM**3/SEC)   NUMBER    CGS  UNITS   (MOLE-CM**3/GM**2/SEC)    TIVE DIR RATE
  H          6.52288E-14     1.87776E-09           1.94053E-14          1      2.0281E+09         8.72380E-03               1.00000
  O2         1.15129E-05     3.31425E-01          -1.80279E-07          2      2.8102E+10         1.65026E-01               1.00000
  OH         1.13887E-14     3.27848E-10           3.63585E-15          3      5.8432E+11         8.80876E-01               1.00000
  O          4.43635E-14     1.27710E-09          -7.29542E-14          4      2.9618E+12        -3.93740E-06               0.99944
  H2         2.31103E-05     6.65283E-01          -2.65797E-07          5      2.9922E+15         1.81136E+00               1.00000
  H2O        6.48548E-08     1.86699E-03           1.71076E-07          6      1.9593E+14         7.67246E-11               1.00000
  HO2        3.29719E-10     9.49169E-06           4.11900E-11          7      1.1389E+15         3.87484E-09               1.00000
  H2O2       4.91656E-08     1.41534E-03           9.46994E-08          8      1.5817E+16         7.55189E-09               1.00000
                                                                        9      1.7750E+06         7.74698E-02               1.00000
                                                                       10      2.9409E+03         5.20495E-02               1.00000
                                                                       11      1.2714E+00         1.93760E-03               1.00000
                                                                       12      6.7318E+13         8.29274E-03               1.00000
                                                                       13      2.5065E+13         2.10003E-03               1.00000
                                                                       14      2.5065E+13         5.39102E-04               1.00000
                                                                       15      1.8000E+12         1.11650E+00               0.99612
                                                                       16      2.8852E+12         9.25331E-03               1.00000
                                                                       17      4.0104E+13         5.01029E-01               1.00000
                                                                       18      6.3980E+11         1.17526E-02               1.00000
                                                                       19      3.0000E-03         3.97112E-01               1.00000
                                                                       20      5.0000E-03         3.29717E-01               1.00000

    DERIVATIVES (CGS UNITS): T            0.69609E+02    RHO          0.00000E+00

    MIXTURE MOLECULAR WEIGHT     12.02838     TOTAL ENERGY EXCHANGE RATE   -7.43047E+04       MASS FRACTION SUM    1.00000000
                                                 (CAL-CM**3/GM**2/SEC)




 __________________________________________________________________


     COMPUTER TIME (CPU) REQUIRED: FOR THIS STEP -  0.000000E+00  S     UP TO THIS TIME -  0.000000E+00  S


1
                TIME   9.56313E-01  SEC              AREA   0.00000E+00  SQ CM              AXIAL POSITION   0.00000E+00  CM


                    FLOW PROPERTIES                                             INTEGRATION INDICATORS

                      PRESSURE                2.21669                             STEPS FROM LAST PRINT           50
                       (ATM)
                      VELOCITY                0.00                                AVERAGE STEP SIZE             0.10508E-01
                       (CM/SEC)
                      DENSITY            4.17837E-04                              TOTAL NUMBER OF STEPS               300
                       (GM/CM**3)
                      TEMPERATURE           780.27
                       (DEG K)
                      MASS FLOW RATE     0.00000E+00
                       (GM/SEC)
                      ENTROPY                 3.6361                              FUNCT EVALUATIONS                   400
                       CAL/GM/DEG K)
                      MACH NUMBER             0.0000                              JACOBIAN EVALUATIONS                 46

                      GAMMA                   1.3660

                      ENTHALPY           2.51545E+02
                       (CAL/GM)


                                                        CHEMICAL PROPERTIES


 SPECIES    CONCENTRATION   MOLE FRACTION   NET SPECIES PRODUCTION  REACTION   RATE CONST   NET REACTION CONV RATE   NET RATE/POSI-
            (MOLES/CM**3)                    RATE (MOLE/CM**3/SEC)   NUMBER    CGS  UNITS   (MOLE-CM**3/GM**2/SEC)    TIVE DIR RATE
  H          1.29047E-13     3.72734E-09          -2.49255E-12          1      4.3615E+09         3.67410E-02               1.00000
  O2         1.13969E-05     3.29185E-01          -3.40244E-07          2      4.5152E+10         1.42242E-01               1.00000
  OH         2.58762E-14     7.47399E-10          -1.21754E-12          3      7.8594E+11         2.67028E+00               0.99999
  O          2.39927E-14     6.92997E-10          -5.51387E-14          4      3.1131E+12        -1.55127E-05               0.99923
  H2         2.29239E-05     6.62126E-01          -6.03524E-07          5      2.8588E+15         3.47266E+00               1.00000
  H2O        2.05812E-07     5.94461E-03           5.27291E-07          6      1.8059E+14         2.06147E-11               1.00000
  HO2        4.33240E-10     1.25135E-05           7.27790E-10          7      1.0637E+15         1.42654E-08               1.00000
  H2O2       9.46025E-08     2.73247E-03           7.58708E-08          8      1.3797E+16         3.01208E-08               1.00000
                                                                        9      4.1645E+06         2.36898E-01               1.00000
                                                                       10      2.3422E+04         8.05594E-01               1.00000
                                                                       11      9.0349E+00         1.35203E-02               1.00000
                                                                       12      7.3411E+13         2.35083E-02               1.00000
                                                                       13      2.6235E+13         1.56195E-03               1.00000
                                                                       14      2.6235E+13         1.68457E-03               1.00000
                                                                       15      1.8000E+12         1.89723E+00               0.98041
                                                                       16      3.1321E+12         4.39149E-02               0.99999
                                                                       17      4.1975E+13         5.45711E-01               1.00000
                                                                       18      9.6449E+11         6.74423E-02               1.00000
                                                                       19      3.0000E-03         3.93908E-01               1.00000
                                                                       20      5.0000E-03         3.26394E-01               1.00000

    DERIVATIVES (CGS UNITS): T            0.17592E+03    RHO          0.00000E+00

    MIXTURE MOLECULAR WEIGHT     12.06867     TOTAL ENERGY EXCHANGE RATE   -1.88710E+05       MASS FRACTION SUM    1.00000000
                                                 (CAL-CM**3/GM**2/SEC)




 __________________________________________________________________


     COMPUTER TIME (CPU) REQUIRED: FOR THIS STEP -  0.000000E+00  S     UP TO THIS TIME -  0.000000E+00  S


1
                TIME   1.09153E+00  SEC              AREA   0.00000E+00  SQ CM              AXIAL POSITION   0.00000E+00  CM


                    FLOW PROPERTIES                                             INTEGRATION INDICATORS

                      PRESSURE                2.32618                             STEPS FROM LAST PRINT           50
                       (ATM)
                      VELOCITY                0.00                                AVERAGE STEP SIZE             0.27043E-02
                       (CM/SEC)
                      DENSITY            4.17837E-04                              TOTAL NUMBER OF STEPS               350
                       (GM/CM**3)
                      TEMPERATURE           820.51
                       (DEG K)
                      MASS FLOW RATE     0.00000E+00
                       (GM/SEC)
                      ENTROPY                 3.6575                              FUNCT EVALUATIONS                   477
                       CAL/GM/DEG K)
                      MACH NUMBER             0.0000                              JACOBIAN EVALUATIONS                 57

                      GAMMA                   1.3629

                      ENTHALPY           2.57891E+02
                       (CAL/GM)


                                                        CHEMICAL PROPERTIES


 SPECIES    CONCENTRATION   MOLE FRACTION   NET SPECIES PRODUCTION  REACTION   RATE CONST   NET REACTION CONV RATE   NET RATE/POSI-
            (MOLES/CM**3)                    RATE (MOLE/CM**3/SEC)   NUMBER    CGS  UNITS   (MOLE-CM**3/GM**2/SEC)    TIVE DIR RATE
  H          3.78497E-13     1.09550E-08           6.49876E-12          1      7.4176E+09         1.82120E-01               1.00000
  O2         1.13252E-05     3.27790E-01          -9.77722E-07          2      6.2917E+10         2.01177E-01               1.00000
  OH         7.64487E-14     2.21269E-09           1.23733E-12          3      9.6533E+11         9.63270E+00               0.99997
  O          2.44959E-14     7.08998E-10           8.82346E-14          4      3.2226E+12        -4.53609E-05               0.99763
  H2         2.27894E-05     6.59604E-01          -1.91486E-06          5      2.7698E+15         1.00294E+01               1.00000
  H2O        3.31695E-07     9.60041E-03           1.87992E-06          6      1.7066E+14         2.02650E-11               1.00000
  HO2        7.02965E-10     2.03463E-05           5.64624E-09          7      1.0116E+15         1.17599E-07               1.00000
  H2O2       1.03132E-07     2.98499E-03           3.21158E-08          8      1.2477E+16         2.39908E-07               1.00000
                                                                        9      7.5237E+06         6.90369E-01               1.00000
                                                                       10      9.8773E+04         3.72954E+00               1.00000
                                                                       11      3.5204E+01         5.20417E-02               1.00000
                                                                       12      7.7958E+13         1.18807E-01               1.00000
                                                                       13      2.7078E+13         2.67070E-03               1.00000
                                                                       14      2.7078E+13         8.33490E-03               1.00000
                                                                       15      1.8000E+12         4.97678E+00               0.97684
                                                                       16      3.3155E+12         1.49723E-01               0.99997
                                                                       17      4.3324E+13         6.26906E-01               1.00000
                                                                       18      1.2821E+12         2.86658E-01               1.00000
                                                                       19      3.0000E-03         3.91596E-01               1.00000
                                                                       20      5.0000E-03         3.24340E-01               1.00000

    DERIVATIVES (CGS UNITS): T            0.58298E+03    RHO          0.00000E+00

    MIXTURE MOLECULAR WEIGHT     12.09368     TOTAL ENERGY EXCHANGE RATE   -6.28296E+05       MASS FRACTION SUM    1.00000000
                                                 (CAL-CM**3/GM**2/SEC)




 __________________________________________________________________


     COMPUTER TIME (CPU) REQUIRED: FOR THIS STEP -  0.000000E+00  S     UP TO THIS TIME -  0.000000E+00  S


1
                TIME   1.13058E+00  SEC              AREA   0.00000E+00  SQ CM              AXIAL POSITION   0.00000E+00  CM


                    FLOW PROPERTIES                                             INTEGRATION INDICATORS

                      PRESSURE                2.43410                             STEPS FROM LAST PRINT           50
                       (ATM)
                      VELOCITY                0.00                                AVERAGE STEP SIZE             0.78109E-03
                       (CM/SEC)
                      DENSITY            4.17837E-04                              TOTAL NUMBER OF STEPS               400
                       (GM/CM**3)
                      TEMPERATURE           860.18
                       (DEG K)
                      MASS FLOW RATE     0.00000E+00
                       (GM/SEC)
                      ENTROPY                 3.6777                              FUNCT EVALUATIONS                   546
                       CAL/GM/DEG K)
                      MACH NUMBER             0.0000                              JACOBIAN EVALUATIONS                 64

                      GAMMA                   1.3599

                      ENTHALPY           2.64146E+02
                       (CAL/GM)


                                                        CHEMICAL PROPERTIES


 SPECIES    CONCENTRATION   MOLE FRACTION   NET SPECIES PRODUCTION  REACTION   RATE CONST   NET REACTION CONV RATE   NET RATE/POSI-
            (MOLES/CM**3)                    RATE (MOLE/CM**3/SEC)   NUMBER    CGS  UNITS   (MOLE-CM**3/GM**2/SEC)    TIVE DIR RATE
  H          1.23885E-12     3.59237E-08           7.35264E-11          1      1.1927E+10         9.52973E-01               1.00000
  O2         1.12604E-05     3.26525E-01          -3.20473E-06          2      8.4841E+10         4.71014E-01               1.00000
  OH         2.26463E-13     6.56690E-09           1.21009E-11          3      1.1602E+12         3.40983E+01               0.99993
  O          4.27744E-14     1.24036E-09           1.89586E-12          4      3.3238E+12        -1.84069E-04               0.99472
  H2         2.26599E-05     6.57084E-01          -6.49197E-06          5      2.6926E+15         3.24700E+01               0.99999
  H2O        4.61603E-07     1.33854E-02           6.60996E-06          6      1.6224E+14         5.86341E-11               1.00000
  HO2        1.23830E-09     3.59077E-05           3.55655E-08          7      9.6491E+14         1.21166E-06               1.00000
  H2O2       1.02416E-07     2.96981E-03          -1.35819E-07          8      1.1353E+16         2.15254E-06               1.00000
                                                                        9      1.2769E+07         2.05220E+00               1.00000
                                                                       10      3.5776E+05         1.35042E+01               1.00000
                                                                       11      1.1880E+02         1.73630E-01               1.00000
                                                                       12      8.2262E+13         7.22816E-01               1.00000
                                                                       13      2.7855E+13         8.45066E-03               1.00000
                                                                       14      2.7855E+13         4.47407E-02               1.00000
                                                                       15      1.8000E+12         1.55099E+01               0.98107
                                                                       16      3.4887E+12         4.63431E-01               0.99993
                                                                       17      4.4567E+13         1.11828E+00               1.00000
                                                                       18      1.6538E+12         1.20186E+00               1.00000
                                                                       19      3.0000E-03         3.89372E-01               1.00000
                                                                       20      5.0000E-03         3.22485E-01               1.00000

    DERIVATIVES (CGS UNITS): T            0.19959E+04    RHO          0.00000E+00

    MIXTURE MOLECULAR WEIGHT     12.11630     TOTAL ENERGY EXCHANGE RATE   -2.16266E+06       MASS FRACTION SUM    0.99999994
                                                 (CAL-CM**3/GM**2/SEC)




 __________________________________________________________________


     COMPUTER TIME (CPU) REQUIRED: FOR THIS STEP -  0.000000E+00  S     UP TO THIS TIME -  0.000000E+00  S


1
                TIME   1.14006E+00  SEC              AREA   0.00000E+00  SQ CM              AXIAL POSITION   0.00000E+00  CM


                    FLOW PROPERTIES                                             INTEGRATION INDICATORS

                      PRESSURE                2.51030                             STEPS FROM LAST PRINT           50
                       (ATM)
                      VELOCITY                0.00                                AVERAGE STEP SIZE             0.18966E-03
                       (CM/SEC)
                      DENSITY            4.17837E-04                              TOTAL NUMBER OF STEPS               450
                       (GM/CM**3)
                      TEMPERATURE           888.26
                       (DEG K)
                      MASS FLOW RATE     0.00000E+00
                       (GM/SEC)
                      ENTROPY                 3.6914                              FUNCT EVALUATIONS                   626
                       CAL/GM/DEG K)
                      MACH NUMBER             0.0000                              JACOBIAN EVALUATIONS                 70

                      GAMMA                   1.3579

                      ENTHALPY           2.68563E+02
                       (CAL/GM)


                                                        CHEMICAL PROPERTIES


 SPECIES    CONCENTRATION   MOLE FRACTION   NET SPECIES PRODUCTION  REACTION   RATE CONST   NET REACTION CONV RATE   NET RATE/POSI-
            (MOLES/CM**3)                    RATE (MOLE/CM**3/SEC)   NUMBER    CGS  UNITS   (MOLE-CM**3/GM**2/SEC)    TIVE DIR RATE
  H          2.82244E-12     8.19502E-08           3.77317E-10          1      1.6269E+10         2.94984E+00               1.00000
  O2         1.12155E-05     3.25644E-01          -7.40743E-06          2      1.0328E+11         1.20921E+00               1.00000
  OH         4.74197E-13     1.37684E-08           5.68741E-11          3      1.3084E+12         8.01900E+01               0.99987
  O          9.05687E-14     2.62968E-09           1.26842E-11          4      3.3917E+12        -6.55631E-04               0.99338
  H2         2.25685E-05     6.55283E-01          -1.50972E-05          5      2.6432E+15         7.35229E+01               0.99998
  H2O        5.55060E-07     1.61163E-02           1.54988E-05          6      1.5696E+14         2.53989E-10               1.00000
  HO2        1.84557E-09     5.35864E-05           1.19645E-07          7      9.3441E+14         6.12681E-06               1.00000
  H2O2       1.00001E-07     2.90355E-03          -4.61665E-07          8      1.0646E+16         9.74659E-06               1.00000
                                                                        9      1.8044E+07         4.30485E+00               1.00000
                                                                       10      8.2988E+05         3.07298E+01               1.00000
                                                                       11      2.6313E+02         3.81491E-01               1.00000
                                                                       12      8.5204E+13         2.54214E+00               1.00000
                                                                       13      2.8374E+13         2.71657E-02               1.00000
                                                                       14      2.8374E+13         1.42233E-01               1.00000
                                                                       15      1.8000E+12         3.45779E+01               0.98465
                                                                       16      3.6068E+12         9.79539E-01               0.99988
                                                                       17      4.5399E+13         2.35513E+00               1.00000
                                                                       18      1.9533E+12         3.15779E+00               1.00000
                                                                       19      3.0000E-03         3.87802E-01               1.00000
                                                                       20      5.0000E-03         3.21198E-01               1.00000

    DERIVATIVES (CGS UNITS): T            0.46365E+04    RHO          0.00000E+00

    MIXTURE MOLECULAR WEIGHT     12.13200     TOTAL ENERGY EXCHANGE RATE   -5.04406E+06       MASS FRACTION SUM    1.00000000
                                                 (CAL-CM**3/GM**2/SEC)




 __________________________________________________________________


     COMPUTER TIME (CPU) REQUIRED: FOR THIS STEP -  0.000000E+00  S     UP TO THIS TIME -  0.000000E+00  S


1
                TIME   1.14564E+00  SEC              AREA   0.00000E+00  SQ CM              AXIAL POSITION   0.00000E+00  CM


                    FLOW PROPERTIES                                             INTEGRATION INDICATORS

                      PRESSURE                2.63961                             STEPS FROM LAST PRINT           50
                       (ATM)
                      VELOCITY                0.00                                AVERAGE STEP SIZE             0.11142E-03
                       (CM/SEC)
                      DENSITY            4.17837E-04                              TOTAL NUMBER OF STEPS               500
                       (GM/CM**3)
                      TEMPERATURE           936.08
                       (DEG K)
                      MASS FLOW RATE     0.00000E+00
                       (GM/SEC)
                      ENTROPY                 3.7137                              FUNCT EVALUATIONS                   696
                       CAL/GM/DEG K)
                      MACH NUMBER             0.0000                              JACOBIAN EVALUATIONS                 78

                      GAMMA                   1.3543

                      ENTHALPY           2.76057E+02
                       (CAL/GM)


                                                        CHEMICAL PROPERTIES


 SPECIES    CONCENTRATION   MOLE FRACTION   NET SPECIES PRODUCTION  REACTION   RATE CONST   NET REACTION CONV RATE   NET RATE/POSI-
            (MOLES/CM**3)                    RATE (MOLE/CM**3/SEC)   NUMBER    CGS  UNITS   (MOLE-CM**3/GM**2/SEC)    TIVE DIR RATE
  H          1.07699E-11     3.13399E-07           5.40249E-09          1      2.6448E+10         1.81729E+01               1.00000
  O2         1.11387E-05     3.24129E-01          -2.97593E-05          2      1.4082E+11         7.71988E+00               1.00000
  OH         1.59040E-12     4.62796E-08           7.28952E-10          3      1.5791E+12         3.22308E+02               0.99970
  O          4.27047E-13     1.24268E-08           2.60890E-10          4      3.5007E+12        -6.74934E-03               0.99254
  H2         2.24123E-05     6.52183E-01          -6.03595E-05          5      2.5678E+15         2.78234E+02               0.99996
  H2O        7.15736E-07     2.08275E-02           6.20378E-05          6      1.4905E+14         5.35032E-09               1.00000
  HO2        3.51966E-09     1.02420E-04           8.42484E-07          7      8.8668E+14         8.55194E-05               1.00000
  H2O2       9.47561E-08     2.75734E-03          -2.10254E-06          8      9.5864E+15         1.14632E-04               1.00000
                                                                        9      3.1000E+07         1.40068E+01               1.00000
                                                                       10      3.0965E+06         1.09507E+02               1.00000
                                                                       11      9.1330E+02         1.30593E+00               1.00000
                                                                       12      9.0020E+13         1.95451E+01               1.00000
                                                                       13      2.9208E+13         2.51453E-01               1.00000
                                                                       14      2.9208E+13         9.36454E-01               1.00000
                                                                       15      1.8000E+12         1.26389E+02               0.98958
                                                                       16      3.7997E+12         3.27897E+00               0.99975
                                                                       17      4.6732E+13         1.08314E+01               1.00000
                                                                       18      2.5344E+12         1.48146E+01               1.00000
                                                                       19      3.0000E-03         3.85117E-01               1.00000
                                                                       20      5.0000E-03         3.19000E-01               1.00000

    DERIVATIVES (CGS UNITS): T            0.18382E+05    RHO          0.00000E+00

    MIXTURE MOLECULAR WEIGHT     12.15880     TOTAL ENERGY EXCHANGE RATE   -2.01402E+07       MASS FRACTION SUM    1.00000012
                                                 (CAL-CM**3/GM**2/SEC)




 __________________________________________________________________


     COMPUTER TIME (CPU) REQUIRED: FOR THIS STEP -  0.000000E+00  S     UP TO THIS TIME -  0.000000E+00  S


1
                TIME   1.14701E+00  SEC              AREA   0.00000E+00  SQ CM              AXIAL POSITION   0.00000E+00  CM


                    FLOW PROPERTIES                                             INTEGRATION INDICATORS

                      PRESSURE                2.75856                             STEPS FROM LAST PRINT           50
                       (ATM)
                      VELOCITY                0.00                                AVERAGE STEP SIZE             0.27495E-04
                       (CM/SEC)
                      DENSITY            4.17837E-04                              TOTAL NUMBER OF STEPS               550
                       (GM/CM**3)
                      TEMPERATURE           980.29
                       (DEG K)
                      MASS FLOW RATE     0.00000E+00
                       (GM/SEC)
                      ENTROPY                 3.7333                              FUNCT EVALUATIONS                   772
                       CAL/GM/DEG K)
                      MACH NUMBER             0.0000                              JACOBIAN EVALUATIONS                 84

                      GAMMA                   1.3511

                      ENTHALPY           2.82951E+02
                       (CAL/GM)


                                                        CHEMICAL PROPERTIES


 SPECIES    CONCENTRATION   MOLE FRACTION   NET SPECIES PRODUCTION  REACTION   RATE CONST   NET REACTION CONV RATE   NET RATE/POSI-
            (MOLES/CM**3)                    RATE (MOLE/CM**3/SEC)   NUMBER    CGS  UNITS   (MOLE-CM**3/GM**2/SEC)    TIVE DIR RATE
  H          3.55177E-11     1.03569E-06           6.12875E-08          1      3.9737E+10         8.94588E+01               0.99999
  O2         1.10662E-05     3.22688E-01          -1.06608E-04          2      1.8299E+11         4.28571E+01               1.00000
  OH         4.81268E-12     1.40337E-07           7.84409E-09          3      1.8487E+12         1.13408E+03               0.99943
  O          1.83639E-12     5.35487E-08           3.85179E-09          4      3.5947E+12        -5.45179E-02               0.99133
  H2         2.22662E-05     6.49278E-01          -2.12871E-04          5      2.5063E+15         9.12227E+02               0.99993
  H2O        8.65405E-07     2.52350E-02           2.17330E-04          6      1.4272E+14         9.45428E-08               1.00000
  HO2        6.15690E-09     1.79534E-04           4.86079E-06          7      8.4669E+14         8.96511E-04               1.00000
  H2O2       8.97937E-08     2.61836E-03          -6.92371E-06          8      8.7412E+15         1.06272E-03               1.00000
                                                                        9      4.8785E+07         3.83071E+01               1.00000
                                                                       10      9.3326E+06         3.15045E+02               1.00000
                                                                       11      2.5907E+03         3.65637E+00               1.00000
                                                                       12      9.4264E+13         1.18070E+02               1.00000
                                                                       13      2.9924E+13         1.93793E+00               1.00000
                                                                       14      2.9924E+13         5.07878E+00               1.00000
                                                                       15      1.8000E+12         3.88017E+02               0.99281
                                                                       16      3.9692E+12         9.82052E+00               0.99957
                                                                       17      4.7879E+13         4.52210E+01               1.00000
                                                                       18      3.1525E+12         5.75881E+01               1.00000
                                                                       19      3.0000E-03         3.82607E-01               1.00000
                                                                       20      5.0000E-03         3.16923E-01               1.00000

    DERIVATIVES (CGS UNITS): T            0.64025E+05    RHO          0.00000E+00

    MIXTURE MOLECULAR WEIGHT     12.18404     TOTAL ENERGY EXCHANGE RATE   -7.06181E+07       MASS FRACTION SUM    1.00000000
                                                 (CAL-CM**3/GM**2/SEC)




 __________________________________________________________________


     COMPUTER TIME (CPU) REQUIRED: FOR THIS STEP -  0.000000E+00  S     UP TO THIS TIME -  0.000000E+00  S


1
                TIME   1.14738E+00  SEC              AREA   0.00000E+00  SQ CM              AXIAL POSITION   0.00000E+00  CM


                    FLOW PROPERTIES                                             INTEGRATION INDICATORS

                      PRESSURE                2.86633                             STEPS FROM LAST PRINT           43
                       (ATM)
                      VELOCITY                0.00                                AVERAGE STEP SIZE             0.86336E-05
                       (CM/SEC)
                      DENSITY            4.17837E-04                              TOTAL NUMBER OF STEPS               593
                       (GM/CM**3)
                      TEMPERATURE          1020.56
                       (DEG K)
                      MASS FLOW RATE     0.00000E+00
                       (GM/SEC)
                      ENTROPY                 3.7503                              FUNCT EVALUATIONS                   841
                       CAL/GM/DEG K)
                      MACH NUMBER             0.0000                              JACOBIAN EVALUATIONS                 91

                      GAMMA                   1.3480

                      ENTHALPY           2.89198E+02
                       (CAL/GM)


                                                        CHEMICAL PROPERTIES


 SPECIES    CONCENTRATION   MOLE FRACTION   NET SPECIES PRODUCTION  REACTION   RATE CONST   NET REACTION CONV RATE   NET RATE/POSI-
            (MOLES/CM**3)                    RATE (MOLE/CM**3/SEC)   NUMBER    CGS  UNITS   (MOLE-CM**3/GM**2/SEC)    TIVE DIR RATE
  H          1.08054E-10     3.15692E-06           6.53776E-07          1      5.5835E+10         3.80044E+02               0.99998
  O2         1.09979E-05     3.21318E-01          -3.62840E-04          2      2.2814E+11         2.01129E+02               0.99999
  OH         1.40622E-11     4.10846E-07           8.38726E-08          3      2.1089E+12         3.75572E+03               0.99906
  O          6.95467E-12     2.03189E-07           4.94382E-08          4      3.6752E+12        -3.44732E-01               0.98807
  H2         2.21313E-05     6.46594E-01          -7.08247E-04          5      2.4561E+15         2.76358E+03               0.99989
  H2O        1.00246E-06     2.92880E-02           7.15783E-04          6      1.3765E+14         1.30522E-06               1.00000
  HO2        1.00560E-08     2.93797E-04           2.55731E-05          7      8.1328E+14         8.03772E-03               1.00000
  H2O2       8.56433E-08     2.50217E-03          -2.06912E-05          8      8.0649E+15         8.86276E-03               1.00000
                                                                        9      7.1252E+07         9.08265E+01               1.00000
                                                                       10      2.3458E+07         7.60277E+02               1.00000
                                                                       11      6.1902E+03         8.63001E+00               1.00000
                                                                       12      9.7963E+13         6.09691E+02               1.00000
                                                                       13      3.0537E+13         1.22323E+01               1.00000
                                                                       14      3.0537E+13         2.47335E+01               1.00000
                                                                       15      1.8000E+12         1.03734E+03               0.99499
                                                                       16      4.1166E+12         2.83802E+01               0.99942
                                                                       17      4.8859E+13         1.66685E+02               0.99999
                                                                       18      3.7830E+12         2.00517E+02               1.00000
                                                                       19      3.0000E-03         3.80290E-01               1.00000
                                                                       20      5.0000E-03         3.14968E-01               1.00000

    DERIVATIVES (CGS UNITS): T            0.20969E+06    RHO          0.00000E+00

    MIXTURE MOLECULAR WEIGHT     12.20764     TOTAL ENERGY EXCHANGE RATE   -2.32799E+08       MASS FRACTION SUM    0.99999994
                                                 (CAL-CM**3/GM**2/SEC)




 __________________________________________________________________


     COMPUTER TIME (CPU) REQUIRED: FOR THIS STEP -  0.000000E+00  S     UP TO THIS TIME -  0.000000E+00  S


1
0(GCKP)     END OF THIS CASE



                                   TOTAL CPU TIME (INCLUDING I/O) REQUIRED =     0.000000 S



0(GCKP)     READ DATA FOR NEXT CASE
