 Thermodynamic Data File Name:
 thermo.inp                                                                     
                                          
 Case Input Data File Name:
 example_8.inp                                                                  
                                          
 Transport Data File Name:
 transport.inp                                                                  
                                          
1                                                        **  DATA CARDS  **

                                     1         2         3         4         5         6         7         8
                        CC  12345678901234567890123456789012345678901234567890123456789012345678901234567890


                            NEW                                                                             
                               M       +   CH3OH    =   CH3     +   OH           3.2E+18   0.        80000. 
                               O2      +   CH3OH    =   CH2OH   +   HO2          4.0E+13   0.        50900. 
                               OH      +   CH3OH    =   CH2OH   +   H2O          4.0E+12   0.        2000.  
                               O       +   CH3OH    =   CH2OH   +   OH           1.6E+12   0.        2300.  
                               H       +   CH3OH    =   CH2OH   +   H2           3.2E+13   0.        7000.  
                               H       +   CH3OH    =   CH3     +   H2O          5.0E+12   0.        5300.  
                               CH3     +   CH3OH    =   CH2OH   +   CH4          2.0E+11   0.        9800.  
                               HO2     +   CH3OH    =   CH2OH   +   H2O2         6.3E+12   0.        19400. 
                               M       +   CH2OH    =   CH2O    +   H            2.5E+13   0.        29000. 
                               O2      +   CH2OH    =   CH2O    +   HO2          1.0E+12   0.        6000.  
                                           CH4      =   CH3     +   H            2.0E+15   0.        104000.
                               H       +   CH4      =   CH3     +   H2          1.26E+14   0.        11900. 
                               O       +   CH4      =   CH3     +   OH           2.0E+13   0.        9200.  
                               OH      +   CH4      =   CH3     +   H2O          3.0E+13   0.        6000.  
                               CH      +   O2       =   HCO     +   O            1.0E+13   0.        0.     
                               CH2     +   O2       =   CH2O    +   O            1.0E+14   0.        3700.  
                               CH3     +   O2       =   CH2O    +   OH           1.7E+12   0.        14000. 
                               CH3     +   O        =   CH2O    +   H            6.8E+13   0.        0.     
                               CH2O    +   H        =   HCO     +   H2            2.E+13   0.        3300.  
                               CH2O    +   O        =   HCO     +   OH            5.E+13   0.        4570.  
                               CH2O    +   OH       =   HCO     +   H2O           5.E+15   0.        13000. 
                               HCO     +   O        =   CO      +   OH            3.E+13    0.        0.    
                               HCO     +   H        =   CO      +   H2            2.E+13    0.        0.    
                               HCO     +   OH       =   CO      +   H2O           3.E+13   0.        0.     
                               M       +   HCO      =   H       +   CO            3.E+14    0.       14700. 
                               CO      +   OH       =   CO2     +   H            4.0E+12   0.        8000.  
                               CO      +   O        =   CO2     +   M            2.8E+13   0.        -4540. 
                               CO      +   O2       =   CO2     +   O            1.2E+11    0.       35000. 
                               H       +   O2       =   OH      +   O            2.2E+14   0.        16790. 
                               O       +   H2       =   OH      +   H            1.8E+10   1.        8900.  
                               H2      +   OH       =   H2O     +   H            5.2E+13   0.        6500.  
                               OH      +   OH       =   O       +   H2O          6.3E+12   0.        1093.  
                               H       +   O2       =   HO2     +   M            1.5E+15    0.       -1000. 
                               O       +   O        =   O2      +   M            5.7E+13   0.        -1788. 
                               H       +   H        =   H2      +   M            8.3E+17   -1.         0.   
                               H       +   OH       =   H2O     +   M            8.4E+21   -2.       0.     
                               H       +   CH3      =   H2      +   CH2          2.7E+11  .67        25700. 
                               O       +   CH3      =   OH      +   CH2          1.9E+11   .68       25700. 
                               OH      +   CH3      =   H2O     +   CH2          2.7E+11   .67       25700. 
                               H       +   CH2      =   H2      +   CH           2.9E+11   .7        26000. 
                               O       +   CH2      =   OH      +   CH           3.2E+11   .5        26000. 
                               OH      +   CH2      =   H2O     +   CH           5.0E+11   .5        6000.  
                               HO2     +   NO       =   NO2     +   OH           1.2E+13    0.      2380.   
                               O       +   NO2      =   NO      +   O2           1.0E+13     0.      596.   
                               NO      +   O        =   NO2     +   M           5.62E+15   0.        -1160. 
                               NO2     +   H        =   NO      +   OH           2.9E+14   0.         795.  
                               N       +   O2       =   NO      +   O             6.4E+9   1.        6250.  
                               O       +   N2       =   NO      +   N            1.8E+14   0.        76250. 
                               N       +   OH       =   NO      +   H            4.0E+13   0.        0.     
                               CN      +   H2       =   HCN     +   H            6.0E+13   0.        5300.  
                               O       +   HCN      =   H       +   NCO          5.2E+12  .68        8100.  
                               OH      +   HCN      =   HNCO    +   H            4.0E+11   0.         2800. 
                               CN      +   O        =   CO      +   N            1.2E+13   0.           0.  
                               CN      +   OH       =   NCO     +   H            2.5E+14   0.        6000.  
                               CN      +   O2       =   NCO     +   O            3.2E+13   0.        1000.  
                               CN      +   CO2      =   NCO     +   CO           3.7E+12   0.         0.    
                               O       +   NCO      =   NO      +   CO           2.0E+13    0.        0.    
                               N       +   NCO      =   N2      +   CO           1.0E+13    0.        0.    
                               H       +   NCO      =   NH      +   CO           2.0E+13   0.        0.     
                               H2      +   NCO      =   HNCO    +   H            1.0E+14   0.        9000.  
                               HNCO    +   H        =   NH2     +   CO           1.0E+14   0.        8500.  
                               NH      +   OH       =   N       +   H2O          5.0E+11   .5        1999.  
                               H       +   HO2      =   OH      +   OH           1.4E+14   0.        1070.  
                               H       +   HO2      =   O       +   H2O          1.0E+13   0.        1000.  
                               O       +   HO2      =   OH      +   O2           1.6E+13   0.        1070.  
                               OH      +   HO2      =   H2O     +   O2           7.9E+12   0.           0.  
                               CH3     +   OH       =   CH2O    +   H2           7.4E+12   0.         0.    
                               H2      +   HO2      =   H2O     +   OH           7.2E+11   0.        18700. 
                               HCO     +   O2       =   CO      +   HO2          3.0E+13   0.         0.    
                               OH      +   H2O2     =   H2O     +   HO2          1.0E+13   0.        1800.  
                               O2      +   H2O2     =2.0HO2                      4.0E+13   0.        42600. 
                               H       +   H2O2     =   HO2     +   H2           1.6E+12   0.        3800.  
                               M       +   H2O2     =2.0OH                       1.3E+17   0.        45500. 
                                                            -  BLANK CARD  -
                            AR                                                                              
                            TIME                                    CH3OH                                   
                             &PROB  MF=21, PSTAT= T,  ALLM1 =F,  RHOCON =T, EMAX=5.E-4, ATOLSP=1.E-12,      
                               PRINT= 3.E-4,  5.6E-4,   6.E-4,  6.2E-4,                                     
                                    NPRNTS = 4,   &END                                                      
                               H       +   O2       =   HO2     +   M       O2        2.0    N2         2.0 
                               SAME                                         H2O       32.5   CO2        7.5 
                               SAME                                         CO        2.0                   
                               H       +   OH       =   H2O     +   M       O2        1.6    H2O       20.  
                               SAME                                         N2        1.6    CO2       7.5  
                               SAME                                         CO        1.6                   
                                                            -  BLANK CARD  -
                             &START   T= 1300, MMHG=T, P= 760,  ERATIO= 2.0,  SCC=1,  SCH= 4, SCOX= 1,      
                                     &END                                                                   
                            CN        .000001                                                               
                            CH        .00001                                                                
                            N         .000001                                                               
                            END                                                                             
                            FINIS                                                                           
1



     *** THE FOLLOWING  5 ELEMENTS CONSIDERED FOR THIS PROBLEM ***

          AR    C     H     O     N   



     *** THE FOLLOWING 28 REACTING SPECIES CONSIDERED FOR THIS PROBLEM ***

          CH3OH     CH3       OH        O2        CH2OH     HO2       H2O       O         H         H2        CH4       H2O2    
          CH2O      CH        HCO       CH2       CO        CO2       NO        NO2       N         N2        CN        HCN     
          NCO       HNCO      NH        NH2     



     *** THE FOLLOWING  1 INERT SPECIES CONSIDERED FOR THIS PROBLEM ***

          AR      



                    *** THERMODYNAMIC DATA AND MOLECULAR WEIGHT ***



    CH3OH                       MWT =      32.04200
   0.40334730E+01   0.93680508E-02  -0.30449373E-05   0.43456994E-09  -0.22136329E-13  -0.26159859E+05   0.23539820E+01
   0.26587849E+01   0.73515214E-02   0.71443337E-05  -0.87661114E-08   0.23805116E-11  -0.25353684E+05   0.11238121E+02


    CH3                         MWT =      15.03470
   0.28400328E+01   0.60869087E-02  -0.21740339E-05   0.36042577E-09  -0.22725299E-13   0.16449812E+05   0.55056753E+01
   0.34666350E+01   0.38301845E-02   0.10116802E-05  -0.18859236E-08   0.66803182E-12   0.16313104E+05   0.24172192E+01


    OH                          MWT =      17.00730
   0.28897815E+01   0.10005879E-02  -0.22048808E-06   0.20191288E-10  -0.39409830E-15   0.38857041E+04   0.55566425E+01
   0.38737299E+01  -0.13393773E-02   0.16348351E-05  -0.52133636E-09   0.41826975E-13   0.35802349E+04   0.34202406E+00


    O2                          MWT =      31.99879
   0.36122139E+01   0.74853166E-03  -0.19820646E-06   0.33749007E-10  -0.23907374E-14  -0.11978151E+04   0.36703308E+01
   0.37837136E+01  -0.30233634E-02   0.99492754E-05  -0.98189101E-08   0.33031826E-11  -0.10638107E+04   0.36416345E+01


    CH2OH                       MWT =      31.03410
   0.46129885E+01   0.62971413E-02  -0.20029483E-05   0.27889868E-09  -0.13731448E-13  -0.38908596E+04   0.52852684E+00
   0.33168221E+01   0.66920184E-02   0.28148397E-05  -0.57237202E-08   0.20724056E-11  -0.33146321E+04   0.81576948E+01


    HO2                         MWT =      33.00669
   0.40173059E+01   0.22175882E-02  -0.57710173E-06   0.71372880E-10  -0.36458589E-14  -0.11412445E+04   0.37846050E+01
   0.35964103E+01   0.52500749E-03   0.75118346E-05  -0.95674952E-08   0.36597626E-11  -0.89333502E+03   0.66372671E+01


    H2O                         MWT =      18.01520
   0.26340654E+01   0.31121899E-02  -0.90278451E-06   0.12673054E-09  -0.69164734E-14  -0.29876258E+05   0.70823874E+01
   0.41675563E+01  -0.18106868E-02   0.59450877E-05  -0.48670872E-08   0.15284144E-11  -0.30289547E+05  -0.73087996E+00


    O                           MWT =      15.99940
   0.25342960E+01  -0.12478170E-04  -0.12562724E-07   0.69029860E-11  -0.63797098E-15   0.29231107E+05   0.49628592E+01
   0.30309401E+01  -0.22525853E-02   0.39824540E-05  -0.32604921E-08   0.10152035E-11   0.29136525E+05   0.26099341E+01


    H                           MWT =       1.00797
   0.25000000E+01   0.00000000E+00   0.00000000E+00   0.00000000E+00   0.00000000E+00   0.25474391E+05  -0.45989841E+00
   0.25000000E+01   0.00000000E+00   0.00000000E+00   0.00000000E+00   0.00000000E+00   0.25474391E+05  -0.45989841E+00


    H2                          MWT =       2.01580
   0.30558124E+01   0.59740403E-03  -0.16747471E-08  -0.21247544E-10   0.25195486E-14  -0.86168475E+03  -0.17207073E+01
   0.29432328E+01   0.34815508E-02  -0.77713821E-05   0.74997493E-08  -0.25203379E-11  -0.97695410E+03  -0.18186136E+01


    CH4                         MWT =      16.04260
   0.21737833E+01   0.89936592E-02  -0.27855467E-05   0.39775117E-09  -0.19976425E-13  -0.10216566E+05   0.70773563E+01
   0.29428148E+01   0.25153728E-02   0.79085839E-05  -0.47495483E-08   0.14244910E-12  -0.10056824E+05   0.45714579E+01


    H2O2                        MWT =      34.01460
   0.47928858E+01   0.36300865E-02  -0.11136435E-05   0.14868513E-09  -0.68958511E-14  -0.18132195E+05  -0.51306415E+00
   0.34546633E+01   0.55575930E-02   0.92103738E-06  -0.46279780E-08   0.21458200E-11  -0.17672328E+05   0.68402452E+01


    CH2O                        MWT =      30.02620
   0.28364248E+01   0.68605300E-02  -0.26882647E-05   0.47971260E-09  -0.32118405E-13  -0.15236031E+05   0.78531170E+01
   0.37963784E+01  -0.25701786E-02   0.18548815E-04  -0.17869176E-07   0.55504451E-11  -0.15088947E+05   0.47548165E+01


    CH                          MWT =      13.01890
   0.22673116E+01   0.22042999E-02  -0.62250189E-06   0.69689941E-10  -0.21274952E-14   0.70838039E+05   0.87889357E+01
   0.35632751E+01  -0.20031372E-03  -0.40129814E-06   0.18226922E-08  -0.86768310E-12   0.70405508E+05   0.17628022E+01


    HCO                         MWT =      29.01830
   0.34738348E+01   0.34370227E-02  -0.13632664E-05   0.24928645E-09  -0.17044331E-13   0.39594004E+04   0.60453339E+01
   0.38840191E+01  -0.82974450E-03   0.77900813E-05  -0.70616961E-08   0.19971730E-11   0.40563860E+04   0.48354135E+01


    CH2                         MWT =      14.02680
   0.27525480E+01   0.39782049E-02  -0.14921731E-05   0.25956898E-09  -0.17110674E-13   0.45547758E+05   0.66534801E+01
   0.35883348E+01   0.21724137E-02  -0.13323408E-05   0.19469446E-08  -0.89431392E-12   0.45315188E+05   0.22627869E+01


    CO                          MWT =      28.01040
   0.29840696E+01   0.14891390E-02  -0.57899683E-06   0.10364577E-09  -0.69353550E-14  -0.14245228E+05   0.63479156E+01
   0.37100928E+01  -0.16190964E-02   0.36923593E-05  -0.20319675E-08   0.23953344E-12  -0.14356310E+05   0.29555352E+01


    CO2                         MWT =      44.00979
   0.44608040E+01   0.30981719E-02  -0.12392571E-05   0.22741325E-09  -0.15525955E-13  -0.48961441E+05  -0.98635983E+00
   0.24007797E+01   0.87350961E-02  -0.66070879E-05   0.20021862E-08   0.63274039E-15  -0.48377527E+05   0.96951456E+01


    NO                          MWT =      30.00610
   0.31486542E+01   0.14151823E-02  -0.57574880E-06   0.10738529E-09  -0.73900203E-14   0.99610625E+04   0.69670935E+01
   0.42484932E+01  -0.48661106E-02   0.11634155E-04  -0.99768496E-08   0.30483949E-11   0.98418047E+04   0.21434822E+01


    NO2                         MWT =      46.00550
   0.45608468E+01   0.28067846E-02  -0.12387496E-05   0.26311570E-09  -0.19824815E-13   0.24359585E+04   0.16466891E+01
   0.35118804E+01   0.16557144E-02   0.82383958E-05  -0.11381848E-07   0.43480302E-11   0.29390818E+04   0.80948820E+01


    N                           MWT =      14.00670
   0.24370811E+01   0.13233886E-03  -0.90907754E-07   0.22864054E-10  -0.13762291E-14   0.56128586E+05   0.45211110E+01
   0.25000005E+01  -0.31078153E-08   0.83216099E-11  -0.94278282E-14   0.38108037E-17   0.56106977E+05   0.41806431E+01


    N2                          MWT =      28.01340
   0.28532898E+01   0.16022128E-02  -0.62936891E-06   0.11441022E-09  -0.78057466E-14  -0.89008093E+03   0.63964896E+01
   0.37044177E+01  -0.14218753E-02   0.28670393E-05  -0.12028885E-08  -0.13954677E-13  -0.10640795E+04   0.22336285E+01


    CN                          MWT =      26.01770
   0.36036284E+01   0.33644389E-03   0.10028933E-06  -0.16318166E-10  -0.36286722E-15   0.51159832E+05   0.35454504E+01
   0.37386308E+01  -0.19239224E-02   0.47035187E-05  -0.31113001E-08   0.61675318E-12   0.51270926E+05   0.34490218E+01


    HCN                         MWT =      27.02560
   0.37068121E+01   0.33382804E-02  -0.11913320E-05   0.19992917E-09  -0.12826452E-13   0.14962636E+05   0.20794904E+01
   0.24513557E+01   0.87208375E-02  -0.10094203E-04   0.67255699E-08  -0.17626959E-11   0.15213002E+05   0.80830088E+01


    NCO                         MWT =      42.01710
   0.49964356E+01   0.26250880E-02  -0.10928387E-05   0.20309111E-09  -0.13915195E-13   0.17379355E+05  -0.17325320E+01
   0.31092021E+01   0.66201021E-02  -0.26070086E-05  -0.14966380E-08   0.10922032E-11   0.17977514E+05   0.83561335E+01


    HNCO                        MWT =      43.02500
   0.51300392E+01   0.43551372E-02  -0.16269022E-05   0.28035604E-09  -0.18276037E-13  -0.14101787E+05  -0.22010994E+01
   0.23722165E+01   0.13664040E-01  -0.13323158E-04   0.64475456E-08  -0.10402894E-11  -0.13437059E+05   0.11588263E+02


    NH                          MWT =      15.01460
   0.26980991E+01   0.15001066E-02  -0.53517192E-06   0.10659881E-09  -0.79730729E-14   0.39983172E+05   0.61953869E+01
   0.34796667E+01   0.41358496E-03  -0.17570432E-05   0.27726521E-08  -0.11472011E-11   0.39713488E+05   0.18900889E+01


    NH2                         MWT =      16.02250
   0.26364064E+01   0.36010668E-02  -0.11903551E-05   0.20318811E-09  -0.13761458E-13   0.21997336E+05   0.75913286E+01
   0.41350203E+01  -0.15922608E-02   0.57789298E-05  -0.41822865E-08   0.10971418E-11   0.21646479E+05   0.13205504E+00


    AR                          MWT =      39.94800
   0.25000000E+01   0.00000000E+00   0.00000000E+00   0.00000000E+00   0.00000000E+00  -0.74537500E+03   0.43660007E+01
   0.25000000E+01   0.00000000E+00   0.00000000E+00   0.00000000E+00   0.00000000E+00  -0.74537500E+03   0.43660007E+01
1                TIME-AREA VERSION
+                                                 GENERAL CHEMICAL KINETICS PROGRAM           NASA LEWIS RESEARCH CENTER


                          NEW                                                                             


     REACTION                               REACTION                                          REACTION RATE VARIABLES
      NUMBER                                                                                  A                N         ACTIVATION
                                                                                                                            ENERGY
         1                         1*CH3OH     =    1*CH3                                 3.20000E+18         0.0000       80000.00
+                    M         +
+                                                               +    1*OH      
         2                         1*CH3OH     =    1*CH2OH                               4.00000E+13         0.0000       50900.00
+                  1*O2        +
+                                                               +    1*HO2     
         3                         1*CH3OH     =    1*CH2OH                               4.00000E+12         0.0000        2000.00
+                  1*OH        +
+                                                               +    1*H2O     
         4                         1*CH3OH     =    1*CH2OH                               1.60000E+12         0.0000        2300.00
+                  1*O         +
+                                                               +    1*OH      
         5                         1*CH3OH     =    1*CH2OH                               3.20000E+13         0.0000        7000.00
+                  1*H         +
+                                                               +    1*H2      
         6                         1*CH3OH     =    1*CH3                                 5.00000E+12         0.0000        5300.00
+                  1*H         +
+                                                               +    1*H2O     
         7                         1*CH3OH     =    1*CH2OH                               2.00000E+11         0.0000        9800.00
+                  1*CH3       +
+                                                               +    1*CH4     
         8                         1*CH3OH     =    1*CH2OH                               6.30000E+12         0.0000       19400.00
+                  1*HO2       +
+                                                               +    1*H2O2    
         9                         1*CH2OH     =    1*CH2O                                2.50000E+13         0.0000       29000.00
+                    M         +
+                                                               +    1*H       
        10                         1*CH2OH     =    1*CH2O                                1.00000E+12         0.0000        6000.00
+                  1*O2        +
+                                                               +    1*HO2     
        11                         1*CH4       =    1*CH3                                 2.00000E+15         0.0000      104000.00
+                                                               +    1*H       
        12                         1*CH4       =    1*CH3                                 1.26000E+14         0.0000       11900.00
+                  1*H         +
+                                                               +    1*H2      
        13                         1*CH4       =    1*CH3                                 2.00000E+13         0.0000        9200.00
+                  1*O         +
+                                                               +    1*OH      
        14                         1*CH4       =    1*CH3                                 3.00000E+13         0.0000        6000.00
+                  1*OH        +
+                                                               +    1*H2O     
        15                         1*O2        =    1*HCO                                 1.00000E+13         0.0000           0.00
+                  1*CH        +
+                                                               +    1*O       
        16                         1*O2        =    1*CH2O                                1.00000E+14         0.0000        3700.00
+                  1*CH2       +
+                                                               +    1*O       
        17                         1*O2        =    1*CH2O                                1.70000E+12         0.0000       14000.00
+                  1*CH3       +
+                                                               +    1*OH      
        18                         1*O         =    1*CH2O                                6.80000E+13         0.0000           0.00
+                  1*CH3       +
+                                                               +    1*H       
        19                         1*H         =    1*HCO                                 2.00000E+13         0.0000        3300.00
+                  1*CH2O      +
+                                                               +    1*H2      
        20                         1*O         =    1*HCO                                 5.00000E+13         0.0000        4570.00
+                  1*CH2O      +
+                                                               +    1*OH      
        21                         1*OH        =    1*HCO                                 5.00000E+15         0.0000       13000.00
+                  1*CH2O      +
+                                                               +    1*H2O     
        22                         1*O         =    1*CO                                  3.00000E+13         0.0000           0.00
+                  1*HCO       +
+                                                               +    1*OH      
        23                         1*H         =    1*CO                                  2.00000E+13         0.0000           0.00
+                  1*HCO       +
+                                                               +    1*H2      
        24                         1*OH        =    1*CO                                  3.00000E+13         0.0000           0.00
+                  1*HCO       +
+                                                               +    1*H2O     
        25                         1*HCO       =    1*H                                   3.00000E+14         0.0000       14700.00
+                    M         +
+                                                               +    1*CO      
        26                         1*OH        =    1*CO2                                 4.00000E+12         0.0000        8000.00
+                  1*CO        +
+                                                               +    1*H       
        27                         1*O         =    1*CO2                                 2.80000E+13         0.0000       -4540.00
+                  1*CO        +
+                                                               +      M       
        28                         1*O2        =    1*CO2                                 1.20000E+11         0.0000       35000.00
+                  1*CO        +
+                                                               +    1*O       
        29                         1*O2        =    1*OH                                  2.20000E+14         0.0000       16790.00
+                  1*H         +
+                                                               +    1*O       
        30                         1*H2        =    1*OH                                  1.80000E+10         1.0000        8900.00
+                  1*O         +
+                                                               +    1*H       
        31                         1*OH        =    1*H2O                                 5.20000E+13         0.0000        6500.00
+                  1*H2        +
+                                                               +    1*H       
        32                         2*OH        =    1*O                                   6.30000E+12         0.0000        1093.00
+                                                               +    1*H2O     
        33                         1*O2        =    1*HO2                                 1.50000E+15         0.0000       -1000.00
+                  1*H         +
+                                                               +      M       
        34                         2*O         =    1*O2                                  5.70000E+13         0.0000       -1788.00
+                                                               +      M       
        35                         2*H         =    1*H2                                  8.30000E+17        -1.0000           0.00
+                                                               +      M       
        36                         1*OH        =    1*H2O                                 8.40000E+21        -2.0000           0.00
+                  1*H         +
+                                                               +      M       
        37                         1*CH3       =    1*H2                                  2.70000E+11         0.6700       25700.00
+                  1*H         +
+                                                               +    1*CH2     
        38                         1*CH3       =    1*OH                                  1.90000E+11         0.6800       25700.00
+                  1*O         +
+                                                               +    1*CH2     
        39                         1*CH3       =    1*H2O                                 2.70000E+11         0.6700       25700.00
+                  1*OH        +
+                                                               +    1*CH2     
        40                         1*CH2       =    1*H2                                  2.90000E+11         0.7000       26000.00
+                  1*H         +
+                                                               +    1*CH      
        41                         1*CH2       =    1*OH                                  3.20000E+11         0.5000       26000.00
+                  1*O         +
+                                                               +    1*CH      
        42                         1*CH2       =    1*H2O                                 5.00000E+11         0.5000        6000.00
+                  1*OH        +
+                                                               +    1*CH      
        43                         1*NO        =    1*NO2                                 1.20000E+13         0.0000        2380.00
+                  1*HO2       +
+                                                               +    1*OH      
        44                         1*NO2       =    1*NO                                  1.00000E+13         0.0000         596.00
+                  1*O         +
+                                                               +    1*O2      
        45                         1*O         =    1*NO2                                 5.62000E+15         0.0000       -1160.00
+                  1*NO        +
+                                                               +      M       
        46                         1*H         =    1*NO                                  2.90000E+14         0.0000         795.00
+                  1*NO2       +
+                                                               +    1*OH      
        47                         1*O2        =    1*NO                                  6.40000E+09         1.0000        6250.00
+                  1*N         +
+                                                               +    1*O       
        48                         1*N2        =    1*NO                                  1.80000E+14         0.0000       76250.00
+                  1*O         +
+                                                               +    1*N       
        49                         1*OH        =    1*NO                                  4.00000E+13         0.0000           0.00
+                  1*N         +
+                                                               +    1*H       
        50                         1*H2        =    1*HCN                                 6.00000E+13         0.0000        5300.00
+                  1*CN        +
+                                                               +    1*H       
        51                         1*HCN       =    1*H                                   5.20000E+12         0.6800        8100.00
+                  1*O         +
+                                                               +    1*NCO     
        52                         1*HCN       =    1*HNCO                                4.00000E+11         0.0000        2800.00
+                  1*OH        +
+                                                               +    1*H       
        53                         1*O         =    1*CO                                  1.20000E+13         0.0000           0.00
+                  1*CN        +
+                                                               +    1*N       
        54                         1*OH        =    1*NCO                                 2.50000E+14         0.0000        6000.00
+                  1*CN        +
+                                                               +    1*H       
        55                         1*O2        =    1*NCO                                 3.20000E+13         0.0000        1000.00
+                  1*CN        +
+                                                               +    1*O       
        56                         1*CO2       =    1*NCO                                 3.70000E+12         0.0000           0.00
+                  1*CN        +
+                                                               +    1*CO      
        57                         1*NCO       =    1*NO                                  2.00000E+13         0.0000           0.00
+                  1*O         +
+                                                               +    1*CO      
        58                         1*NCO       =    1*N2                                  1.00000E+13         0.0000           0.00
+                  1*N         +
+                                                               +    1*CO      
        59                         1*NCO       =    1*NH                                  2.00000E+13         0.0000           0.00
+                  1*H         +
+                                                               +    1*CO      
        60                         1*NCO       =    1*HNCO                                1.00000E+14         0.0000        9000.00
+                  1*H2        +
+                                                               +    1*H       
        61                         1*H         =    1*NH2                                 1.00000E+14         0.0000        8500.00
+                  1*HNCO      +
+                                                               +    1*CO      
        62                         1*OH        =    1*N                                   5.00000E+11         0.5000        1999.00
+                  1*NH        +
+                                                               +    1*H2O     
        63                         1*HO2       =    2*OH                                  1.40000E+14         0.0000        1070.00
+                  1*H         +
        64                         1*HO2       =    1*O                                   1.00000E+13         0.0000        1000.00
+                  1*H         +
+                                                               +    1*H2O     
        65                         1*HO2       =    1*OH                                  1.60000E+13         0.0000        1070.00
+                  1*O         +
+                                                               +    1*O2      
        66                         1*HO2       =    1*H2O                                 7.90000E+12         0.0000           0.00
+                  1*OH        +
+                                                               +    1*O2      
        67                         1*OH        =    1*CH2O                                7.40000E+12         0.0000           0.00
+                  1*CH3       +
+                                                               +    1*H2      
        68                         1*HO2       =    1*H2O                                 7.20000E+11         0.0000       18700.00
+                  1*H2        +
+                                                               +    1*OH      
        69                         1*O2        =    1*CO                                  3.00000E+13         0.0000           0.00
+                  1*HCO       +
+                                                               +    1*HO2     
        70                         1*H2O2      =    1*H2O                                 1.00000E+13         0.0000        1800.00
+                  1*OH        +
+                                                               +    1*HO2     
        71                         1*H2O2      =    2*HO2                                 4.00000E+13         0.0000       42600.00
+                  1*O2        +
        72                         1*H2O2      =    1*HO2                                 1.60000E+12         0.0000        3800.00
+                  1*H         +
+                                                               +    1*H2      
        73                         1*H2O2      =    2*OH                                  1.30000E+17         0.0000       45500.00
+                    M         +



                                         ALL THIRD BODY RATIOS ARE 1.0 EXCEPT THE FOLLOWING


     M(O2      , 33) =  2.00000
+                                    M(O2      , 36) =  1.60000
+                                                                    M(N2      , 33) =  2.00000
+                                                                                                    M(H2O     , 36) = 20.00000
     M(H2O     , 33) = 32.50000
+                                    M(N2      , 36) =  1.60000
+                                                                    M(CO2     , 33) =  7.50000
+                                                                                                    M(CO2     , 36) =  7.50000
     M(CO      , 33) =  2.00000
+                                    M(CO      , 36) =  1.60000



                                                        INTEGRATION CONTROLS

               MAXIMUM RELATIVE ERROR   5.00000E-04                    SPECIES ABSOLUTE ERROR   1.00000E-12
1                                                  ** ASSIGNED VARIABLE PROFILE **


                                    THIS IS A V=0 PROBLEM - AN ASSIGNED VARIABLE IS NOT REQUIRED



                                      THE VOLUME (DENSITY) WILL BE HELD CONSTANT FOR THIS CASE



          AIR - FUEL COMBUSTION, EQUIVALENCE RATIO =    2.0000   OXYGEN FRACTION IN AIR = 0.2095



                                                  NUMBER OF REACTING SPECIES:   28

                                                     NUMBER OF INERT SPECIES:    1


                                        NUMBER OF SPECIES ODE'S REQUIRED FOR THIS CASE:   28

                                          TOTAL NUMBER OF ODE'S REQUIRED FOR THIS CASE:   29
1                                                    **  INITIAL CONDITIONS  **


                TIME   0.00000E+00  SEC              AREA   0.00000E+00  SQ CM              AXIAL POSITION   0.00000E+00  CM


                    FLOW PROPERTIES                                             INTEGRATION INDICATORS

                      PRESSURE                1.00001                             STEPS FROM LAST PRINT            0
                       (ATM)
                      VELOCITY                0.00                                AVERAGE STEP SIZE             0.00000E+00
                       (CM/SEC)
                      DENSITY            2.77826E-04                              TOTAL NUMBER OF STEPS                 0
                       (GM/CM**3)
                      TEMPERATURE          1300.00
                       (DEG K)
                      MASS FLOW RATE     0.00000E+00
                       (GM/SEC)
                      ENTROPY                 2.1788                              FUNCT EVALUATIONS                     0
                       CAL/GM/DEG K)
                      MACH NUMBER             0.0000                              JACOBIAN EVALUATIONS                  0

                      GAMMA                   1.2066

                      ENTHALPY          -1.90008E+01
                       (CAL/GM)


                                                        CHEMICAL PROPERTIES


 SPECIES    CONCENTRATION   MOLE FRACTION   NET SPECIES PRODUCTION  REACTION   RATE CONST   NET REACTION CONV RATE   NET RATE/POSI-
            (MOLES/CM**3)                    RATE (MOLE/CM**3/SEC)   NUMBER    CGS  UNITS   (MOLE-CM**3/GM**2/SEC)    TIVE DIR RATE
  CH3OH      2.04684E-06     2.18340E-01          -2.53109E-06          1      1.1375E+05         2.82763E+01               1.00000
  CH3        0.00000E+00     0.00000E+00           2.18257E-06          2      1.1092E+05         4.51524E+00               1.00000
  OH         0.00000E+00     0.00000E+00           2.18257E-06          3      1.8443E+12         0.00000E+00               0.00000
  O2         1.53513E-06     1.63755E-01          -1.76280E-03          4      6.5683E+11         0.00000E+00               0.00000
  CH2OH      0.00000E+00     0.00000E+00           3.48519E-07          5      2.1298E+12         0.00000E+00               0.00000
  HO2        0.00000E+00     0.00000E+00           3.48519E-07          6      6.4263E+11         0.00000E+00               0.00000
  H2O        0.00000E+00     0.00000E+00           0.00000E+00          7      4.5030E+09         0.00000E+00               0.00000
  O          0.00000E+00     0.00000E+00           1.76246E-03          8      3.4507E+09         0.00000E+00               0.00000
  H          0.00000E+00     0.00000E+00           0.00000E+00          9      3.3312E+08         0.00000E+00               0.00000
  H2         0.00000E+00     0.00000E+00           0.00000E+00         10      9.8019E+10         0.00000E+00               0.00000
  CH4        0.00000E+00     0.00000E+00           0.00000E+00         11      6.5622E-03         0.00000E+00               0.00000
  H2O2       0.00000E+00     0.00000E+00           0.00000E+00         12      1.2583E+12         0.00000E+00               0.00000
  CH2O       0.00000E+00     0.00000E+00           0.00000E+00         13      5.6803E+11         0.00000E+00               0.00000
  CH         9.37445E-11     9.99988E-06          -1.43910E-03         14      2.9406E+12         0.00000E+00               0.00000
  HCO        0.00000E+00     0.00000E+00           1.43910E-03         15      1.0000E+13         1.86443E+04               1.00000
  CH2        0.00000E+00     0.00000E+00           0.00000E+00         16      2.3877E+13         0.00000E+00               0.00000
  CO         0.00000E+00     0.00000E+00           7.62494E-08         17      7.5307E+09         0.00000E+00               0.00000
  CO2        2.19831E-09     2.34497E-04          -7.62494E-08         18      6.8000E+13         0.00000E+00               0.00000
  NO         0.00000E+00     0.00000E+00           1.06536E-05         19      5.5751E+12         0.00000E+00               0.00000
  NO2        0.00000E+00     0.00000E+00           0.00000E+00         20      8.5248E+12         0.00000E+00               0.00000
  N          9.37445E-12     9.99988E-07          -1.06536E-05         21      3.2619E+13         0.00000E+00               0.00000
  N2         5.72198E-06     6.10373E-01           0.00000E+00         22      3.0000E+13         0.00000E+00               0.00000
  CN         9.37445E-12     9.99988E-07          -3.12775E-04         23      2.0000E+13         0.00000E+00               0.00000
  HCN        0.00000E+00     0.00000E+00           0.00000E+00         24      3.0000E+13         0.00000E+00               0.00000
  NCO        0.00000E+00     0.00000E+00           3.12775E-04         25      1.0135E+12         0.00000E+00               0.00000
  HNCO       0.00000E+00     0.00000E+00           0.00000E+00         26      1.8077E+11         0.00000E+00               0.00000
  NH         0.00000E+00     0.00000E+00           0.00000E+00         27      1.6233E+14        -1.07883E-11               1.00000
  NH2        0.00000E+00     0.00000E+00           0.00000E+00         28      1.5673E+05         0.00000E+00               0.00000
  AR         6.82935E-08     7.28498E-03           0.00000E+00         29      3.3095E+11         0.00000E+00               0.00000
                                                                       30      7.4643E+11         0.00000E+00               0.00000
                                                                       31      4.2000E+12         0.00000E+00               0.00000
                                                                       32      4.1266E+12         0.00000E+00               0.00000
                                                                       33      2.2091E+15         0.00000E+00               0.00000
                                                                       34      1.1388E+14        -6.14816E-09               1.00000
                                                                       35      6.3846E+14         0.00000E+00               0.00000
                                                                       36      4.9704E+15         0.00000E+00               0.00000
                                                                       37      1.5745E+09         0.00000E+00               0.00000
                                                                       38      1.1903E+09         0.00000E+00               0.00000
                                                                       39      1.5745E+09         0.00000E+00               0.00000
                                                                       40      1.8671E+09         0.00000E+00               0.00000
                                                                       41      4.9105E+08         0.00000E+00               0.00000
                                                                       42      1.7671E+12         0.00000E+00               0.00000
                                                                       43      4.7760E+12         0.00000E+00               0.00000
                                                                       44      7.9397E+12         0.00000E+00               0.00000
                                                                       45      8.8054E+15         0.00000E+00               0.00000
                                                                       46      2.1318E+14         0.00000E+00               0.00000
                                                                       47      7.4029E+11         1.38022E+02               1.00000
                                                                       48      2.7320E+01         0.00000E+00               0.00000
                                                                       49      4.0000E+13         0.00000E+00               0.00000
                                                                       50      7.7115E+12         0.00000E+00               0.00000
                                                                       51      2.9631E+13         0.00000E+00               0.00000
                                                                       52      1.3531E+11         0.00000E+00               0.00000
                                                                       53      1.2000E+13         0.00000E+00               0.00000
                                                                       54      2.4505E+13         0.00000E+00               0.00000
                                                                       55      2.1729E+13         4.05117E+03               1.00000
                                                                       56      3.7000E+12         9.87849E-01               1.00000
                                                                       57      2.0000E+13         0.00000E+00               0.00000
                                                                       58      1.0000E+13         0.00000E+00               0.00000
                                                                       59      2.0000E+13         0.00000E+00               0.00000
                                                                       60      3.0688E+12         0.00000E+00               0.00000
                                                                       61      3.7241E+12         0.00000E+00               0.00000
                                                                       62      8.3153E+12         0.00000E+00               0.00000
                                                                       63      9.2522E+13         0.00000E+00               0.00000
                                                                       64      6.7902E+12         0.00000E+00               0.00000
                                                                       65      1.0574E+13         0.00000E+00               0.00000
                                                                       66      7.9000E+12         0.00000E+00               0.00000
                                                                       67      7.4000E+12         0.00000E+00               0.00000
                                                                       68      5.1710E+08         0.00000E+00               0.00000
                                                                       69      3.0000E+13         0.00000E+00               0.00000
                                                                       70      4.9819E+12         0.00000E+00               0.00000
                                                                       71      2.7565E+06         0.00000E+00               0.00000
                                                                       72      3.6752E+11         0.00000E+00               0.00000
                                                                       73      2.9154E+09         0.00000E+00               0.00000

    DERIVATIVES (CGS UNITS): T            0.11645E+07    RHO          0.00000E+00

    MIXTURE MOLECULAR WEIGHT     29.63616     TOTAL ENERGY EXCHANGE RATE   -1.37052E+09       MASS FRACTION SUM    1.00000000
                                                 (CAL-CM**3/GM**2/SEC)



                                   CPU TIME FOR INITIALIZATION OF GCKP86 =     0.000000 S


1
                TIME   3.00000E-04  SEC              AREA   0.00000E+00  SQ CM              AXIAL POSITION   0.00000E+00  CM


                    FLOW PROPERTIES                                             INTEGRATION INDICATORS

                      PRESSURE                1.00305                             STEPS FROM LAST PRINT          139
                       (ATM)
                      VELOCITY                0.00                                AVERAGE STEP SIZE             0.22764E-05
                       (CM/SEC)
                      DENSITY            2.77826E-04                              TOTAL NUMBER OF STEPS               139
                       (GM/CM**3)
                      TEMPERATURE          1303.20
                       (DEG K)
                      MASS FLOW RATE     0.00000E+00
                       (GM/SEC)
                      ENTROPY                 2.1820                              FUNCT EVALUATIONS                   163
                       CAL/GM/DEG K)
                      MACH NUMBER             0.0000                              JACOBIAN EVALUATIONS                 25

                      GAMMA                   1.2066

                      ENTHALPY          -1.87356E+01
                       (CAL/GM)


                                                        CHEMICAL PROPERTIES


 SPECIES    CONCENTRATION   MOLE FRACTION   NET SPECIES PRODUCTION  REACTION   RATE CONST   NET REACTION CONV RATE   NET RATE/POSI-
            (MOLES/CM**3)                    RATE (MOLE/CM**3/SEC)   NUMBER    CGS  UNITS   (MOLE-CM**3/GM**2/SEC)    TIVE DIR RATE
  CH3OH      2.03071E-06     2.16494E-01          -1.57402E-04          1      1.2274E+05         2.99872E+01               0.99003
  CH3        1.42695E-10     1.52128E-05           4.38529E-07          2      1.1642E+05        -5.01768E+00               0.51863
  OH         2.44194E-11     2.60335E-06           2.26524E-07          3      1.8478E+12         1.18710E+03               0.99999
  O2         1.52057E-06     1.62108E-01          -1.41188E-04          4      6.5827E+11         5.42779E+00               0.99989
  CH2OH      9.49194E-10     1.01194E-04           8.64486E-06          5      2.1441E+12         4.78738E+01               0.99939
  HO2        8.04049E-09     8.57197E-04           7.14458E-05          6      6.4588E+11         1.44303E+01               1.00000
  H2O        9.84947E-09     1.05005E-03           1.06049E-04          7      4.5452E+09         1.70620E+01               0.99993
  O          3.13448E-13     3.34167E-08           3.58587E-09          8      3.5150E+09         7.42356E+02               0.99841
  H          8.49231E-13     9.05366E-08           9.93635E-09          9      3.4244E+08         3.94994E+01               1.00000
  H2         3.29445E-10     3.51221E-05           3.74276E-06         10      9.8580E+10         1.84331E+03               0.99999
  CH4        2.74220E-10     2.92346E-05           1.30520E-06         11      7.2446E-03        -4.03454E-02               0.99936
  H2O2       1.73304E-09     1.84760E-04           1.74651E-05         12      1.2727E+12        -3.05812E-02               0.88845
  CH2O       1.41903E-08     1.51283E-03           1.35464E-04         13      5.7302E+11        -4.26179E-04               0.40044
  CH         4.59390E-25     4.89756E-20           2.78088E-20         14      2.9574E+12         2.23849E-01               0.87249
  HCO        2.08945E-13     2.22756E-08           3.46001E-09         15      1.0000E+13         9.04986E-11               1.00000
  CH2        1.61398E-19     1.72067E-14           1.66230E-15         16      2.3961E+13         7.61823E-05               0.99998
  CO         6.73966E-10     7.18516E-05           1.15360E-05         17      7.6317E+09         2.14531E+01               1.00000
  CO2        2.19905E-09     2.34440E-04           1.00152E-08         18      6.8000E+13         3.94038E-02               1.00000
  NO         2.90188E-13     3.09369E-08          -8.48894E-09         19      5.5926E+12         8.73140E-01               1.00000
  NO2        9.10194E-12     9.70358E-07           8.54495E-09         20      8.5619E+12         4.93380E-01               1.00000
  N          2.33916E-18     2.49378E-13           4.64466E-14         21      3.3025E+13         1.48260E+02               1.00000
  N2         5.72198E-06     6.10021E-01           1.66633E-16         22      3.0000E+13         2.54550E-05               1.00000
  CN         2.07842E-16     2.21581E-11           2.45005E-12         23      2.0000E+13         4.59772E-05               1.00000
  HCN        4.82696E-14     5.14602E-09           5.23073E-10         24      3.0000E+13         1.98309E-03               1.00000
  NCO        8.50980E-12     9.07231E-07          -9.40070E-09         25      1.0278E+12         2.60969E+01               1.00000
  HNCO       7.81308E-13     8.32953E-08           8.67480E-09         26      1.8216E+11         3.87325E-02               0.99725
  NH         1.32723E-14     1.41496E-09           1.41832E-10         27      1.6163E+14         4.14938E-06               1.00000
  NH2        1.08273E-16     1.15430E-11           2.49087E-12         28      1.6204E+05         2.15133E-03               1.00000
  AR         6.82935E-08     7.28077E-03           0.00000E+00         29      3.3628E+11         5.62470E+00               0.99979
                                                                       30      7.5463E+11         8.21738E-04               0.81395
                                                                       31      4.2261E+12         4.34199E-01               0.98578
                                                                       32      4.1309E+12         2.94730E-02               0.92355
                                                                       33      2.2070E+15        -1.15474E+01               0.94860
                                                                       34      1.1369E+14        -5.45250E-09               0.80067
                                                                       35      6.3689E+14         5.54990E-08               0.99428
                                                                       36      4.9460E+15         1.85056E-05               0.99992
                                                                       37      1.6161E+09         2.53728E-06               1.00000
                                                                       38      1.2219E+09         7.08023E-07               1.00000
                                                                       39      1.6161E+09         7.29586E-05               1.00000
                                                                       40      1.9171E+09         3.40354E-15               0.99977
                                                                       41      5.0397E+08         3.30295E-16               0.99996
                                                                       42      1.7794E+12         9.08551E-11               1.00000
                                                                       43      4.7869E+12         1.33078E-01               0.91969
                                                                       44      7.9442E+12         2.93432E-04               0.99932
                                                                       45      8.7957E+15        -7.16566E-04               0.99986
                                                                       46      2.1334E+14         2.13643E-02               1.00000
                                                                       47      7.4654E+11         3.44013E-05               1.00000
                                                                       48      2.9376E+01         4.20088E-10               0.61544
                                                                       49      4.0000E+13         2.95976E-08               0.99988
                                                                       50      7.7505E+12         6.86312E-06               0.99821
                                                                       51      2.9911E+13        -6.77169E-03               0.99913
                                                                       52      1.3567E+11         1.87485E-06               0.90492
                                                                       53      1.2000E+13         1.01283E-08               1.00000
                                                                       54      2.4645E+13        -1.64281E-05               0.91021
                                                                       55      2.1749E+13         8.88416E-02               0.99764
                                                                       56      3.7000E+12        -8.88637E-02               0.99975
                                                                       57      2.0000E+13         6.91145E-04               1.00000
                                                                       58      1.0000E+13         2.57890E-09               1.00000
                                                                       59      2.0000E+13         1.87253E-03               1.00000
                                                                       60      3.0951E+12         1.12417E-01               0.99998
                                                                       61      3.7543E+12         3.22705E-05               0.99993
                                                                       62      8.3414E+12         3.50247E-05               1.00000
                                                                       63      9.2616E+13         8.19312E+00               1.00000
                                                                       64      6.7967E+12         6.01257E-01               1.00000
                                                                       65      1.0585E+13         3.45587E-01               0.99995
                                                                       66      7.9000E+12         2.00954E+01               1.00000
                                                                       67      7.4000E+12         3.34064E-01               1.00000
                                                                       68      5.2639E+08         1.80644E-02               1.00000
                                                                       69      3.0000E+13         1.23482E+02               0.99998
                                                                       70      4.9904E+12         2.72119E+00               0.99455
                                                                       71      2.8705E+06        -1.27795E+02               0.99923
                                                                       72      3.6885E+11         4.33665E-03               0.61661
                                                                       73      3.0444E+09         6.41157E+02               1.00000

    DERIVATIVES (CGS UNITS): T            0.37019E+05    RHO          0.00000E+00

    MIXTURE MOLECULAR WEIGHT     29.61905     TOTAL ENERGY EXCHANGE RATE   -4.14009E+07       MASS FRACTION SUM    1.00000012
                                                 (CAL-CM**3/GM**2/SEC)




 __________________________________________________________________


     COMPUTER TIME (CPU) REQUIRED: FOR THIS STEP -  0.000000E+00  S     UP TO THIS TIME -  0.000000E+00  S


1
                TIME   5.60000E-04  SEC              AREA   0.00000E+00  SQ CM              AXIAL POSITION   0.00000E+00  CM


                    FLOW PROPERTIES                                             INTEGRATION INDICATORS

                      PRESSURE                1.07978                             STEPS FROM LAST PRINT           25
                       (ATM)
                      VELOCITY                0.00                                AVERAGE STEP SIZE             0.98045E-05
                       (CM/SEC)
                      DENSITY            2.77826E-04                              TOTAL NUMBER OF STEPS               164
                       (GM/CM**3)
                      TEMPERATURE          1387.40
                       (DEG K)
                      MASS FLOW RATE     0.00000E+00
                       (GM/SEC)
                      ENTROPY                 2.2272                              FUNCT EVALUATIONS                   201
                       CAL/GM/DEG K)
                      MACH NUMBER             0.0000                              JACOBIAN EVALUATIONS                 30

                      GAMMA                   1.2062

                      ENTHALPY          -1.20482E+01
                       (CAL/GM)


                                                        CHEMICAL PROPERTIES


 SPECIES    CONCENTRATION   MOLE FRACTION   NET SPECIES PRODUCTION  REACTION   RATE CONST   NET REACTION CONV RATE   NET RATE/POSI-
            (MOLES/CM**3)                    RATE (MOLE/CM**3/SEC)   NUMBER    CGS  UNITS   (MOLE-CM**3/GM**2/SEC)    TIVE DIR RATE
  CH3OH      1.86159E-06     1.96275E-01          -2.04490E-03          1      8.0023E+05         1.52298E+02               0.83200
  CH3        1.31974E-09     1.39146E-04           2.44961E-05          2      3.8378E+05        -9.62870E+02               0.98706
  OH         3.45062E-10     3.63813E-05           5.91360E-06          3      1.9365E+12         1.61112E+04               0.99973
  O2         1.36343E-06     1.43752E-01          -1.99264E-03          4      6.9473E+11         2.34626E+02               0.99946
  CH2OH      1.12751E-08     1.18877E-03           1.65005E-04          5      2.5263E+12         2.30490E+03               0.99356
  HO2        5.94438E-08     6.26740E-03           4.67601E-04          6      7.3129E+11         6.71530E+02               0.99999
  H2O        1.97419E-07     2.08147E-02           3.01903E-03          7      5.7186E+09         1.81919E+02               0.99944
  O          1.40106E-11     1.47719E-06           3.86145E-07          8      5.5382E+09         7.79907E+03               0.98226
  H          3.80749E-11     4.01439E-06           9.78705E-07          9      6.7568E+08         9.36110E+02               0.99999
  H2         9.95276E-09     1.04936E-03           1.86103E-04         10      1.1346E+11         2.25950E+04               0.99989
  CH4        1.31052E-09     1.38173E-04           1.53993E-05         11      8.2892E-02        -1.63138E+01               0.99991
  H2O2       1.45385E-08     1.53285E-03           2.94670E-05         12      1.6820E+12        -1.14287E+01               0.91312
  CH2O       9.71978E-08     1.02480E-02           3.02525E-04         13      7.1090E+11         6.59531E-03               0.03900
  CH         2.38553E-21     2.51516E-16           1.69199E-16         14      3.4039E+12         1.01486E+01               0.50890
  HCO        2.81162E-11     2.96440E-06           7.05856E-07         15      1.0000E+13         4.21377E-07               1.00000
  CH2        4.48346E-17     4.72709E-12           2.14995E-12         16      2.6131E+13         2.06930E-02               0.99991
  CO         7.40382E-08     7.80614E-03           1.53106E-03         17      1.0595E+10         2.46994E+02               1.00000
  CO2        2.37590E-09     2.50500E-04           5.71213E-06         18      6.8000E+13         1.62895E+01               1.00000
  NO         2.93048E-13     3.08972E-08           4.46192E-09         19      6.0423E+12         2.89693E+02               0.99997
  NO2        9.16352E-12     9.66146E-07          -3.89129E-09         20      9.5298E+12         1.68132E+02               1.00000
  N          2.89694E-16     3.05436E-11           5.15130E-12         21      4.4787E+13         1.94609E+04               1.00000
  N2         5.72198E-06     6.03291E-01          -9.37912E-15         22      3.0000E+13         1.53105E-01               1.00000
  CN         2.00898E-15     2.11815E-10          -4.43889E-11         23      2.0000E+13         2.77383E-01               1.00000
  HCN        5.45310E-13     5.74943E-08           2.41377E-09         24      3.0000E+13         3.77076E+00               1.00000
  NCO        7.25117E-13     7.64520E-08          -3.06317E-08         25      1.4505E+12         5.01111E+03               0.99997
  HNCO       7.84641E-12     8.27278E-07           2.61511E-08         26      2.1972E+11         7.27127E+01               0.99985
  NH         1.19613E-13     1.26113E-08           1.79916E-10         27      1.4532E+14         1.85227E-02               1.00000
  NH2        4.97875E-14     5.24929E-09           1.35558E-09         28      3.6799E+05         4.81256E-01               1.00000
  AR         6.82935E-08     7.20045E-03           0.00000E+00         29      4.9842E+11         3.34444E+02               0.99772
                                                                       30      9.8972E+11         1.63871E+00               0.91651
                                                                       31      4.9215E+12         2.09631E+02               0.95734
                                                                       32      4.2381E+12         3.19668E+00               0.48897
                                                                       33      2.1558E+15        -3.62161E+02               0.91609
                                                                       34      1.0903E+14         2.53429E-06               0.96370
                                                                       35      5.9824E+14         1.06462E-04               0.99901
                                                                       36      4.3639E+15         1.30328E-02               0.99996
                                                                       37      3.0780E+09         2.00376E-03               0.99999
                                                                       38      2.3285E+09         5.57801E-04               1.00000
                                                                       39      3.0780E+09         1.81597E-02               1.00000
                                                                       40      3.6839E+09         8.12175E-11               0.99686
                                                                       41      9.5636E+08         7.78095E-12               0.99974
                                                                       42      2.1131E+12         4.23480E-07               0.99987
                                                                       43      5.0614E+12         9.49263E-01               0.83102
                                                                       44      8.0559E+12         1.33989E-02               0.99996
                                                                       45      8.5598E+15        -3.80383E-03               0.99887
                                                                       46      2.1735E+14         9.82474E-01               1.00000
                                                                       47      9.2015E+11         4.70850E-03               1.00000
                                                                       48      1.7541E+02         1.48726E-07               0.81635
                                                                       49      4.0000E+13         5.18020E-05               0.99999
                                                                       50      8.7755E+12         2.26241E-03               0.99524
                                                                       51      3.7736E+13        -2.92359E-02               0.88671
                                                                       52      1.4487E+11         2.26754E-04               0.64205
                                                                       53      1.2000E+13         4.37590E-06               1.00000
                                                                       54      2.8366E+13         1.26446E-04               0.49634
                                                                       55      2.2265E+13         7.89201E-01               0.99885
                                                                       56      3.7000E+12        -7.91019E-01               0.99971
                                                                       57      2.0000E+13         2.63238E-03               1.00000
                                                                       58      1.0000E+13         2.72146E-08               1.00000
                                                                       59      2.0000E+13         7.15345E-03               0.99996
                                                                       60      3.8219E+12         3.56135E-01               0.99661
                                                                       61      4.5819E+12         1.75622E-02               0.99031
                                                                       62      9.0195E+12         4.82254E-03               0.99992
                                                                       63      9.4968E+13         2.78469E+03               1.00000
                                                                       64      6.9579E+12         2.04021E+02               1.00000
                                                                       65      1.0853E+13         1.17107E+02               0.99999
                                                                       66      7.9000E+12         2.09934E+03               1.00000
                                                                       67      7.4000E+12         4.36588E+01               1.00000
                                                                       68      8.1589E+08         6.25366E+00               1.00000
                                                                       69      3.0000E+13         1.48943E+04               0.99967
                                                                       70      5.2054E+12         3.33079E+02               0.98451
                                                                       71      7.7899E+06        -8.71486E+03               0.99977
                                                                       72      4.0321E+11         1.84186E+00               0.63697
                                                                       73      8.8429E+09         1.57973E+04               0.99999

    DERIVATIVES (CGS UNITS): T            0.14337E+07    RHO          0.00000E+00

    MIXTURE MOLECULAR WEIGHT     29.29231     TOTAL ENERGY EXCHANGE RATE   -1.63542E+09       MASS FRACTION SUM    1.00000012
                                                 (CAL-CM**3/GM**2/SEC)




 __________________________________________________________________


     COMPUTER TIME (CPU) REQUIRED: FOR THIS STEP -  0.000000E+00  S     UP TO THIS TIME -  0.000000E+00  S


1
                TIME   6.00000E-04  SEC              AREA   0.00000E+00  SQ CM              AXIAL POSITION   0.00000E+00  CM


                    FLOW PROPERTIES                                             INTEGRATION INDICATORS

                      PRESSURE                1.17333                             STEPS FROM LAST PRINT           11
                       (ATM)
                      VELOCITY                0.00                                AVERAGE STEP SIZE             0.37961E-05
                       (CM/SEC)
                      DENSITY            2.77826E-04                              TOTAL NUMBER OF STEPS               175
                       (GM/CM**3)
                      TEMPERATURE          1488.33
                       (DEG K)
                      MASS FLOW RATE     0.00000E+00
                       (GM/SEC)
                      ENTROPY                 2.2717                              FUNCT EVALUATIONS                   214
                       CAL/GM/DEG K)
                      MACH NUMBER             0.0000                              JACOBIAN EVALUATIONS                 32

                      GAMMA                   1.2060

                      ENTHALPY          -3.89329E+00
                       (CAL/GM)


                                                        CHEMICAL PROPERTIES


 SPECIES    CONCENTRATION   MOLE FRACTION   NET SPECIES PRODUCTION  REACTION   RATE CONST   NET REACTION CONV RATE   NET RATE/POSI-
            (MOLES/CM**3)                    RATE (MOLE/CM**3/SEC)   NUMBER    CGS  UNITS   (MOLE-CM**3/GM**2/SEC)    TIVE DIR RATE
  CH3OH      1.73256E-06     1.80335E-01          -5.26055E-03          1      5.7253E+06         1.06969E+03               0.86638
  CH3        3.59846E-09     3.74547E-04           1.27335E-04          2      1.3422E+06        -3.35432E+03               0.98900
  OH         8.75531E-10     9.11300E-05           2.94247E-05          3      2.0341E+12         3.99381E+04               0.99907
  O2         1.23880E-06     1.28941E-01          -4.89859E-03          4      7.3516E+11         1.05587E+03               0.99919
  CH2OH      2.45172E-08     2.55188E-03           6.44593E-04          5      3.0009E+12         9.91540E+03               0.98812
  HO2        8.21279E-08     8.54832E-03           5.97052E-04          6      8.3312E+11         2.78576E+03               0.99998
  H2O        4.09217E-07     4.25935E-02           9.18468E-03          7      7.2774E+09         5.87132E+02               0.99884
  O          6.40381E-11     6.66543E-06           3.38968E-06          8      8.9250E+09         1.61554E+04               0.98192
  H          1.48971E-10     1.55057E-05           6.51641E-06          9      1.3789E+09         4.20781E+03               0.99999
  H2         2.51277E-08     2.61542E-03           7.50894E-04         10      1.3151E+11         5.17388E+04               0.99987
  CH4        2.55648E-09     2.66093E-04           6.46025E-05         11      1.0702E+00        -1.69999E+02               0.99979
  H2O2       1.17111E-08     1.21895E-03          -2.33480E-04         12      2.2540E+12        -1.02976E+02               0.90253
  CH2O       9.36375E-08     9.74630E-03          -7.86587E-04         13      8.9142E+11         5.61468E-01               0.29696
  CH         1.16301E-19     1.21052E-14           2.37877E-14         14      3.9452E+12         2.25885E+01               0.19745
  HCO        9.10841E-11     9.48052E-06           3.98226E-06         15      1.0000E+13         1.86654E-05               1.00000
  CH2        6.59425E-16     6.86365E-11           6.03352E-11         16      2.8621E+13         3.02865E-01               0.99987
  CO         1.89100E-07     1.96826E-02           5.16212E-03         17      1.4951E+10         8.63441E+02               1.00000
  CO2        3.07118E-09     3.19665E-04           4.45078E-05         18      6.8000E+13         2.03010E+02               1.00000
  NO         7.15951E-13     7.45201E-08           2.37068E-08         19      6.5532E+12         1.18419E+03               0.99992
  NO2        8.76934E-12     9.12760E-07          -2.27226E-08         20      1.0664E+13         8.28404E+02               0.99999
  N          6.33140E-16     6.59007E-11           1.42038E-11         21      6.1663E+13         6.54934E+04               0.99999
  N2         5.72198E-06     5.95574E-01          -4.04983E-13         22      3.0000E+13         2.26702E+00               1.00000
  CN         3.29959E-16     3.43440E-11          -2.30123E-11         23      2.0000E+13         3.51584E+00               1.00000
  HCN        5.86916E-13     6.10894E-08          -9.46839E-10         24      3.0000E+13         3.09948E+01               1.00000
  NCO        4.59149E-14     4.77906E-09          -4.12992E-09         25      2.0823E+12         2.36062E+04               0.99994
  HNCO       8.34075E-12     8.68150E-07          -1.91638E-09         26      2.6750E+11         5.73663E+02               0.99980
  NH         1.09288E-13     1.13753E-08          -8.01892E-10         27      1.2996E+14         1.95891E-01               1.00000
  NH2        1.75985E-13     1.83175E-08           6.82041E-09         28      8.7039E+05         2.64155E+00               1.00000
  AR         6.82935E-08     7.10835E-03           0.00000E+00         29      7.5326E+11         1.79191E+03               0.99498
                                                                       30      1.3215E+12         2.56623E+01               0.93147
                                                                       31      5.7747E+12         1.51717E+03               0.92177
                                                                       32      4.3535E+12        -6.12020E+00               0.12400
                                                                       33      2.1035E+15        -2.29094E+03               0.93886
                                                                       34      1.0433E+14         5.17027E-05               0.97083
                                                                       35      5.5767E+14         1.53715E-03               0.99786
                                                                       36      3.7921E+15         1.38977E-01               0.99983
                                                                       37      6.0707E+09         4.21596E-02               0.99997
                                                                       38      4.5957E+09         1.37202E-02               1.00000
                                                                       39      6.0707E+09         2.47786E-01               1.00000
                                                                       40      7.3350E+09         9.26755E-09               0.99276
                                                                       41      1.8776E+09         1.02672E-09               0.99950
                                                                       42      2.5367E+12         1.89633E-05               0.99943
                                                                       43      5.3666E+12         3.53717E+00               0.86523
                                                                       44      8.1749E+12         5.94720E-02               0.99993
                                                                       45      8.3190E+15        -2.07786E-02               0.99772
                                                                       46      2.2165E+14         3.75130E+00               1.00000
                                                                       47      1.1511E+12         1.16969E-02               1.00000
                                                                       48      1.1444E+03         5.25053E-06               0.96647
                                                                       49      4.0000E+13         2.87252E-04               0.99995
                                                                       50      9.9974E+12         9.92946E-04               0.92463
                                                                       51      4.8308E+13         1.29865E-02               0.55208
                                                                       52      1.5520E+11         2.73230E-04               0.26444
                                                                       53      1.2000E+13         3.28499E-06               1.00000
                                                                       54      3.2877E+13         6.24302E-05               0.50736
                                                                       55      2.2820E+13         1.20544E-01               0.99752
                                                                       56      3.7000E+12        -1.21305E-01               0.99960
                                                                       57      2.0000E+13         7.61861E-04               1.00000
                                                                       58      1.0000E+13         3.76623E-09               1.00000
                                                                       59      2.0000E+13         1.77077E-03               0.99913
                                                                       60      4.7689E+12         6.32609E-02               0.88747
                                                                       61      5.6473E+12         8.83618E-02               0.97199
                                                                       62      9.8126E+12         1.21597E-02               0.99963
                                                                       63      9.7501E+13         1.54545E+04               1.00000
                                                                       64      7.1311E+12         1.13033E+03               1.00000
                                                                       65      1.1143E+13         7.59239E+02               0.99999
                                                                       66      7.9000E+12         7.35934E+03               0.99999
                                                                       67      7.4000E+12         3.02047E+02               1.00000
                                                                       68      1.2924E+09         3.45530E+01               1.00000
                                                                       69      3.0000E+13         4.38115E+04               0.99901
                                                                       70      5.4411E+12         6.85618E+02               0.94858
                                                                       71      2.2212E+07        -2.09810E+04               0.99980
                                                                       72      4.4271E+11         3.42893E+00               0.34268
                                                                       73      2.7079E+10         3.94722E+04               0.99999

    DERIVATIVES (CGS UNITS): T            0.43652E+07    RHO          0.00000E+00

    MIXTURE MOLECULAR WEIGHT     28.91763     TOTAL ENERGY EXCHANGE RATE   -5.01738E+09       MASS FRACTION SUM    1.00000000
                                                 (CAL-CM**3/GM**2/SEC)




 __________________________________________________________________


     COMPUTER TIME (CPU) REQUIRED: FOR THIS STEP -  0.000000E+00  S     UP TO THIS TIME -  0.000000E+00  S


1
                TIME   6.20000E-04  SEC              AREA   0.00000E+00  SQ CM              AXIAL POSITION   0.00000E+00  CM


                    FLOW PROPERTIES                                             INTEGRATION INDICATORS

                      PRESSURE                1.29939                             STEPS FROM LAST PRINT            5
                       (ATM)
                      VELOCITY                0.00                                AVERAGE STEP SIZE             0.35649E-05
                       (CM/SEC)
                      DENSITY            2.77826E-04                              TOTAL NUMBER OF STEPS               180
                       (GM/CM**3)
                      TEMPERATURE          1619.32
                       (DEG K)
                      MASS FLOW RATE     0.00000E+00
                       (GM/SEC)
                      ENTROPY                 2.3257                              FUNCT EVALUATIONS                   230
                       CAL/GM/DEG K)
                      MACH NUMBER             0.0000                              JACOBIAN EVALUATIONS                 34

                      GAMMA                   1.2068

                      ENTHALPY           7.09430E+00
                       (CAL/GM)


                                                        CHEMICAL PROPERTIES


 SPECIES    CONCENTRATION   MOLE FRACTION   NET SPECIES PRODUCTION  REACTION   RATE CONST   NET REACTION CONV RATE   NET RATE/POSI-
            (MOLES/CM**3)                    RATE (MOLE/CM**3/SEC)   NUMBER    CGS  UNITS   (MOLE-CM**3/GM**2/SEC)    TIVE DIR RATE
  CH3OH      1.57050E-06     1.60599E-01          -1.27092E-02          1      5.1051E+07         9.41588E+03               0.92698
  CH3        9.43488E-09     9.64807E-04           6.33158E-04          2      5.3998E+06        -7.97177E+03               0.98503
  OH         1.96748E-09     2.01194E-04           1.03359E-04          3      2.1485E+12         8.57681E+04               0.99722
  O2         1.10280E-06     1.12772E-01          -9.41823E-03          4      7.8289E+11         3.84795E+03               0.99878
  CH2OH      4.67007E-08     4.77560E-03           1.86944E-03          5      3.6341E+12         3.55269E+04               0.98010
  HO2        8.72979E-08     8.92705E-03          -4.52709E-04          6      9.6307E+11         9.60536E+03               0.99993
  H2O        6.89262E-07     7.04837E-02           2.10851E-02          7      9.5144E+09         1.82188E+03               0.99750
  O          2.41860E-10     2.47325E-05           2.00199E-05          8      1.5172E+10         2.66394E+04               0.98855
  H          4.90224E-10     5.01301E-05           4.31053E-05          9      3.0477E+09         1.80321E+04               1.00000
  H2         5.23662E-08     5.35495E-03           2.41099E-03         10      1.5496E+11         1.03381E+05               0.99989
  CH4        5.44131E-09     5.56427E-04           3.14052E-04         11      1.8397E+01        -1.43670E+03               0.99910
  H2O2       5.17449E-09     5.29142E-04          -3.73305E-04         12      3.1210E+12        -7.49802E+02               0.87424
  CH2O       6.58752E-08     6.73638E-03          -1.93541E-03         13      1.1465E+12         1.00535E+01               0.51433
  CH         4.95449E-18     5.06644E-13           1.59820E-12         14      4.6487E+12        -7.03634E+01               0.09839
  HCO        1.86198E-10     1.90406E-05           4.22753E-06         15      1.0000E+13         7.07862E-04               1.00000
  CH2        9.17426E-15     9.38157E-10           2.81880E-09         16      3.1669E+13         4.15043E+00               0.99986
  CO         3.45797E-07     3.53611E-02           1.15964E-02         17      2.1925E+10         2.95553E+03               1.00000
  CO2        5.20396E-09     5.32155E-04           2.27361E-04         18      6.8000E+13         2.01031E+03               1.00000
  NO         1.76077E-12     1.80055E-07           1.08755E-07         19      7.1721E+12         2.99998E+03               0.99977
  NO2        7.75175E-12     7.92691E-07          -1.06810E-07         20      1.2083E+13         2.49412E+03               0.99999
  N          1.05300E-15     1.07679E-10           3.21651E-11         21      8.7990E+13         1.47743E+05               0.99997
  N2         5.72198E-06     5.85128E-01          -1.26864E-11         22      3.0000E+13         1.75031E+01               1.00000
  CN         3.44596E-16     3.52382E-11           6.26588E-12         23      2.0000E+13         2.36512E+01               1.00000
  HCN        5.28391E-13     5.40330E-08          -5.88283E-09         24      3.0000E+13         1.42384E+02               1.00000
  NCO        2.57464E-14     2.63281E-09           7.14547E-10         25      3.1128E+12         7.34207E+04               0.99988
  HNCO       8.13859E-12     8.32249E-07          -2.20277E-08         26      3.3292E+11         2.93304E+03               0.99951
  NH         8.60207E-14     8.79644E-09          -1.57485E-09         27      1.1479E+14         1.21627E+00               1.00000
  NH2        4.52572E-13     4.62798E-08           2.68123E-08         28      2.2669E+06         1.11995E+01               1.00000
  AR         6.82935E-08     6.98367E-03           0.00000E+00         29      1.1923E+12         8.27194E+03               0.99058
                                                                       30      1.8341E+12         2.82567E+02               0.93892
                                                                       31      6.8982E+12         7.92339E+03               0.86052
                                                                       32      4.4856E+12        -2.88774E+02               0.56211
                                                                       33      2.0467E+15        -1.27991E+04               0.95846
                                                                       34      9.9355E+13         7.02084E-04               0.95350
                                                                       35      5.1256E+14         1.54939E-02               0.99283
                                                                       36      3.2034E+15         1.08815E+00               0.99900
                                                                       37      1.2973E+10         7.77286E-01               0.99992
                                                                       38      9.8291E+09         2.90582E-01               0.99999
                                                                       39      1.2973E+10         3.11981E+00               0.99999
                                                                       40      1.5844E+10         9.09070E-07               0.98474
                                                                       41      3.9879E+09         1.14532E-07               0.99907
                                                                       42      3.1178E+12         7.27544E-04               0.99787
                                                                       43      5.7275E+12         1.00970E+01               0.88525
                                                                       44      8.3092E+12         2.01795E-01               0.99984
                                                                       45      8.0593E+15        -1.27088E-01               0.99659
                                                                       46      2.2652E+14         1.11519E+01               1.00000
                                                                       47      1.4859E+12         2.23543E-02               1.00000
                                                                       48      9.2096E+03         1.64362E-04               0.99539
                                                                       49      4.0000E+13         1.07317E-03               0.99958
                                                                       50      1.1557E+13         2.25080E-03               0.83307
                                                                       51      6.3847E+13         7.98678E-02               0.75555
                                                                       52      1.6756E+11        -1.40200E-03               0.38319
                                                                       53      1.2000E+13         1.29571E-05               1.00000
                                                                       54      3.8740E+13         1.12932E-04               0.33189
                                                                       55      2.3452E+13         1.14737E-01               0.99371
                                                                       56      3.7000E+12        -1.17195E-01               0.99927
                                                                       57      2.0000E+13         1.61348E-03               1.00000
                                                                       58      1.0000E+13         3.51235E-09               1.00000
                                                                       59      2.0000E+13         3.26395E-03               0.99804
                                                                       60      6.0999E+12         6.33881E-02               0.59493
                                                                       61      7.1253E+12         3.47366E-01               0.94316
                                                                       62      1.0810E+13         2.36669E-02               0.99846
                                                                       63      1.0040E+14         5.56633E+04               1.00000
                                                                       64      7.3288E+12         4.06339E+03               1.00000
                                                                       65      1.1474E+13         3.13850E+03               0.99998
                                                                       66      7.9000E+12         1.75783E+04               0.99996
                                                                       67      7.4000E+12         1.77964E+03               1.00000
                                                                       68      2.1553E+09         1.27646E+02               1.00000
                                                                       69      3.0000E+13         7.95777E+04               0.99711
                                                                       70      5.7156E+12         5.71217E+02               0.75771
                                                                       71      7.1216E+07        -3.06957E+04               0.99983
                                                                       72      4.9120E+11        -1.18980E+01               0.42431
                                                                       73      9.3987E+10         6.16121E+04               0.99996

    DERIVATIVES (CGS UNITS): T            0.96227E+07    RHO          0.00000E+00

    MIXTURE MOLECULAR WEIGHT     28.41039     TOTAL ENERGY EXCHANGE RATE   -1.10965E+10       MASS FRACTION SUM    1.00000000
                                                 (CAL-CM**3/GM**2/SEC)




 __________________________________________________________________


     COMPUTER TIME (CPU) REQUIRED: FOR THIS STEP -  0.000000E+00  S     UP TO THIS TIME -  0.000000E+00  S


1
0(GCKP)     END OF THIS CASE



                                   TOTAL CPU TIME (INCLUDING I/O) REQUIRED =     0.000000 S



0(GCKP)     READ DATA FOR NEXT CASE
