 Thermodynamic Data File Name:
 thermo.inp                                                                     
                                          
 Case Input Data File Name:
 example_3.inp                                                                  
                                          
 Transport Data File Name:
 tranport.inp                                                                   
                                          
1                                                        **  DATA CARDS  **

                                     1         2         3         4         5         6         7         8
                        CC  12345678901234567890123456789012345678901234567890123456789012345678901234567890


                              GCKP86  HYD - AIR TEST WITH HEAT TRANSFER       FULL MECH  CASE 3             
                            CHANGE                                                                          
                                        2.0HO2      =   H2O2    +   O2          1.80E+12  0.        0.      
                                                            -  BLANK CARD  -
                            ADD                                                                             
                               OH      +   H2O2     =   H2O     +   HO2          1.0E+13   0.        1800.  
                               O       +   H2O2     =   OH      +   HO2          8.0E+13   0.        1000.  
                               H       +   H2O2     =   H2O     +   OH           3.2E+14   0.        9000.  
                                                            -  BLANK CARD  -
                            END                                                                             
                            DISTANCE  AREA      FPS                 H2                                      
                             &PROB   EXCHR = T, CX0= 2.15278, PRINT = 0.1, 0.2, 0.25, 0.5, NPRNTS=4, &END   
                                                            -  BLANK CARD  -
                             &START        P=2023.09, T=2806.2, MACH=5.0,                                   
                              FLAIR = .029163, SCC= 0, SCH= 2, SCOX= 0,   &END                              
                            END                                                                             
                            FINIS                                                                           
1



     *** THE FOLLOWING  5 ELEMENTS CONSIDERED FOR THIS PROBLEM ***

          AR    C     O     H     N   



     *** THE FOLLOWING 13 REACTING SPECIES CONSIDERED FOR THIS PROBLEM ***

          H         O2        OH        O         H2        H2O       HO2       H2O2      NO        NO2       N         N2      
          N2O     



     *** THE FOLLOWING  2 INERT SPECIES CONSIDERED FOR THIS PROBLEM ***

          CO2       AR      



                    *** THERMODYNAMIC DATA AND MOLECULAR WEIGHT ***



    H                           MWT =       1.00797
   0.25000000E+01   0.00000000E+00   0.00000000E+00   0.00000000E+00   0.00000000E+00   0.25474391E+05  -0.45989841E+00
   0.25000000E+01   0.00000000E+00   0.00000000E+00   0.00000000E+00   0.00000000E+00   0.25474391E+05  -0.45989841E+00


    O2                          MWT =      31.99879
   0.36122139E+01   0.74853166E-03  -0.19820646E-06   0.33749007E-10  -0.23907374E-14  -0.11978151E+04   0.36703308E+01
   0.37837136E+01  -0.30233634E-02   0.99492754E-05  -0.98189101E-08   0.33031826E-11  -0.10638107E+04   0.36416345E+01


    OH                          MWT =      17.00730
   0.28897815E+01   0.10005879E-02  -0.22048808E-06   0.20191288E-10  -0.39409830E-15   0.38857041E+04   0.55566425E+01
   0.38737299E+01  -0.13393773E-02   0.16348351E-05  -0.52133636E-09   0.41826975E-13   0.35802349E+04   0.34202406E+00


    O                           MWT =      15.99940
   0.25342960E+01  -0.12478170E-04  -0.12562724E-07   0.69029860E-11  -0.63797098E-15   0.29231107E+05   0.49628592E+01
   0.30309401E+01  -0.22525853E-02   0.39824540E-05  -0.32604921E-08   0.10152035E-11   0.29136525E+05   0.26099341E+01


    H2                          MWT =       2.01580
   0.30558124E+01   0.59740403E-03  -0.16747471E-08  -0.21247544E-10   0.25195486E-14  -0.86168475E+03  -0.17207073E+01
   0.29432328E+01   0.34815508E-02  -0.77713821E-05   0.74997493E-08  -0.25203379E-11  -0.97695410E+03  -0.18186136E+01


    H2O                         MWT =      18.01520
   0.26340654E+01   0.31121899E-02  -0.90278451E-06   0.12673054E-09  -0.69164734E-14  -0.29876258E+05   0.70823874E+01
   0.41675563E+01  -0.18106868E-02   0.59450877E-05  -0.48670872E-08   0.15284144E-11  -0.30289547E+05  -0.73087996E+00


    HO2                         MWT =      33.00669
   0.40173059E+01   0.22175882E-02  -0.57710173E-06   0.71372880E-10  -0.36458589E-14  -0.11412445E+04   0.37846050E+01
   0.35964103E+01   0.52500749E-03   0.75118346E-05  -0.95674952E-08   0.36597626E-11  -0.89333502E+03   0.66372671E+01


    H2O2                        MWT =      34.01460
   0.47928858E+01   0.36300865E-02  -0.11136435E-05   0.14868513E-09  -0.68958511E-14  -0.18132195E+05  -0.51306415E+00
   0.34546633E+01   0.55575930E-02   0.92103738E-06  -0.46279780E-08   0.21458200E-11  -0.17672328E+05   0.68402452E+01


    NO                          MWT =      30.00610
   0.31486542E+01   0.14151823E-02  -0.57574880E-06   0.10738529E-09  -0.73900203E-14   0.99610625E+04   0.69670935E+01
   0.42484932E+01  -0.48661106E-02   0.11634155E-04  -0.99768496E-08   0.30483949E-11   0.98418047E+04   0.21434822E+01


    NO2                         MWT =      46.00550
   0.45608468E+01   0.28067846E-02  -0.12387496E-05   0.26311570E-09  -0.19824815E-13   0.24359585E+04   0.16466891E+01
   0.35118804E+01   0.16557144E-02   0.82383958E-05  -0.11381848E-07   0.43480302E-11   0.29390818E+04   0.80948820E+01


    N                           MWT =      14.00670
   0.24370811E+01   0.13233886E-03  -0.90907754E-07   0.22864054E-10  -0.13762291E-14   0.56128586E+05   0.45211110E+01
   0.25000005E+01  -0.31078153E-08   0.83216099E-11  -0.94278282E-14   0.38108037E-17   0.56106977E+05   0.41806431E+01


    N2                          MWT =      28.01340
   0.28532898E+01   0.16022128E-02  -0.62936891E-06   0.11441022E-09  -0.78057466E-14  -0.89008093E+03   0.63964896E+01
   0.37044177E+01  -0.14218753E-02   0.28670393E-05  -0.12028885E-08  -0.13954677E-13  -0.10640795E+04   0.22336285E+01


    N2O                         MWT =      44.01280
   0.45880885E+01   0.31004590E-02  -0.12694424E-05   0.24067096E-09  -0.16925096E-13   0.81565674E+04  -0.93500918E+00
   0.23440037E+01   0.10658156E-01  -0.12001427E-04   0.78850517E-08  -0.22429331E-11   0.87332383E+04   0.10383250E+02


    CO2                         MWT =      44.00979
   0.44608040E+01   0.30981719E-02  -0.12392571E-05   0.22741325E-09  -0.15525955E-13  -0.48961441E+05  -0.98635983E+00
   0.24007797E+01   0.87350961E-02  -0.66070879E-05   0.20021862E-08   0.63274039E-15  -0.48377527E+05   0.96951456E+01


    AR                          MWT =      39.94800
   0.25000000E+01   0.00000000E+00   0.00000000E+00   0.00000000E+00   0.00000000E+00  -0.74537500E+03   0.43660007E+01
   0.25000000E+01   0.00000000E+00   0.00000000E+00   0.00000000E+00   0.00000000E+00  -0.74537500E+03   0.43660007E+01
1              DISTANCE-AREA VERSION
+                                                 GENERAL CHEMICAL KINETICS PROGRAM           NASA LEWIS RESEARCH CENTER


                            GCKP86  HYD - AIR TEST WITH HEAT TRANSFER       FULL MECH  CASE 3             


     REACTION                               REACTION                                          REACTION RATE VARIABLES
      NUMBER                                                                                  A                N         ACTIVATION
                                                                                                                            ENERGY
         1                         1*O2        =    1*OH                                  2.20000E+14         0.0000       16790.00
+                  1*H         +
+                                                               +    1*O       
         2                         1*H2        =    1*OH                                  1.80000E+10         1.0000        8900.00
+                  1*O         +
+                                                               +    1*H       
         3                         1*OH        =    1*H2O                                 5.20000E+13         0.0000        6500.00
+                  1*H2        +
+                                                               +    1*H       
         4                         2*OH        =    1*O                                   6.30000E+12         0.0000        1093.00
+                                                               +    1*H2O     
         5                         1*O2        =    1*HO2                                 1.50000E+15         0.0000       -1000.00
+                  1*H         +
+                                                               +      M       
         6                         2*O         =    1*O2                                  5.70000E+13         0.0000       -1788.00
+                                                               +      M       
         7                         2*H         =    1*H2                                  8.30000E+17        -1.0000           0.00
+                                                               +      M       
         8                         1*OH        =    1*H2O                                 8.40000E+21        -2.0000           0.00
+                  1*H         +
+                                                               +      M       
         9                         1*HO2       =    1*H2O                                 7.20000E+11         0.0000       18700.00
+                  1*H2        +
+                                                               +    1*OH      
        10                         1*H2O2      =    2*OH                                  1.30000E+17         0.0000       45500.00
+                    M         +
        11                         1*O2        =    2*OH                                  1.00000E+13         0.0000       43000.00
+                  1*H2        +
        12                         1*HO2       =    2*OH                                  2.50000E+14         0.0000        1900.00
+                  1*H         +
        13                         1*HO2       =    1*OH                                  5.00000E+13         0.0000        1000.00
+                  1*O         +
+                                                               +    1*O2      
        14                         1*HO2       =    1*H2O                                 5.00000E+13         0.0000        1000.00
+                  1*OH        +
+                                                               +    1*O2      
        15                         2*HO2       =    1*H2O2                                1.80000E+12         0.0000           0.00
+                                                               +    1*O2      
        16                         1*NO        =    1*NO2                                 1.20000E+13         0.0000        2380.00
+                  1*HO2       +
+                                                               +    1*OH      
        17                         1*NO2       =    1*NO                                  1.00000E+13         0.0000         596.00
+                  1*O         +
+                                                               +    1*O2      
        18                         1*O         =    1*NO2                                 5.62000E+15         0.0000       -1160.00
+                  1*NO        +
+                                                               +      M       
        19                         1*H         =    1*NO                                  2.90000E+14         0.0000         795.00
+                  1*NO2       +
+                                                               +    1*OH      
        20                         1*O2        =    1*NO                                  6.40000E+09         1.0000        6250.00
+                  1*N         +
+                                                               +    1*O       
        21                         1*N2        =    1*NO                                  1.80000E+14         0.0000       76250.00
+                  1*O         +
+                                                               +    1*N       
        22                         1*OH        =    1*NO                                  4.00000E+13         0.0000           0.00
+                  1*N         +
+                                                               +    1*H       
        23                         1*N2O       =    1*N2                                  1.42000E+14         0.0000       51280.00
+                    M         +
+                                                               +    1*O       
        24                         1*N2O       =    1*N2                                  6.23000E+13         0.0000       24520.00
+                  1*O         +
+                                                               +    1*O2      
        25                         1*N2O       =    2*NO                                  3.10000E+13         0.0000       21800.00
+                  1*O         +
        26                         2*NO2       =    2*NO                                  4.00000E+12         0.0000       26900.00
+                                                               +    1*O2      
        27                         1*NO2       =    2*NO                                  3.60000E+12         0.0000           0.00
+                  1*N         +
        28                         1*N2        =    1*N2O                                 3.20000E+12         0.0000       80280.00
+                  1*OH        +
+                                                               +    1*H       
        29                         1*H2O2      =    1*H2O                                 1.00000E+13         0.0000        1800.00
+                  1*OH        +
+                                                               +    1*HO2     
        30                         1*H2O2      =    1*OH                                  8.00000E+13         0.0000        1000.00
+                  1*O         +
+                                                               +    1*HO2     
        31                         1*H2O2      =    1*H2O                                 3.20000E+14         0.0000        9000.00
+                  1*H         +
+                                                               +    1*OH      



                                         ALL THIRD BODY RATIOS ARE 1.0 EXCEPT THE FOLLOWING


     M(H2      ,  5) =  5.00000
+                                    M(O2      ,  7) =  2.00000
+                                                                    M(H2      ,  8) =  4.00000
+                                                                                                    M(O2      , 10) =  0.78000
     M(O2      ,  5) =  2.00000
+                                    M(H2      ,  7) =  5.00000
+                                                                    M(N2      ,  8) =  1.60000
+                                                                                                    M(H2O     , 10) =  6.00000
     M(H2O     ,  5) = 32.50000
+                                    M(H2O     ,  7) = 15.00000
+                                                                    M(H2O     ,  8) = 20.00000
+                                                                                                    M(H2O2    , 10) =  6.60000
     M(N2      ,  5) =  2.00000
+                                    M(N2      ,  7) =  2.00000
+                                                                    M(O2      ,  8) =  1.60000
+                                                                                                    M(H2      , 10) =  2.30000



                                                        INTEGRATION CONTROLS

               MAXIMUM RELATIVE ERROR   5.00000E-03                    SPECIES ABSOLUTE ERROR   1.00000E-12
1                                                  ** ASSIGNED VARIABLE PROFILE **


                                        THE AREA IS CALCULATED FROM THE FOLLOWING POLYNOMIAL

                       AREA (FT**2) = ( 0.00000E+00)X**3 + ( 0.00000E+00)X**2 + ( 0.00000E+00)X + ( 2.15278E+00)



          AIR - FUEL COMBUSTION, EQUIVALENCE RATIO =    1.0001   FUEL - AIR RATIO =    0.0292   OXYGEN FRACTION IN AIR = 0.2095



                                             HEAT TRANSFER CASE   QDOT (CAL/CM-SEC) =
                    ( 0.00000E+00)T**4 + ( 0.00000E+00)T**3 +  0.00000E+00)T**2 + ( 5.86300E+00)T + (-4.28800E+01)



                                                  NUMBER OF REACTING SPECIES:   13

                                                     NUMBER OF INERT SPECIES:    2


                                        NUMBER OF SPECIES ODE'S REQUIRED FOR THIS CASE:   13

                                          TOTAL NUMBER OF ODE'S REQUIRED FOR THIS CASE:   16
1                                                    **  INITIAL CONDITIONS  **


                TIME   0.00000E+00  SEC              AREA   2.00000E+03  SQ CM              AXIAL POSITION   0.00000E+00  CM


                    FLOW PROPERTIES                                             INTEGRATION INDICATORS

                      PRESSURE                0.95600                             STEPS FROM LAST PRINT            0
                       (ATM)
                      VELOCITY           450950.62                                AVERAGE STEP SIZE             0.00000E+00
                       (CM/SEC)
                      DENSITY            1.56985E-04                              TOTAL NUMBER OF STEPS                 0
                       (GM/CM**3)
                      TEMPERATURE          1559.00
                       (DEG K)
                      MASS FLOW RATE     1.41584E+05
                       (GM/SEC)
                      ENTROPY                 2.6768                              FUNCT EVALUATIONS                     0
                       CAL/GM/DEG K)
                      MACH NUMBER             5.0000                              JACOBIAN EVALUATIONS                  0

                      GAMMA                   1.3183

                      ENTHALPY           4.54661E+02
                       (CAL/GM)


          HEAT LOSS(QDOT/MDOT) =    6.4255E-02  CAL/(G-CM)


                                                        CHEMICAL PROPERTIES


 SPECIES    CONCENTRATION   MOLE FRACTION   NET SPECIES PRODUCTION  REACTION   RATE CONST  NET ENERGY EXCHANGE RATE  NET RATE/POSI-
            (MOLES/CM**3)                    RATE (MOLE/CM**3/SEC)   NUMBER    CGS  UNITS    (CAL-CM**3/GM**2/SEC)    TIVE DIR RATE
  H          0.00000E+00     0.00000E+00           4.73664E-10          1      9.7432E+11         0.00000E+00               0.00000
  O2         1.10330E-06     1.47636E-01          -2.28275E-05          2      1.5866E+12         0.00000E+00               0.00000
  OH         0.00000E+00     0.00000E+00           4.56550E-05          3      6.3796E+12         0.00000E+00               0.00000
  O          0.00000E+00     0.00000E+00           1.23866E-12          4      4.4271E+12         0.00000E+00               0.00000
  H2         2.20677E-06     2.95295E-01          -2.28277E-05          5      2.0715E+15         0.00000E+00               0.00000
  H2O        0.00000E+00     0.00000E+00           0.00000E+00          6      1.0151E+14         2.40177E+00               1.00000
  HO2        0.00000E+00     0.00000E+00           0.00000E+00          7      5.3239E+14         1.00142E+03               1.00000
  H2O2       0.00000E+00     0.00000E+00           0.00000E+00          8      3.4561E+15         0.00000E+00               0.00000
  NO         0.00000E+00     0.00000E+00           0.00000E+00          9      1.7213E+09         0.00000E+00               0.00000
  NO2        0.00000E+00     0.00000E+00           0.00000E+00         10      5.4386E+10         0.00000E+00               0.00000
  N          0.00000E+00     0.00000E+00           0.00000E+00         11      9.3758E+06         1.72617E+07               1.00000
  N2         4.11238E-06     5.50290E-01          -2.44782E-13         12      1.3539E+14         0.00000E+00               0.00000
  N2O        0.00000E+00     0.00000E+00           2.44782E-13         13      3.6206E+13         0.00000E+00               0.00000
  CO2        1.57992E-09     2.11414E-04           0.00000E+00         14      3.6206E+13         0.00000E+00               0.00000
  AR         4.90824E-08     6.56787E-03           0.00000E+00         15      1.8000E+12         0.00000E+00               0.00000
                                                                       16      5.5659E+12         0.00000E+00               0.00000
                                                                       17      8.2499E+12         0.00000E+00               0.00000
                                                                       18      8.1724E+15         0.00000E+00               0.00000
                                                                       19      2.2436E+14         0.00000E+00               0.00000
                                                                       20      1.3270E+12         0.00000E+00               0.00000
                                                                       21      3.6821E+03         0.00000E+00               0.00000
                                                                       22      4.0000E+13         0.00000E+00               0.00000
                                                                       23      9.1951E+06         0.00000E+00               0.00000
                                                                       24      2.2758E+10         7.85239E-01               1.00000
                                                                       25      2.7246E+10         0.00000E+00               0.00000
                                                                       26      6.7774E+08         0.00000E+00               0.00000
                                                                       27      3.6000E+12         0.00000E+00               0.00000
                                                                       28      1.7825E+01         0.00000E+00               0.00000
                                                                       29      5.5933E+12         0.00000E+00               0.00000
                                                                       30      5.7930E+13         0.00000E+00               0.00000
                                                                       31      1.7518E+13         0.00000E+00               0.00000

    DERIVATIVES (CGS UNITS): T           -0.23790E+00    RHO         -0.74964E-09
+                                                                                     V            0.21534E+01

    MIXTURE MOLECULAR WEIGHT     21.00658     TOTAL ENERGY EXCHANGE RATE    1.72627E+07       MASS FRACTION SUM    1.00000000
                                                 (CAL-CM**3/GM**2/SEC)



                                   CPU TIME FOR INITIALIZATION OF GCKP86 =     0.000000 S


1
                TIME   6.75954E-06  SEC              AREA   2.00000E+03  SQ CM              AXIAL POSITION   3.04800E+00  CM


                    FLOW PROPERTIES                                             INTEGRATION INDICATORS

                      PRESSURE                0.97852                             STEPS FROM LAST PRINT           51
                       (ATM)
                      VELOCITY           450628.37                                AVERAGE STEP SIZE             0.60985E-01
                       (CM/SEC)
                      DENSITY            1.57097E-04                              TOTAL NUMBER OF STEPS                51
                       (GM/CM**3)
                      TEMPERATURE          1596.25
                       (DEG K)
                      MASS FLOW RATE     1.41584E+05
                       (GM/SEC)
                      ENTROPY                 2.7045                              FUNCT EVALUATIONS                    63
                       CAL/GM/DEG K)
                      MACH NUMBER             4.9443                              JACOBIAN EVALUATIONS                 12

                      GAMMA                   1.3162

                      ENTHALPY           4.57936E+02
                       (CAL/GM)


          HEAT LOSS(QDOT/MDOT) =    6.5798E-02  CAL/(G-CM)


                                                        CHEMICAL PROPERTIES


 SPECIES    CONCENTRATION   MOLE FRACTION   NET SPECIES PRODUCTION  REACTION   RATE CONST  NET ENERGY EXCHANGE RATE  NET RATE/POSI-
            (MOLES/CM**3)                    RATE (MOLE/CM**3/SEC)   NUMBER    CGS  UNITS    (CAL-CM**3/GM**2/SEC)    TIVE DIR RATE
  H          1.86121E-07     2.49137E-02           2.24377E-01          1      1.1057E+12         1.23594E+11               0.93193
  O2         9.48469E-07     1.26960E-01          -1.91074E-01          2      1.7371E+12         9.80172E+09               0.95231
  OH         2.48155E-08     3.32174E-03           3.16951E-02          3      6.6997E+12        -1.80646E+11               0.96092
  O          4.21397E-08     5.64072E-03           5.22282E-02          4      4.4637E+12        -3.39707E+08               0.18073
  H2         1.85915E-06     2.48861E-01          -4.26224E-01          5      2.0559E+15        -2.09724E+10               0.99976
  H2O        2.43557E-07     3.26019E-02           2.98171E-01          6      1.0016E+14        -6.41246E+06               1.00000
  HO2        3.57770E-10     4.78903E-05           1.99270E-05          7      5.1997E+14        -1.77820E+09               1.00000
  H2O2       4.19607E-12     5.61676E-07           7.07299E-06          8      3.2967E+15        -1.52354E+09               1.00000
  NO         1.08477E-15     1.45204E-10           1.91117E-09          9      1.9817E+09        -2.61577E+06               1.00000
  NO2        1.13481E-19     1.51903E-14           1.50394E-13         10      7.6617E+10        -6.64274E+07               0.90135
  N          2.89129E-16     3.87021E-11           4.56487E-10         11      1.2962E+07         1.72027E+07               0.99675
  N2         4.11532E-06     5.50867E-01          -4.95900E-08         12      1.3734E+14        -1.25867E+10               0.99999
  N2O        3.68630E-14     4.93439E-09           4.84061E-08         13      3.6480E+13        -1.13041E+09               0.99978
  CO2        1.58105E-09     2.11636E-04           0.00000E+00         14      3.6480E+13        -8.87144E+08               0.99982
  AR         4.91175E-08     6.57475E-03           0.00000E+00         15      1.8000E+12        -3.11565E+05               0.99386
                                                                       16      5.6666E+12        -4.26229E-01               0.99176
                                                                       17      8.2870E+12        -7.17609E-02               0.97336
                                                                       18      8.1013E+15        -8.20498E+00               0.99997
                                                                       19      2.2571E+14        -5.61944E+00               0.99819
                                                                       20      1.4242E+12        -5.00202E+02               1.00000
                                                                       21      6.5392E+03         3.45699E+03               1.00000
                                                                       22      4.0000E+13        -5.62564E+02               0.99998
                                                                       23      1.3530E+07        -8.59237E+04               0.99993
                                                                       24      2.7374E+10        -1.34717E+02               0.98900
                                                                       25      3.2109E+10        -7.16075E+01               1.00000
                                                                       26      8.2996E+08        -1.08208E-14               0.99891
                                                                       27      3.6000E+12        -3.71026E-10               1.00000
                                                                       28      3.2632E+01        -1.12247E+04               0.99925
                                                                       29      5.6696E+12        -7.90252E+05               0.97070
                                                                       30      5.8368E+13        -6.91799E+06               0.96424
                                                                       31      1.8746E+13        -4.03389E+07               1.00000

    DERIVATIVES (CGS UNITS): T            0.10879E+03    RHO          0.32728E-06
+                                                                                     V           -0.93880E+03

    MIXTURE MOLECULAR WEIGHT     21.02860     TOTAL ENERGY EXCHANGE RATE   -8.65753E+10       MASS FRACTION SUM    1.00000012
                                                 (CAL-CM**3/GM**2/SEC)




 __________________________________________________________________


     COMPUTER TIME (CPU) REQUIRED: FOR THIS STEP -  0.000000E+00  S     UP TO THIS TIME -  0.000000E+00  S


1
                TIME   1.35644E-05  SEC              AREA   2.00000E+03  SQ CM              AXIAL POSITION   6.09600E+00  CM


                    FLOW PROPERTIES                                             INTEGRATION INDICATORS

                      PRESSURE                1.32154                             STEPS FROM LAST PRINT           32
                       (ATM)
                      VELOCITY           445718.71                                AVERAGE STEP SIZE             0.97280E-01
                       (CM/SEC)
                      DENSITY            1.58827E-04                              TOTAL NUMBER OF STEPS                83
                       (GM/CM**3)
                      TEMPERATURE          2205.67
                       (DEG K)
                      MASS FLOW RATE     1.41584E+05
                       (GM/SEC)
                      ENTROPY                 2.7809                              FUNCT EVALUATIONS                   115
                       CAL/GM/DEG K)
                      MACH NUMBER             4.2801                              JACOBIAN EVALUATIONS                 21

                      GAMMA                   1.2863

                      ENTHALPY           5.10280E+02
                       (CAL/GM)


          HEAT LOSS(QDOT/MDOT) =    9.1034E-02  CAL/(G-CM)


                                                        CHEMICAL PROPERTIES


 SPECIES    CONCENTRATION   MOLE FRACTION   NET SPECIES PRODUCTION  REACTION   RATE CONST  NET ENERGY EXCHANGE RATE  NET RATE/POSI-
            (MOLES/CM**3)                    RATE (MOLE/CM**3/SEC)   NUMBER    CGS  UNITS    (CAL-CM**3/GM**2/SEC)    TIVE DIR RATE
  H          6.04876E-07     8.28397E-02          -3.79278E-02          1      4.7728E+12        -2.99392E+09               0.00666
  O2         2.32809E-07     3.18839E-02          -7.74143E-03          2      5.2114E+12         9.38297E+07               0.00247
  OH         2.38108E-07     3.26096E-02           9.43250E-03          3      1.1802E+13        -1.47956E+09               0.00182
  O          2.02805E-07     2.77748E-02          -7.51598E-03          4      4.9095E+12         1.21126E+08               0.00065
  H2         4.85471E-07     6.64867E-02           6.76496E-04          5      1.8844E+15        -2.97848E+10               0.99052
  H2O        1.32561E-06     1.81547E-01           1.35780E-02          6      8.5712E+13        -1.21509E+08               0.99976
  HO2        1.33905E-10     1.83387E-05          -6.35863E-06          7      3.7630E+14        -1.83063E+10               0.99976
  H2O2       3.56701E-11     4.88514E-06          -3.66548E-06          8      1.7266E+15        -4.29802E+10               0.99976
  NO         1.38242E-11     1.89327E-06           8.34539E-06          9      1.0103E+10        -1.24204E+06               0.97410
  NO2        1.19464E-15     1.63610E-10           7.86378E-10         10      4.0323E+12        -2.82353E+09               0.39989
  N          3.95437E-13     5.41564E-08           1.68964E-07         11      5.4869E+08        -1.92999E+05               0.00420
  N2         4.16064E-06     5.69813E-01          -4.29451E-06         12      1.6206E+14        -1.72157E+10               0.97405
  N2O        6.59881E-13     9.03728E-08           3.69432E-08         13      3.9800E+13        -2.11778E+09               0.97422
  CO2        1.59847E-09     2.18915E-04           0.00000E+00         14      3.9800E+13        -3.31344E+09               0.97421
  AR         4.96585E-08     6.80090E-03           0.00000E+00         15      1.8000E+12         2.76067E+04               0.39120
                                                                       16      6.9720E+12        -1.85342E+03               0.75115
                                                                       17      8.7286E+12        -3.45029E+03               0.89642
                                                                       18      7.3228E+15        -4.33945E+05               0.99766
                                                                       19      2.4189E+14        -1.80884E+05               0.89573
                                                                       20      3.3918E+12        -3.89464E+05               0.99541
                                                                       21      5.0119E+06         1.26120E+07               0.99996
                                                                       22      4.0000E+13        -7.18982E+06               0.99544
                                                                       23      1.1781E+09        -1.47987E+06               0.99395
                                                                       24      2.3169E+11        -9.32758E+04               0.95990
                                                                       25      2.1444E+11        -4.03071E+04               1.00000
                                                                       26      8.6429E+09        -5.76296E-07               0.97738
                                                                       27      3.6000E+12        -5.22374E-03               0.99952
                                                                       28      3.5528E+04        -2.06590E+06               0.95963
                                                                       29      6.6320E+12        -7.47988E+07               0.98430
                                                                       30      6.3680E+13        -3.08380E+08               0.98431
                                                                       31      4.1056E+13        -2.38687E+09               0.99959

    DERIVATIVES (CGS UNITS): T            0.13973E+03    RHO          0.38212E-06
+                                                                                     V           -0.10723E+04

    MIXTURE MOLECULAR WEIGHT     21.75190     TOTAL ENERGY EXCHANGE RATE   -1.23693E+11       MASS FRACTION SUM    1.00000036
                                                 (CAL-CM**3/GM**2/SEC)




 __________________________________________________________________


     COMPUTER TIME (CPU) REQUIRED: FOR THIS STEP -  0.000000E+00  S     UP TO THIS TIME -  0.000000E+00  S


1
                TIME   1.69892E-05  SEC              AREA   2.00000E+03  SQ CM              AXIAL POSITION   7.62000E+00  CM


                    FLOW PROPERTIES                                             INTEGRATION INDICATORS

                      PRESSURE                1.41845                             STEPS FROM LAST PRINT            4
                       (ATM)
                      VELOCITY           444331.84                                AVERAGE STEP SIZE             0.46156E+00
                       (CM/SEC)
                      DENSITY            1.59323E-04                              TOTAL NUMBER OF STEPS                87
                       (GM/CM**3)
                      TEMPERATURE          2388.41
                       (DEG K)
                      MASS FLOW RATE     1.41584E+05
                       (GM/SEC)
                      ENTROPY                 2.7887                              FUNCT EVALUATIONS                   120
                       CAL/GM/DEG K)
                      MACH NUMBER             4.1365                              JACOBIAN EVALUATIONS                 22

                      GAMMA                   1.2791

                      ENTHALPY           5.24879E+02
                       (CAL/GM)


          HEAT LOSS(QDOT/MDOT) =    9.8601E-02  CAL/(G-CM)


                                                        CHEMICAL PROPERTIES


 SPECIES    CONCENTRATION   MOLE FRACTION   NET SPECIES PRODUCTION  REACTION   RATE CONST  NET ENERGY EXCHANGE RATE  NET RATE/POSI-
            (MOLES/CM**3)                    RATE (MOLE/CM**3/SEC)   NUMBER    CGS  UNITS    (CAL-CM**3/GM**2/SEC)    TIVE DIR RATE
  H          5.00370E-07     6.91349E-02          -2.59101E-02          1      6.3983E+12        -2.15956E+09               0.00481
  O2         2.11301E-07     2.91950E-02          -5.57014E-03          2      6.5916E+12         1.06144E+08               0.00252
  OH         2.63318E-07     3.63819E-02           5.54382E-03          3      1.3220E+13        -1.72121E+09               0.00173
  O          1.79654E-07     2.48224E-02          -6.11965E-03          4      5.0041E+12         1.82833E+08               0.00079
  H2         4.84190E-07     6.68993E-02          -1.50826E-03          5      1.8518E+15        -2.20049E+10               0.97290
  H2O        1.37353E-06     1.89777E-01           1.16914E-02          6      8.3078E+13        -9.08626E+07               0.99781
  HO2        1.19315E-10     1.64854E-05          -3.55605E-06          7      3.4751E+14        -1.16856E+10               0.99779
  H2O2       2.49798E-11     3.45140E-06           1.78728E-06          8      1.4725E+15        -3.40199E+10               0.99780
  NO         7.26352E-11     1.00358E-05           2.82120E-05          9      1.4002E+10        -1.43355E+06               0.91848
  NO2        7.23998E-15     1.00033E-09           2.05898E-09         10      8.9227E+12        -1.86595E+09               0.22026
  N          1.23589E-12     1.70760E-07           3.18132E-07         11      1.1623E+09        -2.01017E+05               0.00230
  N2         4.17360E-06     5.76655E-01          -1.43162E-05         12      1.6753E+14        -1.22904E+10               0.91834
  N2O        8.06337E-13     1.11410E-07           5.01664E-08         13      4.0501E+13        -1.59420E+09               0.91873
  CO2        1.60346E-09     2.21546E-04           0.00000E+00         14      4.0501E+13        -3.11361E+09               0.91867
  AR         4.98136E-08     6.88261E-03           0.00000E+00         15      1.8000E+12         4.57467E+04               0.57438
                                                                       16      7.2678E+12        -7.39589E+03               0.61802
                                                                       17      8.8199E+12        -1.63352E+04               0.78724
                                                                       18      7.1760E+15        -1.93414E+06               0.98970
                                                                       19      2.4527E+14        -8.02070E+05               0.78622
                                                                       20      4.0962E+12        -1.31451E+06               0.98684
                                                                       21      1.8970E+07         4.21475E+07               0.99979
                                                                       22      4.0000E+13        -2.44840E+07               0.98691
                                                                       23      2.8837E+09        -1.70856E+06               0.98470
                                                                       24      3.5547E+11        -1.37404E+05               0.85677
                                                                       25      3.1374E+11        -6.34385E+04               1.00000
                                                                       26      1.3823E+10        -1.53032E-05               0.95158
                                                                       27      3.6000E+12        -9.80996E-02               0.99720
                                                                       28      1.4427E+05        -2.31423E+06               0.85608
                                                                       29      6.8437E+12        -5.82637E+07               0.96538
                                                                       30      6.4802E+13        -1.89752E+08               0.96541
                                                                       31      4.8041E+13        -1.60402E+09               0.99717

    DERIVATIVES (CGS UNITS): T            0.10304E+03    RHO          0.27724E-06
+                                                                                     V           -0.77319E+03

    MIXTURE MOLECULAR WEIGHT     22.01325     TOTAL ENERGY EXCHANGE RATE   -9.21015E+10       MASS FRACTION SUM    1.00000036
                                                 (CAL-CM**3/GM**2/SEC)




 __________________________________________________________________


     COMPUTER TIME (CPU) REQUIRED: FOR THIS STEP -  0.000000E+00  S     UP TO THIS TIME -  0.000000E+00  S


1
                TIME   3.42155E-05  SEC              AREA   2.00000E+03  SQ CM              AXIAL POSITION   1.52400E+01  CM


                    FLOW PROPERTIES                                             INTEGRATION INDICATORS

                      PRESSURE                1.64917                             STEPS FROM LAST PRINT            9
                       (ATM)
                      VELOCITY           441030.64                                AVERAGE STEP SIZE             0.80245E+00
                       (CM/SEC)
                      DENSITY            1.60516E-04                              TOTAL NUMBER OF STEPS                96
                       (GM/CM**3)
                      TEMPERATURE          2841.28
                       (DEG K)
                      MASS FLOW RATE     1.41585E+05
                       (GM/SEC)
                      ENTROPY                 2.7986                              FUNCT EVALUATIONS                   138
                       CAL/GM/DEG K)
                      MACH NUMBER             3.8460                              JACOBIAN EVALUATIONS                 24

                      GAMMA                   1.2632

                      ENTHALPY           5.58931E+02
                       (CAL/GM)


          HEAT LOSS(QDOT/MDOT) =    1.1735E-01  CAL/(G-CM)


                                                        CHEMICAL PROPERTIES


 SPECIES    CONCENTRATION   MOLE FRACTION   NET SPECIES PRODUCTION  REACTION   RATE CONST  NET ENERGY EXCHANGE RATE  NET RATE/POSI-
            (MOLES/CM**3)                    RATE (MOLE/CM**3/SEC)   NUMBER    CGS  UNITS    (CAL-CM**3/GM**2/SEC)    TIVE DIR RATE
  H          2.80516E-07     3.96566E-02          -6.17686E-03          1      1.1245E+13        -4.55389E+08               0.00139
  O2         1.59580E-07     2.25599E-02          -1.67755E-03          2      1.0573E+13         5.46809E+07               0.00142
  OH         2.90822E-07     4.11136E-02           8.85251E-05          3      1.6445E+13        -1.13107E+09               0.00092
  O          1.14070E-07     1.61262E-02          -2.07423E-03          4      5.1912E+12         1.43588E+08               0.00050
  H2         4.41025E-07     6.23479E-02          -2.06971E-03          5      1.7907E+15        -6.40100E+09               0.64953
  H2O        1.52965E-06     2.16247E-01           5.12098E-03          6      7.8236E+13        -2.62596E+07               0.78884
  HO2        1.22230E-10     1.72797E-05           1.63629E-07          7      2.9212E+14        -2.53673E+09               0.78825
  H2O2       8.05152E-12     1.13825E-06          -7.18540E-06          8      1.0405E+15        -1.24111E+10               0.78844
  NO         2.26322E-09     3.19953E-04           2.33651E-04          9      2.6238E+10        -1.06573E+06               0.39638
  NO2        4.15874E-13     5.87922E-08           3.69998E-08         10      4.1125E+13        -3.13699E+08               0.03029
  N          1.04879E-11     1.48268E-06           5.78566E-07         11      4.9256E+09         7.77482E+03               0.00003
  N2         4.20374E-06     5.94285E-01          -1.17282E-04         12      1.7856E+14        -3.19486E+09               0.39583
  N2O        2.73825E-12     3.87107E-07           1.48721E-07         13      4.1884E+13        -4.56146E+08               0.39667
  CO2        1.61546E-09     2.28378E-04           0.00000E+00         14      4.1884E+13        -1.54860E+09               0.39637
  AR         5.01865E-08     7.09488E-03           0.00000E+00         15      1.8000E+12         2.35404E+04               0.40179
                                                                       16      7.8725E+12        -5.43053E+04               0.13322
                                                                       17      8.9982E+12        -2.31194E+05               0.30394
                                                                       18      6.9018E+15        -2.49435E+07               0.69664
                                                                       19      2.5191E+14        -1.00712E+07               0.30297
                                                                       20      6.0110E+12        -1.08715E+07               0.88086
                                                                       21      2.4556E+08         3.41429E+08               0.99302
                                                                       22      4.0000E+13        -2.01824E+08               0.88103
                                                                       23      1.6138E+10        -1.42834E+06               0.74616
                                                                       24      8.0988E+11        -1.30501E+05               0.16813
                                                                       25      6.5240E+11        -2.80036E+05               0.99931
                                                                       26      3.4113E+10        -8.08697E-03               0.56417
                                                                       27      3.6000E+12        -4.33254E+01               0.91707
                                                                       28      2.1382E+06        -1.26669E+06               0.16697
                                                                       29      7.2702E+12        -1.43662E+07               0.63890
                                                                       30      6.7015E+13        -2.61915E+07               0.63908
                                                                       31      6.4994E+13        -3.02895E+08               0.78183

    DERIVATIVES (CGS UNITS): T            0.31072E+02    RHO          0.79832E-07
+                                                                                     V           -0.21935E+03

    MIXTURE MOLECULAR WEIGHT     22.69219     TOTAL ENERGY EXCHANGE RATE   -2.85307E+10       MASS FRACTION SUM    1.00000024
                                                 (CAL-CM**3/GM**2/SEC)




 __________________________________________________________________


     COMPUTER TIME (CPU) REQUIRED: FOR THIS STEP -  0.000000E+00  S     UP TO THIS TIME -  0.000000E+00  S


1
0(GCKP)     END OF THIS CASE



                                   TOTAL CPU TIME (INCLUDING I/O) REQUIRED =     0.000000 S



0(GCKP)     READ DATA FOR NEXT CASE
